{"/mnt/c/users/jhobb/towtrace/frontend/towtrace-dashboard-new/src/app/layout.tsx": {"path":"/mnt/c/users/jhobb/towtrace/frontend/towtrace-dashboard-new/src/app/layout.tsx","statementMap":{"0":{"start":{"line":11,"column":24},"end":{"line":11,"column":35}},"1":{"start":{"line":6,"column":13},"end":{"line":6,"column":21}},"2":{"start":{"line":1,"column":7},"end":{"line":1,"column":null}},"3":{"start":{"line":4,"column":26},"end":{"line":4,"column":null}},"4":{"start":{"line":6,"column":34},"end":{"line":9,"column":null}}},"fnMap":{"0":{"name":"RootLayout","decl":{"start":{"line":11,"column":24},"end":{"line":11,"column":35}},"loc":{"start":{"line":15,"column":1},"end":{"line":25,"column":1}}}},"branchMap":{},"s":{"0":0,"1":0,"2":0,"3":0,"4":0},"f":{"0":0},"b":{}}
,"/mnt/c/users/jhobb/towtrace/frontend/towtrace-dashboard-new/src/app/page.tsx": {"path":"/mnt/c/users/jhobb/towtrace/frontend/towtrace-dashboard-new/src/app/page.tsx","statementMap":{"0":{"start":{"line":4,"column":24},"end":{"line":4,"column":null}},"1":{"start":{"line":1,"column":17},"end":{"line":1,"column":null}},"2":{"start":{"line":2,"column":18},"end":{"line":2,"column":null}}},"fnMap":{"0":{"name":"Home","decl":{"start":{"line":4,"column":24},"end":{"line":4,"column":null}},"loc":{"start":{"line":4,"column":24},"end":{"line":534,"column":null}}}},"branchMap":{},"s":{"0":0,"1":0,"2":0},"f":{"0":0},"b":{}}
,"/mnt/c/users/jhobb/towtrace/frontend/towtrace-dashboard-new/src/app/providers.tsx": {"path":"/mnt/c/users/jhobb/towtrace/frontend/towtrace-dashboard-new/src/app/providers.tsx","statementMap":{"0":{"start":{"line":11,"column":16},"end":{"line":11,"column":26}},"1":{"start":{"line":4,"column":29},"end":{"line":4,"column":null}},"2":{"start":{"line":5,"column":37},"end":{"line":5,"column":null}}},"fnMap":{"0":{"name":"Providers","decl":{"start":{"line":11,"column":16},"end":{"line":11,"column":26}},"loc":{"start":{"line":11,"column":54},"end":{"line":19,"column":null}}}},"branchMap":{},"s":{"0":0,"1":0,"2":0},"f":{"0":0},"b":{}}
,"/mnt/c/users/jhobb/towtrace/frontend/towtrace-dashboard-new/src/app/context/auth-context.tsx": {"path":"/mnt/c/users/jhobb/towtrace/frontend/towtrace-dashboard-new/src/app/context/auth-context.tsx","statementMap":{"0":{"start":{"line":182,"column":16},"end":{"line":182,"column":28}},"1":{"start":{"line":102,"column":13},"end":{"line":102,"column":20}},"2":{"start":{"line":3,"column":74},"end":{"line":3,"column":null}},"3":{"start":{"line":11,"column":7},"end":{"line":11,"column":null}},"4":{"start":{"line":16,"column":7},"end":{"line":16,"column":null}},"5":{"start":{"line":75,"column":20},"end":{"line":83,"column":null}},"6":{"start":{"line":102,"column":23},"end":{"line":102,"column":null}},"7":{"start":{"line":102,"column":29},"end":{"line":102,"column":null}},"8":{"start":{"line":105,"column":24},"end":{"line":125,"column":null}},"9":{"start":{"line":128,"column":26},"end":{"line":169,"column":null}},"10":{"start":{"line":183,"column":26},"end":{"line":183,"column":null}},"11":{"start":{"line":184,"column":36},"end":{"line":184,"column":null}},"12":{"start":{"line":189,"column":2},"end":{"line":212,"column":null}},"13":{"start":{"line":190,"column":22},"end":{"line":209,"column":null}},"14":{"start":{"line":191,"column":6},"end":{"line":208,"column":null}},"15":{"start":{"line":193,"column":27},"end":{"line":193,"column":null}},"16":{"start":{"line":195,"column":8},"end":{"line":201,"column":null}},"17":{"start":{"line":196,"column":10},"end":{"line":196,"column":null}},"18":{"start":{"line":199,"column":10},"end":{"line":199,"column":null}},"19":{"start":{"line":200,"column":10},"end":{"line":200,"column":null}},"20":{"start":{"line":203,"column":8},"end":{"line":203,"column":null}},"21":{"start":{"line":205,"column":8},"end":{"line":205,"column":null}},"22":{"start":{"line":206,"column":8},"end":{"line":206,"column":null}},"23":{"start":{"line":207,"column":8},"end":{"line":207,"column":null}},"24":{"start":{"line":211,"column":4},"end":{"line":211,"column":null}},"25":{"start":{"line":219,"column":28},"end":{"line":257,"column":null}},"26":{"start":{"line":220,"column":4},"end":{"line":220,"column":null}},"27":{"start":{"line":221,"column":4},"end":{"line":256,"column":null}},"28":{"start":{"line":222,"column":6},"end":{"line":224,"column":null}},"29":{"start":{"line":223,"column":8},"end":{"line":223,"column":null}},"30":{"start":{"line":227,"column":24},"end":{"line":227,"column":null}},"31":{"start":{"line":230,"column":6},"end":{"line":244,"column":null}},"32":{"start":{"line":232,"column":8},"end":{"line":232,"column":null}},"33":{"start":{"line":235,"column":8},"end":{"line":243,"column":null}},"34":{"start":{"line":236,"column":10},"end":{"line":236,"column":null}},"35":{"start":{"line":239,"column":33},"end":{"line":239,"column":null}},"36":{"start":{"line":240,"column":10},"end":{"line":242,"column":null}},"37":{"start":{"line":241,"column":12},"end":{"line":241,"column":null}},"38":{"start":{"line":247,"column":6},"end":{"line":247,"column":null}},"39":{"start":{"line":248,"column":6},"end":{"line":248,"column":null}},"40":{"start":{"line":250,"column":6},"end":{"line":250,"column":null}},"41":{"start":{"line":252,"column":6},"end":{"line":252,"column":null}},"42":{"start":{"line":253,"column":6},"end":{"line":253,"column":null}},"43":{"start":{"line":255,"column":6},"end":{"line":255,"column":null}},"44":{"start":{"line":265,"column":17},"end":{"line":280,"column":null}},"45":{"start":{"line":266,"column":4},"end":{"line":266,"column":null}},"46":{"start":{"line":267,"column":4},"end":{"line":279,"column":null}},"47":{"start":{"line":269,"column":22},"end":{"line":269,"column":null}},"48":{"start":{"line":272,"column":6},"end":{"line":272,"column":null}},"49":{"start":{"line":273,"column":6},"end":{"line":273,"column":null}},"50":{"start":{"line":275,"column":6},"end":{"line":275,"column":null}},"51":{"start":{"line":276,"column":6},"end":{"line":276,"column":null}},"52":{"start":{"line":278,"column":6},"end":{"line":278,"column":null}},"53":{"start":{"line":288,"column":16},"end":{"line":309,"column":null}},"54":{"start":{"line":289,"column":4},"end":{"line":289,"column":null}},"55":{"start":{"line":290,"column":4},"end":{"line":308,"column":null}},"56":{"start":{"line":292,"column":24},"end":{"line":295,"column":null}},"57":{"start":{"line":298,"column":27},"end":{"line":298,"column":null}},"58":{"start":{"line":301,"column":6},"end":{"line":301,"column":null}},"59":{"start":{"line":302,"column":6},"end":{"line":302,"column":null}},"60":{"start":{"line":304,"column":6},"end":{"line":304,"column":null}},"61":{"start":{"line":305,"column":6},"end":{"line":305,"column":null}},"62":{"start":{"line":307,"column":6},"end":{"line":307,"column":null}},"63":{"start":{"line":314,"column":17},"end":{"line":328,"column":null}},"64":{"start":{"line":315,"column":4},"end":{"line":315,"column":null}},"65":{"start":{"line":316,"column":4},"end":{"line":327,"column":null}},"66":{"start":{"line":318,"column":6},"end":{"line":318,"column":null}},"67":{"start":{"line":318,"column":35},"end":{"line":318,"column":null}},"68":{"start":{"line":321,"column":6},"end":{"line":321,"column":null}},"69":{"start":{"line":322,"column":6},"end":{"line":322,"column":null}},"70":{"start":{"line":324,"column":6},"end":{"line":324,"column":null}},"71":{"start":{"line":326,"column":6},"end":{"line":326,"column":null}}},"fnMap":{"0":{"name":"(anonymous_3)","decl":{"start":{"line":79,"column":9},"end":{"line":79,"column":22}},"loc":{"start":{"line":79,"column":9},"end":{"line":79,"column":null}}},"1":{"name":"(anonymous_4)","decl":{"start":{"line":80,"column":10},"end":{"line":80,"column":23}},"loc":{"start":{"line":80,"column":10},"end":{"line":80,"column":null}}},"2":{"name":"(anonymous_5)","decl":{"start":{"line":81,"column":10},"end":{"line":81,"column":23}},"loc":{"start":{"line":81,"column":10},"end":{"line":81,"column":null}}},"3":{"name":"(anonymous_6)","decl":{"start":{"line":82,"column":21},"end":{"line":82,"column":34}},"loc":{"start":{"line":82,"column":21},"end":{"line":82,"column":null}}},"4":{"name":"(anonymous_7)","decl":{"start":{"line":102,"column":23},"end":{"line":102,"column":29}},"loc":{"start":{"line":102,"column":29},"end":{"line":102,"column":null}}},"5":{"name":"AuthProvider","decl":{"start":{"line":182,"column":16},"end":{"line":182,"column":28}},"loc":{"start":{"line":182,"column":66},"end":{"line":345,"column":null}}},"6":{"name":"(anonymous_9)","decl":{"start":{"line":189,"column":12},"end":{"line":189,"column":null}},"loc":{"start":{"line":189,"column":12},"end":{"line":212,"column":5}}},"7":{"name":"(anonymous_10)","decl":{"start":{"line":190,"column":22},"end":{"line":190,"column":null}},"loc":{"start":{"line":190,"column":22},"end":{"line":209,"column":null}}},"8":{"name":"(anonymous_11)","decl":{"start":{"line":219,"column":28},"end":{"line":219,"column":35}},"loc":{"start":{"line":219,"column":35},"end":{"line":257,"column":null}}},"9":{"name":"(anonymous_12)","decl":{"start":{"line":265,"column":17},"end":{"line":265,"column":24}},"loc":{"start":{"line":265,"column":49},"end":{"line":280,"column":null}}},"10":{"name":"(anonymous_13)","decl":{"start":{"line":288,"column":16},"end":{"line":288,"column":23}},"loc":{"start":{"line":288,"column":38},"end":{"line":309,"column":null}}},"11":{"name":"(anonymous_14)","decl":{"start":{"line":314,"column":17},"end":{"line":314,"column":null}},"loc":{"start":{"line":314,"column":17},"end":{"line":328,"column":null}}},"12":{"name":"(anonymous_15)","decl":{"start":{"line":318,"column":24},"end":{"line":318,"column":35}},"loc":{"start":{"line":318,"column":35},"end":{"line":318,"column":null}}}},"branchMap":{"0":{"loc":{"start":{"line":195,"column":8},"end":{"line":201,"column":null}},"type":"if","locations":[{"start":{"line":195,"column":8},"end":{"line":201,"column":null}},{"start":{"line":197,"column":15},"end":{"line":201,"column":null}}]},"1":{"loc":{"start":{"line":222,"column":6},"end":{"line":224,"column":null}},"type":"if","locations":[{"start":{"line":222,"column":6},"end":{"line":224,"column":null}}]},"2":{"loc":{"start":{"line":230,"column":6},"end":{"line":244,"column":null}},"type":"if","locations":[{"start":{"line":230,"column":6},"end":{"line":244,"column":null}}]},"3":{"loc":{"start":{"line":235,"column":8},"end":{"line":243,"column":null}},"type":"if","locations":[{"start":{"line":235,"column":8},"end":{"line":243,"column":null}}]},"4":{"loc":{"start":{"line":235,"column":12},"end":{"line":235,"column":69}},"type":"binary-expr","locations":[{"start":{"line":235,"column":12},"end":{"line":235,"column":34}},{"start":{"line":235,"column":38},"end":{"line":235,"column":69}}]},"5":{"loc":{"start":{"line":240,"column":10},"end":{"line":242,"column":null}},"type":"if","locations":[{"start":{"line":240,"column":10},"end":{"line":242,"column":null}}]}},"s":{"0":7,"1":24,"2":1,"3":1,"4":1,"5":1,"6":1,"7":24,"8":1,"9":1,"10":24,"11":24,"12":24,"13":7,"14":7,"15":7,"16":7,"17":4,"18":3,"19":3,"20":7,"21":0,"22":0,"23":0,"24":7,"25":24,"26":2,"27":2,"28":2,"29":0,"30":2,"31":2,"32":0,"33":0,"34":0,"35":0,"36":0,"37":0,"38":2,"39":2,"40":2,"41":0,"42":0,"43":2,"44":24,"45":1,"46":1,"47":1,"48":1,"49":1,"50":0,"51":0,"52":1,"53":24,"54":1,"55":1,"56":1,"57":1,"58":1,"59":1,"60":0,"61":0,"62":1,"63":24,"64":1,"65":1,"66":1,"67":1,"68":1,"69":1,"70":0,"71":1},"f":{"0":0,"1":0,"2":0,"3":0,"4":24,"5":24,"6":7,"7":7,"8":2,"9":1,"10":1,"11":1,"12":1},"b":{"0":[4,3],"1":[0],"2":[0],"3":[0],"4":[0,0],"5":[0]}}
,"/mnt/c/users/jhobb/towtrace/frontend/towtrace-dashboard-new/src/app/context/notification-context.tsx": {"path":"/mnt/c/users/jhobb/towtrace/frontend/towtrace-dashboard-new/src/app/context/notification-context.tsx","statementMap":{"0":{"start":{"line":18,"column":13},"end":{"line":18,"column":33}},"1":{"start":{"line":161,"column":13},"end":{"line":161,"column":29}},"2":{"start":{"line":3,"column":83},"end":{"line":3,"column":null}},"3":{"start":{"line":5,"column":24},"end":{"line":5,"column":null}},"4":{"start":{"line":16,"column":28},"end":{"line":16,"column":null}},"5":{"start":{"line":18,"column":77},"end":{"line":159,"column":null}},"6":{"start":{"line":19,"column":44},"end":{"line":19,"column":null}},"7":{"start":{"line":20,"column":37},"end":{"line":20,"column":null}},"8":{"start":{"line":21,"column":22},"end":{"line":21,"column":65}},"9":{"start":{"line":21,"column":48},"end":{"line":21,"column":57}},"10":{"start":{"line":24,"column":28},"end":{"line":44,"column":null}},"11":{"start":{"line":25,"column":4},"end":{"line":25,"column":null}},"12":{"start":{"line":25,"column":36},"end":{"line":25,"column":null}},"13":{"start":{"line":27,"column":4},"end":{"line":43,"column":null}},"14":{"start":{"line":28,"column":23},"end":{"line":33,"column":null}},"15":{"start":{"line":35,"column":6},"end":{"line":37,"column":null}},"16":{"start":{"line":36,"column":8},"end":{"line":36,"column":null}},"17":{"start":{"line":39,"column":19},"end":{"line":39,"column":null}},"18":{"start":{"line":40,"column":6},"end":{"line":40,"column":null}},"19":{"start":{"line":42,"column":6},"end":{"line":42,"column":null}},"20":{"start":{"line":47,"column":21},"end":{"line":74,"column":null}},"21":{"start":{"line":48,"column":4},"end":{"line":48,"column":null}},"22":{"start":{"line":48,"column":36},"end":{"line":48,"column":null}},"23":{"start":{"line":50,"column":4},"end":{"line":73,"column":null}},"24":{"start":{"line":51,"column":23},"end":{"line":57,"column":null}},"25":{"start":{"line":59,"column":6},"end":{"line":61,"column":null}},"26":{"start":{"line":60,"column":8},"end":{"line":60,"column":null}},"27":{"start":{"line":64,"column":6},"end":{"line":68,"column":null}},"28":{"start":{"line":65,"column":8},"end":{"line":68,"column":null}},"29":{"start":{"line":66,"column":10},"end":{"line":68,"column":null}},"30":{"start":{"line":72,"column":6},"end":{"line":72,"column":null}},"31":{"start":{"line":77,"column":24},"end":{"line":100,"column":null}},"32":{"start":{"line":78,"column":4},"end":{"line":78,"column":null}},"33":{"start":{"line":78,"column":36},"end":{"line":78,"column":null}},"34":{"start":{"line":80,"column":4},"end":{"line":99,"column":null}},"35":{"start":{"line":81,"column":23},"end":{"line":87,"column":null}},"36":{"start":{"line":89,"column":6},"end":{"line":91,"column":null}},"37":{"start":{"line":90,"column":8},"end":{"line":90,"column":null}},"38":{"start":{"line":94,"column":6},"end":{"line":95,"column":null}},"39":{"start":{"line":95,"column":8},"end":{"line":95,"column":null}},"40":{"start":{"line":95,"column":34},"end":{"line":95,"column":null}},"41":{"start":{"line":98,"column":6},"end":{"line":98,"column":null}},"42":{"start":{"line":103,"column":31},"end":{"line":125,"column":null}},"43":{"start":{"line":104,"column":4},"end":{"line":104,"column":null}},"44":{"start":{"line":104,"column":36},"end":{"line":104,"column":null}},"45":{"start":{"line":106,"column":4},"end":{"line":124,"column":null}},"46":{"start":{"line":107,"column":23},"end":{"line":114,"column":null}},"47":{"start":{"line":116,"column":6},"end":{"line":118,"column":null}},"48":{"start":{"line":117,"column":8},"end":{"line":117,"column":null}},"49":{"start":{"line":120,"column":6},"end":{"line":120,"column":null}},"50":{"start":{"line":122,"column":6},"end":{"line":122,"column":null}},"51":{"start":{"line":123,"column":6},"end":{"line":123,"column":null}},"52":{"start":{"line":128,"column":2},"end":{"line":132,"column":null}},"53":{"start":{"line":129,"column":4},"end":{"line":131,"column":null}},"54":{"start":{"line":130,"column":6},"end":{"line":130,"column":null}},"55":{"start":{"line":135,"column":2},"end":{"line":143,"column":null}},"56":{"start":{"line":136,"column":4},"end":{"line":136,"column":null}},"57":{"start":{"line":136,"column":26},"end":{"line":136,"column":null}},"58":{"start":{"line":138,"column":23},"end":{"line":140,"column":15}},"59":{"start":{"line":139,"column":6},"end":{"line":139,"column":null}},"60":{"start":{"line":142,"column":4},"end":{"line":142,"column":null}},"61":{"start":{"line":142,"column":17},"end":{"line":142,"column":null}},"62":{"start":{"line":145,"column":16},"end":{"line":152,"column":null}},"63":{"start":{"line":161,"column":32},"end":{"line":167,"column":null}},"64":{"start":{"line":162,"column":18},"end":{"line":162,"column":null}},"65":{"start":{"line":163,"column":2},"end":{"line":165,"column":null}},"66":{"start":{"line":164,"column":4},"end":{"line":164,"column":null}},"67":{"start":{"line":166,"column":2},"end":{"line":166,"column":null}}},"fnMap":{"0":{"name":"(anonymous_6)","decl":{"start":{"line":18,"column":77},"end":{"line":18,"column":78}},"loc":{"start":{"line":18,"column":90},"end":{"line":159,"column":null}}},"1":{"name":"(anonymous_7)","decl":{"start":{"line":21,"column":43},"end":{"line":21,"column":48}},"loc":{"start":{"line":21,"column":48},"end":{"line":21,"column":57}}},"2":{"name":"(anonymous_8)","decl":{"start":{"line":24,"column":40},"end":{"line":24,"column":null}},"loc":{"start":{"line":24,"column":40},"end":{"line":44,"column":5}}},"3":{"name":"(anonymous_9)","decl":{"start":{"line":47,"column":33},"end":{"line":47,"column":40}},"loc":{"start":{"line":47,"column":40},"end":{"line":74,"column":5}}},"4":{"name":"(anonymous_10)","decl":{"start":{"line":64,"column":23},"end":{"line":64,"column":null}},"loc":{"start":{"line":65,"column":8},"end":{"line":68,"column":null}}},"5":{"name":"(anonymous_11)","decl":{"start":{"line":65,"column":17},"end":{"line":65,"column":null}},"loc":{"start":{"line":66,"column":10},"end":{"line":68,"column":null}}},"6":{"name":"(anonymous_12)","decl":{"start":{"line":77,"column":36},"end":{"line":77,"column":null}},"loc":{"start":{"line":77,"column":36},"end":{"line":100,"column":5}}},"7":{"name":"(anonymous_13)","decl":{"start":{"line":94,"column":23},"end":{"line":94,"column":null}},"loc":{"start":{"line":95,"column":8},"end":{"line":95,"column":null}}},"8":{"name":"(anonymous_14)","decl":{"start":{"line":95,"column":17},"end":{"line":95,"column":34}},"loc":{"start":{"line":95,"column":34},"end":{"line":95,"column":null}}},"9":{"name":"(anonymous_15)","decl":{"start":{"line":103,"column":43},"end":{"line":103,"column":50}},"loc":{"start":{"line":103,"column":50},"end":{"line":125,"column":5}}},"10":{"name":"(anonymous_16)","decl":{"start":{"line":128,"column":12},"end":{"line":128,"column":null}},"loc":{"start":{"line":128,"column":12},"end":{"line":132,"column":5}}},"11":{"name":"(anonymous_17)","decl":{"start":{"line":135,"column":12},"end":{"line":135,"column":null}},"loc":{"start":{"line":135,"column":12},"end":{"line":143,"column":5}}},"12":{"name":"(anonymous_18)","decl":{"start":{"line":138,"column":35},"end":{"line":138,"column":null}},"loc":{"start":{"line":138,"column":35},"end":{"line":140,"column":7}}},"13":{"name":"(anonymous_19)","decl":{"start":{"line":142,"column":11},"end":{"line":142,"column":17}},"loc":{"start":{"line":142,"column":17},"end":{"line":142,"column":null}}},"14":{"name":"(anonymous_20)","decl":{"start":{"line":161,"column":32},"end":{"line":161,"column":null}},"loc":{"start":{"line":161,"column":32},"end":{"line":167,"column":null}}}},"branchMap":{"0":{"loc":{"start":{"line":25,"column":4},"end":{"line":25,"column":null}},"type":"if","locations":[{"start":{"line":25,"column":4},"end":{"line":25,"column":null}}]},"1":{"loc":{"start":{"line":25,"column":8},"end":{"line":25,"column":36}},"type":"binary-expr","locations":[{"start":{"line":25,"column":8},"end":{"line":25,"column":18}},{"start":{"line":25,"column":18},"end":{"line":25,"column":36}}]},"2":{"loc":{"start":{"line":35,"column":6},"end":{"line":37,"column":null}},"type":"if","locations":[{"start":{"line":35,"column":6},"end":{"line":37,"column":null}}]},"3":{"loc":{"start":{"line":40,"column":23},"end":{"line":40,"column":47}},"type":"binary-expr","locations":[{"start":{"line":40,"column":23},"end":{"line":40,"column":41}},{"start":{"line":40,"column":45},"end":{"line":40,"column":47}}]},"4":{"loc":{"start":{"line":48,"column":4},"end":{"line":48,"column":null}},"type":"if","locations":[{"start":{"line":48,"column":4},"end":{"line":48,"column":null}}]},"5":{"loc":{"start":{"line":48,"column":8},"end":{"line":48,"column":36}},"type":"binary-expr","locations":[{"start":{"line":48,"column":8},"end":{"line":48,"column":18}},{"start":{"line":48,"column":18},"end":{"line":48,"column":36}}]},"6":{"loc":{"start":{"line":59,"column":6},"end":{"line":61,"column":null}},"type":"if","locations":[{"start":{"line":59,"column":6},"end":{"line":61,"column":null}}]},"7":{"loc":{"start":{"line":66,"column":10},"end":{"line":68,"column":null}},"type":"cond-expr","locations":[{"start":{"line":67,"column":14},"end":{"line":67,"column":null}},{"start":{"line":68,"column":14},"end":{"line":68,"column":null}}]},"8":{"loc":{"start":{"line":78,"column":4},"end":{"line":78,"column":null}},"type":"if","locations":[{"start":{"line":78,"column":4},"end":{"line":78,"column":null}}]},"9":{"loc":{"start":{"line":78,"column":8},"end":{"line":78,"column":36}},"type":"binary-expr","locations":[{"start":{"line":78,"column":8},"end":{"line":78,"column":18}},{"start":{"line":78,"column":18},"end":{"line":78,"column":36}}]},"10":{"loc":{"start":{"line":89,"column":6},"end":{"line":91,"column":null}},"type":"if","locations":[{"start":{"line":89,"column":6},"end":{"line":91,"column":null}}]},"11":{"loc":{"start":{"line":104,"column":4},"end":{"line":104,"column":null}},"type":"if","locations":[{"start":{"line":104,"column":4},"end":{"line":104,"column":null}}]},"12":{"loc":{"start":{"line":104,"column":8},"end":{"line":104,"column":36}},"type":"binary-expr","locations":[{"start":{"line":104,"column":8},"end":{"line":104,"column":18}},{"start":{"line":104,"column":18},"end":{"line":104,"column":36}}]},"13":{"loc":{"start":{"line":116,"column":6},"end":{"line":118,"column":null}},"type":"if","locations":[{"start":{"line":116,"column":6},"end":{"line":118,"column":null}}]},"14":{"loc":{"start":{"line":129,"column":4},"end":{"line":131,"column":null}},"type":"if","locations":[{"start":{"line":129,"column":4},"end":{"line":131,"column":null}}]},"15":{"loc":{"start":{"line":136,"column":4},"end":{"line":136,"column":null}},"type":"if","locations":[{"start":{"line":136,"column":4},"end":{"line":136,"column":null}}]},"16":{"loc":{"start":{"line":163,"column":2},"end":{"line":165,"column":null}},"type":"if","locations":[{"start":{"line":163,"column":2},"end":{"line":165,"column":null}}]}},"s":{"0":0,"1":0,"2":0,"3":0,"4":0,"5":0,"6":0,"7":0,"8":0,"9":0,"10":0,"11":0,"12":0,"13":0,"14":0,"15":0,"16":0,"17":0,"18":0,"19":0,"20":0,"21":0,"22":0,"23":0,"24":0,"25":0,"26":0,"27":0,"28":0,"29":0,"30":0,"31":0,"32":0,"33":0,"34":0,"35":0,"36":0,"37":0,"38":0,"39":0,"40":0,"41":0,"42":0,"43":0,"44":0,"45":0,"46":0,"47":0,"48":0,"49":0,"50":0,"51":0,"52":0,"53":0,"54":0,"55":0,"56":0,"57":0,"58":0,"59":0,"60":0,"61":0,"62":0,"63":0,"64":0,"65":0,"66":0,"67":0},"f":{"0":0,"1":0,"2":0,"3":0,"4":0,"5":0,"6":0,"7":0,"8":0,"9":0,"10":0,"11":0,"12":0,"13":0,"14":0},"b":{"0":[0],"1":[0,0],"2":[0],"3":[0,0],"4":[0],"5":[0,0],"6":[0],"7":[0,0],"8":[0],"9":[0,0],"10":[0],"11":[0],"12":[0,0],"13":[0],"14":[0],"15":[0],"16":[0]}}
,"/mnt/c/users/jhobb/towtrace/frontend/towtrace-dashboard-new/src/app/dashboard/layout.tsx": {"path":"/mnt/c/users/jhobb/towtrace/frontend/towtrace-dashboard-new/src/app/dashboard/layout.tsx","statementMap":{"0":{"start":{"line":35,"column":24},"end":{"line":35,"column":40}},"1":{"start":{"line":3,"column":17},"end":{"line":3,"column":null}},"2":{"start":{"line":4,"column":39},"end":{"line":4,"column":null}},"3":{"start":{"line":5,"column":36},"end":{"line":5,"column":null}},"4":{"start":{"line":6,"column":24},"end":{"line":6,"column":null}},"5":{"start":{"line":7,"column":33},"end":{"line":7,"column":null}},"6":{"start":{"line":8,"column":28},"end":{"line":8,"column":null}},"7":{"start":{"line":9,"column":29},"end":{"line":9,"column":null}},"8":{"start":{"line":12,"column":27},"end":{"line":33,"column":null}},"9":{"start":{"line":13,"column":20},"end":{"line":21,"column":null}},"10":{"start":{"line":24,"column":2},"end":{"line":30,"column":null}},"11":{"start":{"line":25,"column":4},"end":{"line":29,"column":null}},"12":{"start":{"line":32,"column":2},"end":{"line":32,"column":null}},"13":{"start":{"line":40,"column":19},"end":{"line":40,"column":null}},"14":{"start":{"line":41,"column":17},"end":{"line":41,"column":null}},"15":{"start":{"line":42,"column":55},"end":{"line":42,"column":null}},"16":{"start":{"line":43,"column":74},"end":{"line":43,"column":null}},"17":{"start":{"line":44,"column":46},"end":{"line":44,"column":null}},"18":{"start":{"line":47,"column":2},"end":{"line":51,"column":null}},"19":{"start":{"line":48,"column":4},"end":{"line":50,"column":null}},"20":{"start":{"line":49,"column":6},"end":{"line":49,"column":null}},"21":{"start":{"line":54,"column":23},"end":{"line":64,"column":null}},"22":{"start":{"line":55,"column":4},"end":{"line":57,"column":null}},"23":{"start":{"line":56,"column":6},"end":{"line":56,"column":null}},"24":{"start":{"line":59,"column":4},"end":{"line":61,"column":null}},"25":{"start":{"line":60,"column":6},"end":{"line":60,"column":null}},"26":{"start":{"line":63,"column":4},"end":{"line":63,"column":null}},"27":{"start":{"line":67,"column":23},"end":{"line":70,"column":null}},"28":{"start":{"line":68,"column":4},"end":{"line":68,"column":null}},"29":{"start":{"line":69,"column":4},"end":{"line":69,"column":22}},"30":{"start":{"line":73,"column":30},"end":{"line":89,"column":null}},"31":{"start":{"line":74,"column":18},"end":{"line":74,"column":null}},"32":{"start":{"line":76,"column":4},"end":{"line":88,"column":null}},"33":{"start":{"line":77,"column":19},"end":{"line":77,"column":60}},"34":{"start":{"line":78,"column":21},"end":{"line":78,"column":null}},"35":{"start":{"line":81,"column":19},"end":{"line":81,"column":null}},"36":{"start":{"line":81,"column":63},"end":{"line":81,"column":null}},"37":{"start":{"line":83,"column":6},"end":{"line":87,"column":null}},"38":{"start":{"line":92,"column":23},"end":{"line":100,"column":null}},"39":{"start":{"line":93,"column":18},"end":{"line":93,"column":null}},"40":{"start":{"line":94,"column":4},"end":{"line":96,"column":null}},"41":{"start":{"line":95,"column":6},"end":{"line":95,"column":null}},"42":{"start":{"line":98,"column":21},"end":{"line":98,"column":44}},"43":{"start":{"line":99,"column":4},"end":{"line":99,"column":null}},"44":{"start":{"line":99,"column":59},"end":{"line":99,"column":null}},"45":{"start":{"line":103,"column":2},"end":{"line":117,"column":null}},"46":{"start":{"line":130,"column":29},"end":{"line":130,"column":null}},"47":{"start":{"line":155,"column":14},"end":{"line":156,"column":null}},"48":{"start":{"line":197,"column":27},"end":{"line":197,"column":null}},"49":{"start":{"line":228,"column":20},"end":{"line":229,"column":null}},"50":{"start":{"line":236,"column":37},"end":{"line":236,"column":null}},"51":{"start":{"line":248,"column":20},"end":{"line":248,"column":null}},"52":{"start":{"line":249,"column":20},"end":{"line":249,"column":null}},"53":{"start":{"line":276,"column":14},"end":{"line":276,"column":null}}},"fnMap":{"0":{"name":"(anonymous_2)","decl":{"start":{"line":12,"column":27},"end":{"line":12,"column":28}},"loc":{"start":{"line":12,"column":28},"end":{"line":33,"column":null}}},"1":{"name":"DashboardLayout","decl":{"start":{"line":35,"column":24},"end":{"line":35,"column":40}},"loc":{"start":{"line":39,"column":1},"end":{"line":328,"column":null}}},"2":{"name":"(anonymous_4)","decl":{"start":{"line":47,"column":12},"end":{"line":47,"column":null}},"loc":{"start":{"line":47,"column":12},"end":{"line":51,"column":5}}},"3":{"name":"(anonymous_5)","decl":{"start":{"line":54,"column":23},"end":{"line":54,"column":24}},"loc":{"start":{"line":54,"column":24},"end":{"line":64,"column":null}}},"4":{"name":"(anonymous_6)","decl":{"start":{"line":67,"column":23},"end":{"line":67,"column":null}},"loc":{"start":{"line":67,"column":23},"end":{"line":70,"column":null}}},"5":{"name":"(anonymous_7)","decl":{"start":{"line":73,"column":30},"end":{"line":73,"column":null}},"loc":{"start":{"line":73,"column":30},"end":{"line":89,"column":null}}},"6":{"name":"(anonymous_8)","decl":{"start":{"line":76,"column":21},"end":{"line":76,"column":22}},"loc":{"start":{"line":76,"column":28},"end":{"line":88,"column":null}}},"7":{"name":"(anonymous_9)","decl":{"start":{"line":81,"column":58},"end":{"line":81,"column":63}},"loc":{"start":{"line":81,"column":63},"end":{"line":81,"column":null}}},"8":{"name":"(anonymous_10)","decl":{"start":{"line":92,"column":23},"end":{"line":92,"column":null}},"loc":{"start":{"line":92,"column":23},"end":{"line":100,"column":null}}},"9":{"name":"(anonymous_11)","decl":{"start":{"line":99,"column":54},"end":{"line":99,"column":59}},"loc":{"start":{"line":99,"column":59},"end":{"line":99,"column":null}}},"10":{"name":"(anonymous_12)","decl":{"start":{"line":130,"column":23},"end":{"line":130,"column":29}},"loc":{"start":{"line":130,"column":29},"end":{"line":130,"column":null}}},"11":{"name":"(anonymous_13)","decl":{"start":{"line":154,"column":48},"end":{"line":154,"column":49}},"loc":{"start":{"line":155,"column":14},"end":{"line":156,"column":null}}},"12":{"name":"(anonymous_14)","decl":{"start":{"line":197,"column":21},"end":{"line":197,"column":27}},"loc":{"start":{"line":197,"column":27},"end":{"line":197,"column":null}}},"13":{"name":"(anonymous_15)","decl":{"start":{"line":227,"column":54},"end":{"line":227,"column":55}},"loc":{"start":{"line":228,"column":20},"end":{"line":229,"column":null}}},"14":{"name":"(anonymous_16)","decl":{"start":{"line":236,"column":31},"end":{"line":236,"column":37}},"loc":{"start":{"line":236,"column":37},"end":{"line":236,"column":null}}},"15":{"name":"(anonymous_17)","decl":{"start":{"line":247,"column":27},"end":{"line":247,"column":null}},"loc":{"start":{"line":247,"column":27},"end":{"line":250,"column":null}}},"16":{"name":"(anonymous_18)","decl":{"start":{"line":275,"column":48},"end":{"line":275,"column":49}},"loc":{"start":{"line":276,"column":14},"end":{"line":276,"column":null}}}},"branchMap":{"0":{"loc":{"start":{"line":24,"column":2},"end":{"line":30,"column":null}},"type":"if","locations":[{"start":{"line":24,"column":2},"end":{"line":30,"column":null}}]},"1":{"loc":{"start":{"line":48,"column":4},"end":{"line":50,"column":null}},"type":"if","locations":[{"start":{"line":48,"column":4},"end":{"line":50,"column":null}}]},"2":{"loc":{"start":{"line":48,"column":8},"end":{"line":48,"column":40}},"type":"binary-expr","locations":[{"start":{"line":48,"column":8},"end":{"line":48,"column":22}},{"start":{"line":48,"column":22},"end":{"line":48,"column":40}}]},"3":{"loc":{"start":{"line":55,"column":4},"end":{"line":57,"column":null}},"type":"if","locations":[{"start":{"line":55,"column":4},"end":{"line":57,"column":null}}]},"4":{"loc":{"start":{"line":55,"column":8},"end":{"line":55,"column":60}},"type":"binary-expr","locations":[{"start":{"line":55,"column":8},"end":{"line":55,"column":33}},{"start":{"line":55,"column":33},"end":{"line":55,"column":60}}]},"5":{"loc":{"start":{"line":59,"column":4},"end":{"line":61,"column":null}},"type":"if","locations":[{"start":{"line":59,"column":4},"end":{"line":61,"column":null}}]},"6":{"loc":{"start":{"line":59,"column":8},"end":{"line":59,"column":60}},"type":"binary-expr","locations":[{"start":{"line":59,"column":8},"end":{"line":59,"column":33}},{"start":{"line":59,"column":33},"end":{"line":59,"column":60}}]},"7":{"loc":{"start":{"line":94,"column":4},"end":{"line":96,"column":null}},"type":"if","locations":[{"start":{"line":94,"column":4},"end":{"line":96,"column":null}}]},"8":{"loc":{"start":{"line":94,"column":8},"end":{"line":94,"column":56}},"type":"binary-expr","locations":[{"start":{"line":94,"column":8},"end":{"line":94,"column":30}},{"start":{"line":94,"column":30},"end":{"line":94,"column":56}}]},"9":{"loc":{"start":{"line":103,"column":2},"end":{"line":117,"column":null}},"type":"if","locations":[{"start":{"line":103,"column":2},"end":{"line":117,"column":null}}]},"10":{"loc":{"start":{"line":103,"column":6},"end":{"line":103,"column":37}},"type":"binary-expr","locations":[{"start":{"line":103,"column":6},"end":{"line":103,"column":19}},{"start":{"line":103,"column":19},"end":{"line":103,"column":37}}]},"11":{"loc":{"start":{"line":133,"column":16},"end":{"line":137,"column":17}},"type":"cond-expr","locations":[{"start":{"line":133,"column":16},"end":{"line":137,"column":17}}]},"12":{"loc":{"start":{"line":159,"column":18},"end":{"line":161,"column":null}},"type":"cond-expr","locations":[{"start":{"line":160,"column":22},"end":{"line":160,"column":null}},{"start":{"line":161,"column":22},"end":{"line":161,"column":null}}]},"13":{"loc":{"start":{"line":182,"column":26},"end":{"line":182,"column":null}},"type":"binary-expr","locations":[{"start":{"line":182,"column":26},"end":{"line":182,"column":40}},{"start":{"line":182,"column":40},"end":{"line":182,"column":null}}]},"14":{"loc":{"start":{"line":183,"column":26},"end":{"line":183,"column":null}},"type":"binary-expr","locations":[{"start":{"line":183,"column":26},"end":{"line":183,"column":40}},{"start":{"line":183,"column":40},"end":{"line":183,"column":null}}]},"15":{"loc":{"start":{"line":184,"column":27},"end":{"line":184,"column":null}},"type":"binary-expr","locations":[{"start":{"line":184,"column":27},"end":{"line":184,"column":42}},{"start":{"line":184,"column":42},"end":{"line":184,"column":null}}]},"16":{"loc":{"start":{"line":194,"column":7},"end":{"line":194,"column":null}},"type":"binary-expr","locations":[{"start":{"line":194,"column":7},"end":{"line":194,"column":null}}]},"17":{"loc":{"start":{"line":205,"column":20},"end":{"line":211,"column":21}},"type":"cond-expr","locations":[{"start":{"line":205,"column":20},"end":{"line":211,"column":21}}]},"18":{"loc":{"start":{"line":213,"column":25},"end":{"line":213,"column":null}},"type":"binary-expr","locations":[{"start":{"line":213,"column":25},"end":{"line":213,"column":50}},{"start":{"line":213,"column":50},"end":{"line":213,"column":null}}]},"19":{"loc":{"start":{"line":232,"column":24},"end":{"line":234,"column":null}},"type":"cond-expr","locations":[{"start":{"line":233,"column":28},"end":{"line":233,"column":null}},{"start":{"line":234,"column":28},"end":{"line":234,"column":null}}]},"20":{"loc":{"start":{"line":282,"column":20},"end":{"line":286,"column":21}},"type":"cond-expr","locations":[{"start":{"line":282,"column":20},"end":{"line":286,"column":21}}]}},"s":{"0":0,"1":0,"2":0,"3":0,"4":0,"5":0,"6":0,"7":0,"8":0,"9":0,"10":0,"11":0,"12":0,"13":0,"14":0,"15":0,"16":0,"17":0,"18":0,"19":0,"20":0,"21":0,"22":0,"23":0,"24":0,"25":0,"26":0,"27":0,"28":0,"29":0,"30":0,"31":0,"32":0,"33":0,"34":0,"35":0,"36":0,"37":0,"38":0,"39":0,"40":0,"41":0,"42":0,"43":0,"44":0,"45":0,"46":0,"47":0,"48":0,"49":0,"50":0,"51":0,"52":0,"53":0},"f":{"0":0,"1":0,"2":0,"3":0,"4":0,"5":0,"6":0,"7":0,"8":0,"9":0,"10":0,"11":0,"12":0,"13":0,"14":0,"15":0,"16":0},"b":{"0":[0],"1":[0],"2":[0,0],"3":[0],"4":[0,0],"5":[0],"6":[0,0],"7":[0],"8":[0,0],"9":[0],"10":[0,0],"11":[0],"12":[0,0],"13":[0,0],"14":[0,0],"15":[0,0],"16":[0],"17":[0],"18":[0,0],"19":[0,0],"20":[0]}}
,"/mnt/c/users/jhobb/towtrace/frontend/towtrace-dashboard-new/src/app/dashboard/page.tsx": {"path":"/mnt/c/users/jhobb/towtrace/frontend/towtrace-dashboard-new/src/app/dashboard/page.tsx","statementMap":{"0":{"start":{"line":111,"column":24},"end":{"line":111,"column":null}},"1":{"start":{"line":3,"column":44},"end":{"line":3,"column":null}},"2":{"start":{"line":4,"column":17},"end":{"line":4,"column":null}},"3":{"start":{"line":5,"column":24},"end":{"line":5,"column":null}},"4":{"start":{"line":6,"column":46},"end":{"line":6,"column":null}},"5":{"start":{"line":7,"column":29},"end":{"line":7,"column":null}},"6":{"start":{"line":35,"column":22},"end":{"line":109,"column":null}},"7":{"start":{"line":36,"column":14},"end":{"line":36,"column":null}},"8":{"start":{"line":38,"column":33},"end":{"line":44,"column":null}},"9":{"start":{"line":41,"column":27},"end":{"line":43,"column":null}},"10":{"start":{"line":46,"column":19},"end":{"line":92,"column":null}},"11":{"start":{"line":49,"column":6},"end":{"line":51,"column":null}},"12":{"start":{"line":50,"column":8},"end":{"line":50,"column":null}},"13":{"start":{"line":53,"column":24},"end":{"line":53,"column":34}},"14":{"start":{"line":54,"column":25},"end":{"line":54,"column":null}},"15":{"start":{"line":57,"column":6},"end":{"line":59,"column":null}},"16":{"start":{"line":58,"column":8},"end":{"line":58,"column":null}},"17":{"start":{"line":62,"column":32},"end":{"line":62,"column":null}},"18":{"start":{"line":65,"column":27},"end":{"line":65,"column":null}},"19":{"start":{"line":68,"column":27},"end":{"line":68,"column":null}},"20":{"start":{"line":71,"column":27},"end":{"line":71,"column":65}},"21":{"start":{"line":75,"column":6},"end":{"line":77,"column":null}},"22":{"start":{"line":76,"column":8},"end":{"line":76,"column":null}},"23":{"start":{"line":80,"column":6},"end":{"line":82,"column":null}},"24":{"start":{"line":81,"column":8},"end":{"line":81,"column":null}},"25":{"start":{"line":85,"column":6},"end":{"line":85,"column":null}},"26":{"start":{"line":90,"column":6},"end":{"line":90,"column":null}},"27":{"start":{"line":94,"column":2},"end":{"line":94,"column":null}},"28":{"start":{"line":112,"column":19},"end":{"line":112,"column":null}},"29":{"start":{"line":115,"column":38},"end":{"line":120,"column":null}},"30":{"start":{"line":123,"column":26},"end":{"line":135,"column":null}},"31":{"start":{"line":124,"column":4},"end":{"line":133,"column":null}},"32":{"start":{"line":125,"column":26},"end":{"line":125,"column":null}},"33":{"start":{"line":126,"column":6},"end":{"line":132,"column":null}},"34":{"start":{"line":127,"column":8},"end":{"line":131,"column":null}},"35":{"start":{"line":128,"column":10},"end":{"line":128,"column":null}},"36":{"start":{"line":130,"column":10},"end":{"line":130,"column":null}},"37":{"start":{"line":134,"column":4},"end":{"line":134,"column":null}},"38":{"start":{"line":137,"column":44},"end":{"line":137,"column":null}},"39":{"start":{"line":138,"column":48},"end":{"line":140,"column":null}},"40":{"start":{"line":143,"column":2},"end":{"line":147,"column":null}},"41":{"start":{"line":144,"column":4},"end":{"line":146,"column":null}},"42":{"start":{"line":150,"column":28},"end":{"line":153,"column":null}},"43":{"start":{"line":151,"column":4},"end":{"line":151,"column":null}},"44":{"start":{"line":152,"column":4},"end":{"line":152,"column":null}},"45":{"start":{"line":156,"column":25},"end":{"line":164,"column":null}},"46":{"start":{"line":157,"column":4},"end":{"line":163,"column":null}},"47":{"start":{"line":158,"column":6},"end":{"line":158,"column":null}},"48":{"start":{"line":159,"column":6},"end":{"line":161,"column":null}},"49":{"start":{"line":162,"column":6},"end":{"line":162,"column":null}},"50":{"start":{"line":167,"column":19},"end":{"line":188,"column":null}},"51":{"start":{"line":168,"column":29},"end":{"line":168,"column":null}},"52":{"start":{"line":168,"column":76},"end":{"line":168,"column":99}},"53":{"start":{"line":169,"column":21},"end":{"line":169,"column":48}},"54":{"start":{"line":172,"column":26},"end":{"line":172,"column":null}},"55":{"start":{"line":173,"column":4},"end":{"line":173,"column":null}},"56":{"start":{"line":176,"column":4},"end":{"line":176,"column":null}},"57":{"start":{"line":179,"column":30},"end":{"line":182,"column":null}},"58":{"start":{"line":179,"column":64},"end":{"line":182,"column":null}},"59":{"start":{"line":184,"column":4},"end":{"line":187,"column":null}},"60":{"start":{"line":191,"column":31},"end":{"line":203,"column":null}},"61":{"start":{"line":192,"column":26},"end":{"line":197,"column":null}},"62":{"start":{"line":193,"column":6},"end":{"line":195,"column":null}},"63":{"start":{"line":194,"column":8},"end":{"line":194,"column":null}},"64":{"start":{"line":196,"column":6},"end":{"line":196,"column":null}},"65":{"start":{"line":199,"column":4},"end":{"line":202,"column":null}},"66":{"start":{"line":206,"column":26},"end":{"line":221,"column":null}},"67":{"start":{"line":207,"column":26},"end":{"line":215,"column":null}},"68":{"start":{"line":208,"column":6},"end":{"line":213,"column":null}},"69":{"start":{"line":209,"column":8},"end":{"line":212,"column":null}},"70":{"start":{"line":214,"column":6},"end":{"line":214,"column":null}},"71":{"start":{"line":217,"column":4},"end":{"line":220,"column":null}},"72":{"start":{"line":224,"column":15},"end":{"line":255,"column":null}},"73":{"start":{"line":258,"column":21},"end":{"line":294,"column":null}},"74":{"start":{"line":297,"column":52},"end":{"line":297,"column":null}},"75":{"start":{"line":298,"column":60},"end":{"line":298,"column":null}},"76":{"start":{"line":299,"column":48},"end":{"line":299,"column":null}},"77":{"start":{"line":300,"column":44},"end":{"line":300,"column":null}},"78":{"start":{"line":301,"column":54},"end":{"line":301,"column":null}},"79":{"start":{"line":302,"column":31},"end":{"line":302,"column":null}},"80":{"start":{"line":305,"column":2},"end":{"line":316,"column":null}},"81":{"start":{"line":306,"column":31},"end":{"line":310,"column":null}},"82":{"start":{"line":307,"column":6},"end":{"line":309,"column":null}},"83":{"start":{"line":308,"column":8},"end":{"line":308,"column":null}},"84":{"start":{"line":312,"column":4},"end":{"line":312,"column":null}},"85":{"start":{"line":313,"column":4},"end":{"line":315,"column":null}},"86":{"start":{"line":314,"column":6},"end":{"line":314,"column":null}},"87":{"start":{"line":319,"column":2},"end":{"line":385,"column":null}},"88":{"start":{"line":320,"column":16},"end":{"line":320,"column":null}},"89":{"start":{"line":321,"column":18},"end":{"line":321,"column":null}},"90":{"start":{"line":322,"column":22},"end":{"line":322,"column":null}},"91":{"start":{"line":323,"column":4},"end":{"line":323,"column":null}},"92":{"start":{"line":325,"column":26},"end":{"line":325,"column":null}},"93":{"start":{"line":326,"column":4},"end":{"line":326,"column":null}},"94":{"start":{"line":328,"column":26},"end":{"line":328,"column":null}},"95":{"start":{"line":329,"column":4},"end":{"line":329,"column":null}},"96":{"start":{"line":330,"column":24},"end":{"line":330,"column":null}},"97":{"start":{"line":331,"column":4},"end":{"line":331,"column":null}},"98":{"start":{"line":333,"column":27},"end":{"line":333,"column":null}},"99":{"start":{"line":335,"column":27},"end":{"line":335,"column":null}},"100":{"start":{"line":336,"column":25},"end":{"line":336,"column":null}},"101":{"start":{"line":338,"column":26},"end":{"line":338,"column":null}},"102":{"start":{"line":340,"column":26},"end":{"line":340,"column":null}},"103":{"start":{"line":341,"column":24},"end":{"line":341,"column":null}},"104":{"start":{"line":345,"column":4},"end":{"line":382,"column":null}},"105":{"start":{"line":347,"column":8},"end":{"line":347,"column":null}},"106":{"start":{"line":347,"column":42},"end":{"line":347,"column":null}},"107":{"start":{"line":348,"column":8},"end":{"line":348,"column":null}},"108":{"start":{"line":350,"column":8},"end":{"line":350,"column":null}},"109":{"start":{"line":350,"column":42},"end":{"line":350,"column":null}},"110":{"start":{"line":351,"column":8},"end":{"line":351,"column":null}},"111":{"start":{"line":353,"column":8},"end":{"line":353,"column":null}},"112":{"start":{"line":353,"column":42},"end":{"line":353,"column":null}},"113":{"start":{"line":354,"column":8},"end":{"line":354,"column":null}},"114":{"start":{"line":356,"column":8},"end":{"line":356,"column":null}},"115":{"start":{"line":356,"column":42},"end":{"line":356,"column":null}},"116":{"start":{"line":357,"column":8},"end":{"line":357,"column":null}},"117":{"start":{"line":359,"column":8},"end":{"line":359,"column":null}},"118":{"start":{"line":359,"column":42},"end":{"line":359,"column":null}},"119":{"start":{"line":360,"column":8},"end":{"line":360,"column":null}},"120":{"start":{"line":362,"column":8},"end":{"line":362,"column":null}},"121":{"start":{"line":362,"column":42},"end":{"line":362,"column":null}},"122":{"start":{"line":363,"column":8},"end":{"line":363,"column":null}},"123":{"start":{"line":365,"column":8},"end":{"line":365,"column":null}},"124":{"start":{"line":365,"column":42},"end":{"line":365,"column":null}},"125":{"start":{"line":366,"column":8},"end":{"line":366,"column":null}},"126":{"start":{"line":368,"column":8},"end":{"line":368,"column":null}},"127":{"start":{"line":368,"column":42},"end":{"line":368,"column":null}},"128":{"start":{"line":369,"column":8},"end":{"line":369,"column":null}},"129":{"start":{"line":371,"column":8},"end":{"line":378,"column":null}},"130":{"start":{"line":372,"column":24},"end":{"line":372,"column":null}},"131":{"start":{"line":373,"column":22},"end":{"line":373,"column":null}},"132":{"start":{"line":374,"column":10},"end":{"line":374,"column":41}},"133":{"start":{"line":375,"column":10},"end":{"line":375,"column":null}},"134":{"start":{"line":375,"column":44},"end":{"line":375,"column":null}},"135":{"start":{"line":377,"column":10},"end":{"line":377,"column":null}},"136":{"start":{"line":379,"column":8},"end":{"line":379,"column":null}},"137":{"start":{"line":381,"column":8},"end":{"line":381,"column":null}},"138":{"start":{"line":384,"column":4},"end":{"line":384,"column":null}},"139":{"start":{"line":388,"column":34},"end":{"line":401,"column":null}},"140":{"start":{"line":389,"column":4},"end":{"line":400,"column":null}},"141":{"start":{"line":390,"column":20},"end":{"line":390,"column":null}},"142":{"start":{"line":391,"column":24},"end":{"line":391,"column":null}},"143":{"start":{"line":392,"column":25},"end":{"line":392,"column":null}},"144":{"start":{"line":393,"column":24},"end":{"line":393,"column":null}},"145":{"start":{"line":394,"column":24},"end":{"line":394,"column":null}},"146":{"start":{"line":395,"column":24},"end":{"line":395,"column":null}},"147":{"start":{"line":396,"column":25},"end":{"line":396,"column":null}},"148":{"start":{"line":397,"column":24},"end":{"line":397,"column":null}},"149":{"start":{"line":398,"column":21},"end":{"line":398,"column":null}},"150":{"start":{"line":399,"column":15},"end":{"line":399,"column":null}},"151":{"start":{"line":404,"column":25},"end":{"line":419,"column":null}},"152":{"start":{"line":405,"column":4},"end":{"line":418,"column":null}},"153":{"start":{"line":407,"column":8},"end":{"line":407,"column":null}},"154":{"start":{"line":409,"column":8},"end":{"line":409,"column":null}},"155":{"start":{"line":411,"column":8},"end":{"line":411,"column":null}},"156":{"start":{"line":413,"column":8},"end":{"line":413,"column":null}},"157":{"start":{"line":415,"column":8},"end":{"line":415,"column":null}},"158":{"start":{"line":417,"column":8},"end":{"line":417,"column":null}},"159":{"start":{"line":422,"column":26},"end":{"line":473,"column":null}},"160":{"start":{"line":423,"column":4},"end":{"line":472,"column":null}},"161":{"start":{"line":476,"column":27},"end":{"line":478,"column":null}},"162":{"start":{"line":477,"column":20},"end":{"line":477,"column":32}},"163":{"start":{"line":478,"column":20},"end":{"line":478,"column":43}},"164":{"start":{"line":481,"column":26},"end":{"line":834,"column":null}},"165":{"start":{"line":482,"column":24},"end":{"line":482,"column":null}},"166":{"start":{"line":483,"column":27},"end":{"line":483,"column":null}},"167":{"start":{"line":489,"column":25},"end":{"line":489,"column":null}},"168":{"start":{"line":504,"column":25},"end":{"line":504,"column":null}},"169":{"start":{"line":517,"column":4},"end":{"line":811,"column":null}},"170":{"start":{"line":562,"column":8},"end":{"line":562,"column":null}},"171":{"start":{"line":619,"column":8},"end":{"line":619,"column":null}},"172":{"start":{"line":629,"column":35},"end":{"line":629,"column":null}},"173":{"start":{"line":642,"column":43},"end":{"line":642,"column":74}},"174":{"start":{"line":642,"column":74},"end":{"line":642,"column":107}},"175":{"start":{"line":648,"column":43},"end":{"line":648,"column":78}},"176":{"start":{"line":648,"column":78},"end":{"line":648,"column":111}},"177":{"start":{"line":654,"column":43},"end":{"line":654,"column":79}},"178":{"start":{"line":654,"column":79},"end":{"line":654,"column":112}},"179":{"start":{"line":660,"column":43},"end":{"line":660,"column":78}},"180":{"start":{"line":660,"column":78},"end":{"line":660,"column":111}},"181":{"start":{"line":667,"column":43},"end":{"line":667,"column":78}},"182":{"start":{"line":667,"column":78},"end":{"line":667,"column":111}},"183":{"start":{"line":673,"column":43},"end":{"line":673,"column":78}},"184":{"start":{"line":673,"column":78},"end":{"line":673,"column":111}},"185":{"start":{"line":679,"column":43},"end":{"line":679,"column":79}},"186":{"start":{"line":679,"column":79},"end":{"line":679,"column":112}},"187":{"start":{"line":685,"column":43},"end":{"line":685,"column":78}},"188":{"start":{"line":685,"column":78},"end":{"line":685,"column":111}},"189":{"start":{"line":692,"column":41},"end":{"line":692,"column":null}},"190":{"start":{"line":705,"column":49},"end":{"line":705,"column":null}},"191":{"start":{"line":714,"column":49},"end":{"line":714,"column":null}},"192":{"start":{"line":719,"column":45},"end":{"line":719,"column":null}},"193":{"start":{"line":740,"column":18},"end":{"line":740,"column":41}},"194":{"start":{"line":756,"column":8},"end":{"line":756,"column":null}},"195":{"start":{"line":781,"column":20},"end":{"line":781,"column":null}},"196":{"start":{"line":808,"column":8},"end":{"line":808,"column":null}},"197":{"start":{"line":813,"column":4},"end":{"line":827,"column":null}},"198":{"start":{"line":814,"column":6},"end":{"line":816,"column":null}},"199":{"start":{"line":829,"column":4},"end":{"line":830,"column":25}},"200":{"start":{"line":854,"column":33},"end":{"line":854,"column":null}},"201":{"start":{"line":869,"column":33},"end":{"line":869,"column":null}},"202":{"start":{"line":908,"column":65},"end":{"line":908,"column":75}},"203":{"start":{"line":913,"column":29},"end":{"line":913,"column":39}},"204":{"start":{"line":915,"column":18},"end":{"line":916,"column":null}},"205":{"start":{"line":926,"column":37},"end":{"line":926,"column":null}},"206":{"start":{"line":939,"column":49},"end":{"line":939,"column":null}}},"fnMap":{"0":{"name":"(anonymous_2)","decl":{"start":{"line":35,"column":22},"end":{"line":35,"column":23}},"loc":{"start":{"line":35,"column":62},"end":{"line":109,"column":null}}},"1":{"name":"(anonymous_3)","decl":{"start":{"line":41,"column":13},"end":{"line":41,"column":14}},"loc":{"start":{"line":41,"column":27},"end":{"line":43,"column":null}}},"2":{"name":"(anonymous_4)","decl":{"start":{"line":48,"column":4},"end":{"line":48,"column":10}},"loc":{"start":{"line":48,"column":23},"end":{"line":91,"column":null}}},"3":{"name":"DashboardPage","decl":{"start":{"line":111,"column":24},"end":{"line":111,"column":null}},"loc":{"start":{"line":111,"column":24},"end":{"line":944,"column":null}}},"4":{"name":"(anonymous_6)","decl":{"start":{"line":123,"column":26},"end":{"line":123,"column":null}},"loc":{"start":{"line":123,"column":26},"end":{"line":135,"column":null}}},"5":{"name":"(anonymous_7)","decl":{"start":{"line":143,"column":12},"end":{"line":143,"column":null}},"loc":{"start":{"line":143,"column":12},"end":{"line":147,"column":5}}},"6":{"name":"(anonymous_8)","decl":{"start":{"line":150,"column":28},"end":{"line":150,"column":null}},"loc":{"start":{"line":150,"column":28},"end":{"line":153,"column":null}}},"7":{"name":"(anonymous_9)","decl":{"start":{"line":156,"column":25},"end":{"line":156,"column":null}},"loc":{"start":{"line":156,"column":25},"end":{"line":164,"column":null}}},"8":{"name":"(anonymous_10)","decl":{"start":{"line":167,"column":19},"end":{"line":167,"column":20}},"loc":{"start":{"line":167,"column":39},"end":{"line":188,"column":null}}},"9":{"name":"(anonymous_11)","decl":{"start":{"line":168,"column":66},"end":{"line":168,"column":67}},"loc":{"start":{"line":168,"column":76},"end":{"line":168,"column":99}}},"10":{"name":"(anonymous_12)","decl":{"start":{"line":179,"column":48},"end":{"line":179,"column":49}},"loc":{"start":{"line":179,"column":64},"end":{"line":182,"column":null}}},"11":{"name":"(anonymous_13)","decl":{"start":{"line":191,"column":31},"end":{"line":191,"column":32}},"loc":{"start":{"line":191,"column":32},"end":{"line":203,"column":null}}},"12":{"name":"(anonymous_14)","decl":{"start":{"line":192,"column":57},"end":{"line":192,"column":null}},"loc":{"start":{"line":192,"column":57},"end":{"line":197,"column":null}}},"13":{"name":"(anonymous_15)","decl":{"start":{"line":206,"column":26},"end":{"line":206,"column":27}},"loc":{"start":{"line":206,"column":27},"end":{"line":221,"column":null}}},"14":{"name":"(anonymous_16)","decl":{"start":{"line":207,"column":57},"end":{"line":207,"column":null}},"loc":{"start":{"line":207,"column":57},"end":{"line":215,"column":null}}},"15":{"name":"(anonymous_17)","decl":{"start":{"line":305,"column":12},"end":{"line":305,"column":null}},"loc":{"start":{"line":305,"column":12},"end":{"line":316,"column":5}}},"16":{"name":"(anonymous_18)","decl":{"start":{"line":306,"column":31},"end":{"line":306,"column":32}},"loc":{"start":{"line":306,"column":32},"end":{"line":310,"column":null}}},"17":{"name":"(anonymous_19)","decl":{"start":{"line":313,"column":11},"end":{"line":313,"column":null}},"loc":{"start":{"line":313,"column":11},"end":{"line":315,"column":null}}},"18":{"name":"(anonymous_20)","decl":{"start":{"line":319,"column":12},"end":{"line":319,"column":null}},"loc":{"start":{"line":319,"column":12},"end":{"line":385,"column":5}}},"19":{"name":"(anonymous_21)","decl":{"start":{"line":347,"column":37},"end":{"line":347,"column":42}},"loc":{"start":{"line":347,"column":42},"end":{"line":347,"column":null}}},"20":{"name":"(anonymous_22)","decl":{"start":{"line":350,"column":37},"end":{"line":350,"column":42}},"loc":{"start":{"line":350,"column":42},"end":{"line":350,"column":null}}},"21":{"name":"(anonymous_23)","decl":{"start":{"line":353,"column":37},"end":{"line":353,"column":42}},"loc":{"start":{"line":353,"column":42},"end":{"line":353,"column":null}}},"22":{"name":"(anonymous_24)","decl":{"start":{"line":356,"column":37},"end":{"line":356,"column":42}},"loc":{"start":{"line":356,"column":42},"end":{"line":356,"column":null}}},"23":{"name":"(anonymous_25)","decl":{"start":{"line":359,"column":37},"end":{"line":359,"column":42}},"loc":{"start":{"line":359,"column":42},"end":{"line":359,"column":null}}},"24":{"name":"(anonymous_26)","decl":{"start":{"line":362,"column":37},"end":{"line":362,"column":42}},"loc":{"start":{"line":362,"column":42},"end":{"line":362,"column":null}}},"25":{"name":"(anonymous_27)","decl":{"start":{"line":365,"column":37},"end":{"line":365,"column":42}},"loc":{"start":{"line":365,"column":42},"end":{"line":365,"column":null}}},"26":{"name":"(anonymous_28)","decl":{"start":{"line":368,"column":37},"end":{"line":368,"column":42}},"loc":{"start":{"line":368,"column":42},"end":{"line":368,"column":null}}},"27":{"name":"(anonymous_29)","decl":{"start":{"line":375,"column":39},"end":{"line":375,"column":44}},"loc":{"start":{"line":375,"column":44},"end":{"line":375,"column":null}}},"28":{"name":"(anonymous_30)","decl":{"start":{"line":388,"column":34},"end":{"line":388,"column":null}},"loc":{"start":{"line":388,"column":34},"end":{"line":401,"column":null}}},"29":{"name":"(anonymous_31)","decl":{"start":{"line":404,"column":25},"end":{"line":404,"column":26}},"loc":{"start":{"line":404,"column":26},"end":{"line":419,"column":null}}},"30":{"name":"(anonymous_32)","decl":{"start":{"line":422,"column":26},"end":{"line":422,"column":27}},"loc":{"start":{"line":422,"column":27},"end":{"line":473,"column":null}}},"31":{"name":"(anonymous_33)","decl":{"start":{"line":477,"column":12},"end":{"line":477,"column":20}},"loc":{"start":{"line":477,"column":20},"end":{"line":477,"column":32}}},"32":{"name":"(anonymous_34)","decl":{"start":{"line":478,"column":10},"end":{"line":478,"column":11}},"loc":{"start":{"line":478,"column":20},"end":{"line":478,"column":43}}},"33":{"name":"(anonymous_35)","decl":{"start":{"line":481,"column":26},"end":{"line":481,"column":27}},"loc":{"start":{"line":481,"column":45},"end":{"line":834,"column":null}}},"34":{"name":"(anonymous_36)","decl":{"start":{"line":489,"column":19},"end":{"line":489,"column":25}},"loc":{"start":{"line":489,"column":25},"end":{"line":489,"column":null}}},"35":{"name":"(anonymous_37)","decl":{"start":{"line":504,"column":19},"end":{"line":504,"column":25}},"loc":{"start":{"line":504,"column":25},"end":{"line":504,"column":null}}},"36":{"name":"(anonymous_38)","decl":{"start":{"line":629,"column":29},"end":{"line":629,"column":35}},"loc":{"start":{"line":629,"column":35},"end":{"line":629,"column":null}}},"37":{"name":"(anonymous_39)","decl":{"start":{"line":642,"column":35},"end":{"line":642,"column":43}},"loc":{"start":{"line":642,"column":35},"end":{"line":642,"column":null}}},"38":{"name":"(anonymous_40)","decl":{"start":{"line":648,"column":35},"end":{"line":648,"column":43}},"loc":{"start":{"line":648,"column":35},"end":{"line":648,"column":null}}},"39":{"name":"(anonymous_41)","decl":{"start":{"line":654,"column":35},"end":{"line":654,"column":43}},"loc":{"start":{"line":654,"column":35},"end":{"line":654,"column":null}}},"40":{"name":"(anonymous_42)","decl":{"start":{"line":660,"column":35},"end":{"line":660,"column":43}},"loc":{"start":{"line":660,"column":35},"end":{"line":660,"column":null}}},"41":{"name":"(anonymous_43)","decl":{"start":{"line":667,"column":35},"end":{"line":667,"column":43}},"loc":{"start":{"line":667,"column":35},"end":{"line":667,"column":null}}},"42":{"name":"(anonymous_44)","decl":{"start":{"line":673,"column":35},"end":{"line":673,"column":43}},"loc":{"start":{"line":673,"column":35},"end":{"line":673,"column":null}}},"43":{"name":"(anonymous_45)","decl":{"start":{"line":679,"column":35},"end":{"line":679,"column":43}},"loc":{"start":{"line":679,"column":35},"end":{"line":679,"column":null}}},"44":{"name":"(anonymous_46)","decl":{"start":{"line":685,"column":35},"end":{"line":685,"column":43}},"loc":{"start":{"line":685,"column":35},"end":{"line":685,"column":null}}},"45":{"name":"(anonymous_47)","decl":{"start":{"line":692,"column":35},"end":{"line":692,"column":41}},"loc":{"start":{"line":692,"column":41},"end":{"line":692,"column":null}}},"46":{"name":"(anonymous_48)","decl":{"start":{"line":705,"column":42},"end":{"line":705,"column":43}},"loc":{"start":{"line":705,"column":49},"end":{"line":705,"column":null}}},"47":{"name":"(anonymous_49)","decl":{"start":{"line":714,"column":42},"end":{"line":714,"column":43}},"loc":{"start":{"line":714,"column":49},"end":{"line":714,"column":null}}},"48":{"name":"(anonymous_50)","decl":{"start":{"line":719,"column":39},"end":{"line":719,"column":45}},"loc":{"start":{"line":719,"column":45},"end":{"line":719,"column":null}}},"49":{"name":"(anonymous_51)","decl":{"start":{"line":739,"column":39},"end":{"line":739,"column":40}},"loc":{"start":{"line":740,"column":18},"end":{"line":740,"column":41}}},"50":{"name":"(anonymous_52)","decl":{"start":{"line":780,"column":28},"end":{"line":780,"column":null}},"loc":{"start":{"line":781,"column":20},"end":{"line":781,"column":null}}},"51":{"name":"(anonymous_53)","decl":{"start":{"line":854,"column":27},"end":{"line":854,"column":33}},"loc":{"start":{"line":854,"column":33},"end":{"line":854,"column":null}}},"52":{"name":"(anonymous_54)","decl":{"start":{"line":869,"column":27},"end":{"line":869,"column":33}},"loc":{"start":{"line":869,"column":33},"end":{"line":869,"column":null}}},"53":{"name":"(anonymous_55)","decl":{"start":{"line":908,"column":60},"end":{"line":908,"column":65}},"loc":{"start":{"line":908,"column":65},"end":{"line":908,"column":75}}},"54":{"name":"(anonymous_56)","decl":{"start":{"line":913,"column":24},"end":{"line":913,"column":29}},"loc":{"start":{"line":913,"column":29},"end":{"line":913,"column":39}}},"55":{"name":"(anonymous_57)","decl":{"start":{"line":914,"column":21},"end":{"line":914,"column":22}},"loc":{"start":{"line":915,"column":18},"end":{"line":916,"column":null}}},"56":{"name":"(anonymous_58)","decl":{"start":{"line":926,"column":31},"end":{"line":926,"column":37}},"loc":{"start":{"line":926,"column":37},"end":{"line":926,"column":null}}},"57":{"name":"(anonymous_59)","decl":{"start":{"line":939,"column":32},"end":{"line":939,"column":33}},"loc":{"start":{"line":939,"column":49},"end":{"line":939,"column":null}}}},"branchMap":{"0":{"loc":{"start":{"line":49,"column":6},"end":{"line":51,"column":null}},"type":"if","locations":[{"start":{"line":49,"column":6},"end":{"line":51,"column":null}}]},"1":{"loc":{"start":{"line":57,"column":6},"end":{"line":59,"column":null}},"type":"if","locations":[{"start":{"line":57,"column":6},"end":{"line":59,"column":null}}]},"2":{"loc":{"start":{"line":75,"column":6},"end":{"line":77,"column":null}},"type":"if","locations":[{"start":{"line":75,"column":6},"end":{"line":77,"column":null}}]},"3":{"loc":{"start":{"line":75,"column":10},"end":{"line":75,"column":65}},"type":"binary-expr","locations":[{"start":{"line":75,"column":10},"end":{"line":75,"column":36}},{"start":{"line":75,"column":36},"end":{"line":75,"column":65}}]},"4":{"loc":{"start":{"line":80,"column":6},"end":{"line":82,"column":null}},"type":"if","locations":[{"start":{"line":80,"column":6},"end":{"line":82,"column":null}}]},"5":{"loc":{"start":{"line":80,"column":10},"end":{"line":80,"column":65}},"type":"binary-expr","locations":[{"start":{"line":80,"column":10},"end":{"line":80,"column":36}},{"start":{"line":80,"column":36},"end":{"line":80,"column":65}}]},"6":{"loc":{"start":{"line":100,"column":17},"end":{"line":100,"column":null}},"type":"cond-expr","locations":[{"start":{"line":100,"column":30},"end":{"line":100,"column":36}},{"start":{"line":100,"column":36},"end":{"line":100,"column":null}}]},"7":{"loc":{"start":{"line":124,"column":4},"end":{"line":133,"column":null}},"type":"if","locations":[{"start":{"line":124,"column":4},"end":{"line":133,"column":null}}]},"8":{"loc":{"start":{"line":126,"column":6},"end":{"line":132,"column":null}},"type":"if","locations":[{"start":{"line":126,"column":6},"end":{"line":132,"column":null}}]},"9":{"loc":{"start":{"line":157,"column":4},"end":{"line":163,"column":null}},"type":"if","locations":[{"start":{"line":157,"column":4},"end":{"line":163,"column":null}}]},"10":{"loc":{"start":{"line":193,"column":6},"end":{"line":195,"column":null}},"type":"if","locations":[{"start":{"line":193,"column":6},"end":{"line":195,"column":null}}]},"11":{"loc":{"start":{"line":208,"column":6},"end":{"line":213,"column":null}},"type":"if","locations":[{"start":{"line":208,"column":6},"end":{"line":213,"column":null}}]},"12":{"loc":{"start":{"line":211,"column":17},"end":{"line":211,"column":null}},"type":"cond-expr","locations":[{"start":{"line":211,"column":41},"end":{"line":211,"column":50}},{"start":{"line":211,"column":50},"end":{"line":211,"column":null}}]},"13":{"loc":{"start":{"line":307,"column":6},"end":{"line":309,"column":null}},"type":"if","locations":[{"start":{"line":307,"column":6},"end":{"line":309,"column":null}}]},"14":{"loc":{"start":{"line":307,"column":10},"end":{"line":307,"column":104}},"type":"binary-expr","locations":[{"start":{"line":307,"column":10},"end":{"line":307,"column":38}},{"start":{"line":307,"column":42},"end":{"line":307,"column":104}}]},"15":{"loc":{"start":{"line":345,"column":4},"end":{"line":382,"column":null}},"type":"switch","locations":[{"start":{"line":346,"column":6},"end":{"line":348,"column":null}},{"start":{"line":349,"column":6},"end":{"line":351,"column":null}},{"start":{"line":352,"column":6},"end":{"line":354,"column":null}},{"start":{"line":355,"column":6},"end":{"line":357,"column":null}},{"start":{"line":358,"column":6},"end":{"line":360,"column":null}},{"start":{"line":361,"column":6},"end":{"line":363,"column":null}},{"start":{"line":364,"column":6},"end":{"line":366,"column":null}},{"start":{"line":367,"column":6},"end":{"line":369,"column":null}},{"start":{"line":370,"column":6},"end":{"line":379,"column":null}},{"start":{"line":380,"column":6},"end":{"line":381,"column":null}}]},"16":{"loc":{"start":{"line":350,"column":42},"end":{"line":350,"column":null}},"type":"binary-expr","locations":[{"start":{"line":350,"column":42},"end":{"line":350,"column":70}},{"start":{"line":350,"column":70},"end":{"line":350,"column":null}}]},"17":{"loc":{"start":{"line":356,"column":42},"end":{"line":356,"column":null}},"type":"binary-expr","locations":[{"start":{"line":356,"column":42},"end":{"line":356,"column":74}},{"start":{"line":356,"column":74},"end":{"line":356,"column":null}}]},"18":{"loc":{"start":{"line":362,"column":42},"end":{"line":362,"column":null}},"type":"binary-expr","locations":[{"start":{"line":362,"column":42},"end":{"line":362,"column":75}},{"start":{"line":362,"column":75},"end":{"line":362,"column":null}}]},"19":{"loc":{"start":{"line":368,"column":42},"end":{"line":368,"column":null}},"type":"binary-expr","locations":[{"start":{"line":368,"column":42},"end":{"line":368,"column":74}},{"start":{"line":368,"column":74},"end":{"line":368,"column":null}}]},"20":{"loc":{"start":{"line":371,"column":8},"end":{"line":378,"column":null}},"type":"if","locations":[{"start":{"line":371,"column":8},"end":{"line":378,"column":null}},{"start":{"line":376,"column":15},"end":{"line":378,"column":null}}]},"21":{"loc":{"start":{"line":371,"column":12},"end":{"line":371,"column":46}},"type":"binary-expr","locations":[{"start":{"line":371,"column":12},"end":{"line":371,"column":31}},{"start":{"line":371,"column":31},"end":{"line":371,"column":46}}]},"22":{"loc":{"start":{"line":375,"column":44},"end":{"line":375,"column":null}},"type":"binary-expr","locations":[{"start":{"line":375,"column":44},"end":{"line":375,"column":68}},{"start":{"line":375,"column":68},"end":{"line":375,"column":null}}]},"23":{"loc":{"start":{"line":389,"column":4},"end":{"line":400,"column":null}},"type":"switch","locations":[{"start":{"line":390,"column":6},"end":{"line":390,"column":null}},{"start":{"line":391,"column":6},"end":{"line":391,"column":null}},{"start":{"line":392,"column":6},"end":{"line":392,"column":null}},{"start":{"line":393,"column":6},"end":{"line":393,"column":null}},{"start":{"line":394,"column":6},"end":{"line":394,"column":null}},{"start":{"line":395,"column":6},"end":{"line":395,"column":null}},{"start":{"line":396,"column":6},"end":{"line":396,"column":null}},{"start":{"line":397,"column":6},"end":{"line":397,"column":null}},{"start":{"line":398,"column":6},"end":{"line":398,"column":null}},{"start":{"line":399,"column":6},"end":{"line":399,"column":null}}]},"24":{"loc":{"start":{"line":405,"column":4},"end":{"line":418,"column":null}},"type":"switch","locations":[{"start":{"line":406,"column":6},"end":{"line":407,"column":null}},{"start":{"line":408,"column":6},"end":{"line":409,"column":null}},{"start":{"line":410,"column":6},"end":{"line":411,"column":null}},{"start":{"line":412,"column":6},"end":{"line":413,"column":null}},{"start":{"line":414,"column":6},"end":{"line":415,"column":null}},{"start":{"line":416,"column":6},"end":{"line":417,"column":null}}]},"25":{"loc":{"start":{"line":483,"column":27},"end":{"line":483,"column":null}},"type":"cond-expr","locations":[{"start":{"line":483,"column":41},"end":{"line":483,"column":70}},{"start":{"line":483,"column":70},"end":{"line":483,"column":null}}]},"26":{"loc":{"start":{"line":486,"column":30},"end":{"line":486,"column":null}},"type":"binary-expr","locations":[{"start":{"line":486,"column":30},"end":{"line":486,"column":null}}]},"27":{"loc":{"start":{"line":491,"column":17},"end":{"line":491,"column":null}},"type":"cond-expr","locations":[{"start":{"line":491,"column":31},"end":{"line":491,"column":51}},{"start":{"line":491,"column":51},"end":{"line":491,"column":null}}]},"28":{"loc":{"start":{"line":494,"column":12},"end":{"line":498,"column":13}},"type":"cond-expr","locations":[{"start":{"line":494,"column":12},"end":{"line":498,"column":13}}]},"29":{"loc":{"start":{"line":517,"column":4},"end":{"line":811,"column":null}},"type":"switch","locations":[{"start":{"line":518,"column":6},"end":{"line":562,"column":null}},{"start":{"line":563,"column":6},"end":{"line":619,"column":null}},{"start":{"line":620,"column":6},"end":{"line":756,"column":null}},{"start":{"line":757,"column":6},"end":{"line":808,"column":null}}]},"30":{"loc":{"start":{"line":540,"column":16},"end":{"line":540,"column":42}},"type":"binary-expr","locations":[{"start":{"line":540,"column":16},"end":{"line":540,"column":42}},{"start":{"line":540,"column":42},"end":{"line":540,"column":66}}]},"31":{"loc":{"start":{"line":550,"column":15},"end":{"line":550,"column":null}},"type":"binary-expr","locations":[{"start":{"line":550,"column":15},"end":{"line":550,"column":null}}]},"32":{"loc":{"start":{"line":638,"column":19},"end":{"line":638,"column":null}},"type":"binary-expr","locations":[{"start":{"line":638,"column":19},"end":{"line":638,"column":null}}]},"33":{"loc":{"start":{"line":643,"column":81},"end":{"line":643,"column":159}},"type":"cond-expr","locations":[{"start":{"line":643,"column":113},"end":{"line":643,"column":143}},{"start":{"line":643,"column":143},"end":{"line":643,"column":159}}]},"34":{"loc":{"start":{"line":649,"column":81},"end":{"line":649,"column":163}},"type":"cond-expr","locations":[{"start":{"line":649,"column":117},"end":{"line":649,"column":147}},{"start":{"line":649,"column":147},"end":{"line":649,"column":163}}]},"35":{"loc":{"start":{"line":655,"column":81},"end":{"line":655,"column":164}},"type":"cond-expr","locations":[{"start":{"line":655,"column":118},"end":{"line":655,"column":148}},{"start":{"line":655,"column":148},"end":{"line":655,"column":164}}]},"36":{"loc":{"start":{"line":661,"column":81},"end":{"line":661,"column":163}},"type":"cond-expr","locations":[{"start":{"line":661,"column":117},"end":{"line":661,"column":147}},{"start":{"line":661,"column":147},"end":{"line":661,"column":163}}]},"37":{"loc":{"start":{"line":668,"column":81},"end":{"line":668,"column":163}},"type":"cond-expr","locations":[{"start":{"line":668,"column":117},"end":{"line":668,"column":147}},{"start":{"line":668,"column":147},"end":{"line":668,"column":163}}]},"38":{"loc":{"start":{"line":674,"column":81},"end":{"line":674,"column":163}},"type":"cond-expr","locations":[{"start":{"line":674,"column":117},"end":{"line":674,"column":147}},{"start":{"line":674,"column":147},"end":{"line":674,"column":163}}]},"39":{"loc":{"start":{"line":680,"column":81},"end":{"line":680,"column":164}},"type":"cond-expr","locations":[{"start":{"line":680,"column":118},"end":{"line":680,"column":148}},{"start":{"line":680,"column":148},"end":{"line":680,"column":164}}]},"40":{"loc":{"start":{"line":686,"column":81},"end":{"line":686,"column":163}},"type":"cond-expr","locations":[{"start":{"line":686,"column":117},"end":{"line":686,"column":147}},{"start":{"line":686,"column":147},"end":{"line":686,"column":163}}]},"41":{"loc":{"start":{"line":693,"column":81},"end":{"line":693,"column":160}},"type":"cond-expr","locations":[{"start":{"line":693,"column":114},"end":{"line":693,"column":144}},{"start":{"line":693,"column":144},"end":{"line":693,"column":160}}]},"42":{"loc":{"start":{"line":698,"column":25},"end":{"line":698,"column":null}},"type":"binary-expr","locations":[{"start":{"line":698,"column":25},"end":{"line":698,"column":null}}]},"43":{"loc":{"start":{"line":739,"column":16},"end":{"line":740,"column":41}},"type":"cond-expr","locations":[{"start":{"line":739,"column":16},"end":{"line":740,"column":41}}]},"44":{"loc":{"start":{"line":785,"column":25},"end":{"line":788,"column":36}},"type":"cond-expr","locations":[{"start":{"line":786,"column":26},"end":{"line":788,"column":30}},{"start":{"line":788,"column":26},"end":{"line":788,"column":36}}]},"45":{"loc":{"start":{"line":813,"column":4},"end":{"line":827,"column":null}},"type":"if","locations":[{"start":{"line":813,"column":4},"end":{"line":827,"column":null}}]},"46":{"loc":{"start":{"line":843,"column":29},"end":{"line":843,"column":50}},"type":"binary-expr","locations":[{"start":{"line":843,"column":29},"end":{"line":843,"column":43}},{"start":{"line":843,"column":43},"end":{"line":843,"column":50}}]},"47":{"loc":{"start":{"line":852,"column":14},"end":{"line":867,"column":15}},"type":"cond-expr","locations":[{"start":{"line":852,"column":14},"end":{"line":867,"column":15}}]},"48":{"loc":{"start":{"line":893,"column":9},"end":{"line":893,"column":null}},"type":"binary-expr","locations":[{"start":{"line":893,"column":9},"end":{"line":893,"column":null}}]},"49":{"loc":{"start":{"line":908,"column":9},"end":{"line":908,"column":26}},"type":"binary-expr","locations":[{"start":{"line":908,"column":9},"end":{"line":908,"column":26}},{"start":{"line":908,"column":26},"end":{"line":908,"column":null}}]},"50":{"loc":{"start":{"line":920,"column":23},"end":{"line":923,"column":71}},"type":"cond-expr","locations":[{"start":{"line":920,"column":53},"end":{"line":920,"column":null}},{"start":{"line":921,"column":23},"end":{"line":923,"column":71}}]},"51":{"loc":{"start":{"line":921,"column":23},"end":{"line":923,"column":71}},"type":"cond-expr","locations":[{"start":{"line":921,"column":56},"end":{"line":921,"column":null}},{"start":{"line":922,"column":23},"end":{"line":923,"column":71}}]},"52":{"loc":{"start":{"line":922,"column":23},"end":{"line":923,"column":71}},"type":"cond-expr","locations":[{"start":{"line":922,"column":52},"end":{"line":922,"column":null}},{"start":{"line":923,"column":23},"end":{"line":923,"column":71}}]},"53":{"loc":{"start":{"line":923,"column":23},"end":{"line":923,"column":71}},"type":"cond-expr","locations":[{"start":{"line":923,"column":47},"end":{"line":923,"column":62}},{"start":{"line":923,"column":62},"end":{"line":923,"column":71}}]}},"s":{"0":0,"1":0,"2":0,"3":0,"4":0,"5":0,"6":0,"7":0,"8":0,"9":0,"10":0,"11":0,"12":0,"13":0,"14":0,"15":0,"16":0,"17":0,"18":0,"19":0,"20":0,"21":0,"22":0,"23":0,"24":0,"25":0,"26":0,"27":0,"28":0,"29":0,"30":0,"31":0,"32":0,"33":0,"34":0,"35":0,"36":0,"37":0,"38":0,"39":0,"40":0,"41":0,"42":0,"43":0,"44":0,"45":0,"46":0,"47":0,"48":0,"49":0,"50":0,"51":0,"52":0,"53":0,"54":0,"55":0,"56":0,"57":0,"58":0,"59":0,"60":0,"61":0,"62":0,"63":0,"64":0,"65":0,"66":0,"67":0,"68":0,"69":0,"70":0,"71":0,"72":0,"73":0,"74":0,"75":0,"76":0,"77":0,"78":0,"79":0,"80":0,"81":0,"82":0,"83":0,"84":0,"85":0,"86":0,"87":0,"88":0,"89":0,"90":0,"91":0,"92":0,"93":0,"94":0,"95":0,"96":0,"97":0,"98":0,"99":0,"100":0,"101":0,"102":0,"103":0,"104":0,"105":0,"106":0,"107":0,"108":0,"109":0,"110":0,"111":0,"112":0,"113":0,"114":0,"115":0,"116":0,"117":0,"118":0,"119":0,"120":0,"121":0,"122":0,"123":0,"124":0,"125":0,"126":0,"127":0,"128":0,"129":0,"130":0,"131":0,"132":0,"133":0,"134":0,"135":0,"136":0,"137":0,"138":0,"139":0,"140":0,"141":0,"142":0,"143":0,"144":0,"145":0,"146":0,"147":0,"148":0,"149":0,"150":0,"151":0,"152":0,"153":0,"154":0,"155":0,"156":0,"157":0,"158":0,"159":0,"160":0,"161":0,"162":0,"163":0,"164":0,"165":0,"166":0,"167":0,"168":0,"169":0,"170":0,"171":0,"172":0,"173":0,"174":0,"175":0,"176":0,"177":0,"178":0,"179":0,"180":0,"181":0,"182":0,"183":0,"184":0,"185":0,"186":0,"187":0,"188":0,"189":0,"190":0,"191":0,"192":0,"193":0,"194":0,"195":0,"196":0,"197":0,"198":0,"199":0,"200":0,"201":0,"202":0,"203":0,"204":0,"205":0,"206":0},"f":{"0":0,"1":0,"2":0,"3":0,"4":0,"5":0,"6":0,"7":0,"8":0,"9":0,"10":0,"11":0,"12":0,"13":0,"14":0,"15":0,"16":0,"17":0,"18":0,"19":0,"20":0,"21":0,"22":0,"23":0,"24":0,"25":0,"26":0,"27":0,"28":0,"29":0,"30":0,"31":0,"32":0,"33":0,"34":0,"35":0,"36":0,"37":0,"38":0,"39":0,"40":0,"41":0,"42":0,"43":0,"44":0,"45":0,"46":0,"47":0,"48":0,"49":0,"50":0,"51":0,"52":0,"53":0,"54":0,"55":0,"56":0,"57":0},"b":{"0":[0],"1":[0],"2":[0],"3":[0,0],"4":[0],"5":[0,0],"6":[0,0],"7":[0],"8":[0],"9":[0],"10":[0],"11":[0],"12":[0,0],"13":[0],"14":[0,0],"15":[0,0,0,0,0,0,0,0,0,0],"16":[0,0],"17":[0,0],"18":[0,0],"19":[0,0],"20":[0,0],"21":[0,0],"22":[0,0],"23":[0,0,0,0,0,0,0,0,0,0],"24":[0,0,0,0,0,0],"25":[0,0],"26":[0],"27":[0,0],"28":[0],"29":[0,0,0,0],"30":[0,0],"31":[0],"32":[0],"33":[0,0],"34":[0,0],"35":[0,0],"36":[0,0],"37":[0,0],"38":[0,0],"39":[0,0],"40":[0,0],"41":[0,0],"42":[0],"43":[0],"44":[0,0],"45":[0],"46":[0,0],"47":[0],"48":[0],"49":[0,0],"50":[0,0],"51":[0,0],"52":[0,0],"53":[0,0]}}
,"/mnt/c/users/jhobb/towtrace/frontend/towtrace-dashboard-new/src/app/dashboard/documents/page.tsx": {"path":"/mnt/c/users/jhobb/towtrace/frontend/towtrace-dashboard-new/src/app/dashboard/documents/page.tsx","statementMap":{"0":{"start":{"line":596,"column":0},"end":{"line":596,"column":15}},"1":{"start":{"line":3,"column":36},"end":{"line":3,"column":null}},"2":{"start":{"line":4,"column":24},"end":{"line":4,"column":null}},"3":{"start":{"line":5,"column":42},"end":{"line":5,"column":null}},"4":{"start":{"line":29,"column":36},"end":{"line":594,"column":null}},"5":{"start":{"line":30,"column":26},"end":{"line":30,"column":null}},"6":{"start":{"line":31,"column":36},"end":{"line":31,"column":null}},"7":{"start":{"line":32,"column":36},"end":{"line":32,"column":null}},"8":{"start":{"line":33,"column":38},"end":{"line":33,"column":null}},"9":{"start":{"line":34,"column":52},"end":{"line":38,"column":null}},"10":{"start":{"line":39,"column":54},"end":{"line":39,"column":null}},"11":{"start":{"line":41,"column":46},"end":{"line":41,"column":null}},"12":{"start":{"line":42,"column":46},"end":{"line":50,"column":null}},"13":{"start":{"line":53,"column":26},"end":{"line":58,"column":null}},"14":{"start":{"line":60,"column":24},"end":{"line":67,"column":null}},"15":{"start":{"line":69,"column":33},"end":{"line":100,"column":null}},"16":{"start":{"line":70,"column":4},"end":{"line":70,"column":null}},"17":{"start":{"line":71,"column":4},"end":{"line":99,"column":null}},"18":{"start":{"line":73,"column":27},"end":{"line":73,"column":null}},"19":{"start":{"line":73,"column":60},"end":{"line":73,"column":73}},"20":{"start":{"line":74,"column":27},"end":{"line":74,"column":null}},"21":{"start":{"line":77,"column":21},"end":{"line":77,"column":62}},"22":{"start":{"line":78,"column":6},"end":{"line":80,"column":null}},"23":{"start":{"line":79,"column":8},"end":{"line":79,"column":null}},"24":{"start":{"line":82,"column":23},"end":{"line":87,"column":null}},"25":{"start":{"line":89,"column":6},"end":{"line":91,"column":null}},"26":{"start":{"line":90,"column":8},"end":{"line":90,"column":null}},"27":{"start":{"line":93,"column":19},"end":{"line":93,"column":null}},"28":{"start":{"line":94,"column":6},"end":{"line":94,"column":null}},"29":{"start":{"line":96,"column":6},"end":{"line":96,"column":null}},"30":{"start":{"line":98,"column":6},"end":{"line":98,"column":null}},"31":{"start":{"line":102,"column":2},"end":{"line":106,"column":null}},"32":{"start":{"line":103,"column":4},"end":{"line":105,"column":null}},"33":{"start":{"line":104,"column":6},"end":{"line":104,"column":null}},"34":{"start":{"line":108,"column":33},"end":{"line":115,"column":null}},"35":{"start":{"line":109,"column":4},"end":{"line":113,"column":null}},"36":{"start":{"line":110,"column":6},"end":{"line":113,"column":null}},"37":{"start":{"line":110,"column":33},"end":{"line":113,"column":null}},"38":{"start":{"line":117,"column":28},"end":{"line":128,"column":null}},"39":{"start":{"line":118,"column":18},"end":{"l
[...]
nd":{"line":76,"column":null}}},"9":{"name":"(anonymous_14)","decl":{"start":{"line":88,"column":17},"end":{"line":88,"column":23}},"loc":{"start":{"line":88,"column":23},"end":{"line":88,"column":null}}},"10":{"name":"(anonymous_15)","decl":{"start":{"line":143,"column":23},"end":{"line":143,"column":29}},"loc":{"start":{"line":143,"column":29},"end":{"line":143,"column":null}}},"11":{"name":"(anonymous_16)","decl":{"start":{"line":150,"column":23},"end":{"line":150,"column":29}},"loc":{"start":{"line":150,"column":29},"end":{"line":150,"column":null}}},"12":{"name":"(anonymous_17)","decl":{"start":{"line":158,"column":25},"end":{"line":158,"column":31}},"loc":{"start":{"line":158,"column":31},"end":{"line":158,"column":null}}}},"branchMap":{"0":{"loc":{"start":{"line":17,"column":2},"end":{"line":17,"column":20}},"type":"default-arg","locations":[{"start":{"line":17,"column":13},"end":{"line":17,"column":20}}]},"1":{"loc":{"start":{"line":18,"column":2},"end":{"line":18,"column":19}},"type":"default-arg","locations":[{"start":{"line":18,"column":13},"end":{"line":18,"column":19}}]},"2":{"loc":{"start":{"line":19,"column":2},"end":{"line":19,"column":32}},"type":"default-arg","locations":[{"start":{"line":19,"column":14},"end":{"line":19,"column":32}}]},"3":{"loc":{"start":{"line":31,"column":6},"end":{"line":33,"column":null}},"type":"if","locations":[{"start":{"line":31,"column":6},"end":{"line":33,"column":null}}]},"4":{"loc":{"start":{"line":31,"column":10},"end":{"line":31,"column":78}},"type":"binary-expr","locations":[{"start":{"line":31,"column":10},"end":{"line":31,"column":25}},{"start":{"line":31,"column":29},"end":{"line":31,"column":78}}]},"5":{"loc":{"start":{"line":42,"column":6},"end":{"line":44,"column":null}},"type":"if","locations":[{"start":{"line":42,"column":6},"end":{"line":44,"column":null}}]},"6":{"loc":{"start":{"line":50,"column":4},"end":{"line":53,"column":null}},"type":"if","locations":[{"start":{"line":50,"column":4},"end":{"line":53,"column":null}}]},"7":{"loc":{"start":{"line":68,"column":4},"end":{"line":70,"column":null}},"type":"if","locations":[{"start":{"line":68,"column":4},"end":{"line":70,"column":null}}]},"8":{"loc":{"start":{"line":95,"column":14},"end":{"line":103,"column":15}},"type":"cond-expr","locations":[{"start":{"line":95,"column":14},"end":{"line":103,"column":15}}]},"9":{"loc":{"start":{"line":126,"column":7},"end":{"line":126,"column":null}},"type":"binary-expr","locations":[{"start":{"line":126,"column":7},"end":{"line":126,"column":null}}]},"10":{"loc":{"start":{"line":155,"column":13},"end":{"line":155,"column":null}},"type":"binary-expr","locations":[{"start":{"line":155,"column":13},"end":{"line":155,"column":null}}]}},"s":{"0":8,"1":1,"2":1,"3":1,"4":1,"5":14,"6":14,"7":14,"8":14,"9":14,"10":8,"11":0,"12":0,"13":8,"14":8,"15":8,"16":8,"17":0,"18":14,"19":0,"20":0,"21":0,"22":0,"23":14,"24":0,"25":0,"26":14,"27":1,"28":1,"29":1,"30":14,"31":0,"32":0,"33":5,"34":0,"35":0,"36":0,"37":1},"f":{"0":14,"1":8,"2":0,"3":8,"4":0,"5":0,"6":0,"7":1,"8":0,"9":5,"10":0,"11":0,"12":0},"b":{"0":[11],"1":[10],"2":[13],"3":[0],"4":[0,0],"5":[0],"6":[0],"7":[1],"8":[1],"9":[14],"10":[5]}}
,"/mnt/c/users/jhobb/towtrace/frontend/towtrace-dashboard-new/src/services/AuthService.ts": {"path":"/mnt/c/users/jhobb/towtrace/frontend/towtrace-dashboard-new/src/services/AuthService.ts","statementMap":{"0":{"start":{"line":47,"column":13},"end":{"line":47,"column":33}},"1":{"start":{"line":34,"column":13},"end":{"line":34,"column":32}},"2":{"start":{"line":62,"column":13},"end":{"line":62,"column":22}},"3":{"start":{"line":92,"column":13},"end":{"line":92,"column":25}},"4":{"start":{"line":21,"column":13},"end":{"line":21,"column":30}},"5":{"start":{"line":128,"column":13},"end":{"line":128,"column":23}},"6":{"start":{"line":10,"column":22},"end":{"line":10,"column":null}},"7":{"start":{"line":11,"column":24},"end":{"line":11,"column":null}},"8":{"start":{"line":14,"column":25},"end":{"line":14,"column":null}},"9":{"start":{"line":21,"column":33},"end":{"line":27,"column":null}},"10":{"start":{"line":22,"column":2},"end":{"line":26,"column":null}},"11":{"start":{"line":23,"column":4},"end":{"line":23,"column":null}},"12":{"start":{"line":25,"column":4},"end":{"line":25,"column":null}},"13":{"start":{"line":34,"column":35},"end":{"line":42,"column":null}},"14":{"start":{"line":35,"column":2},"end":{"line":41,"column":null}},"15":{"start":{"line":36,"column":23},"end":{"line":36,"column":null}},"16":{"start":{"line":37,"column":4},"end":{"line":37,"column":null}},"17":{"start":{"line":39,"column":4},"end":{"line":39,"column":null}},"18":{"start":{"line":40,"column":4},"end":{"line":40,"column":null}},"19":{"start":{"line":47,"column":36},"end":{"line":53,"column":null}},"20":{"start":{"line":48,"column":2},"end":{"line":52,"column":null}},"21":{"start":{"line":49,"column":4},"end":{"line":49,"column":null}},"22":{"start":{"line":51,"column":4},"end":{"line":51,"column":null}},"23":{"start":{"line":62,"column":25},"end":{"line":83,"column":null}},"24":{"start":{"line":64,"column":2},"end":{"line":64,"column":null}},"25":{"start":{"line":64,"column":31},"end":{"line":64,"column":null}},"26":{"start":{"line":70,"column":2},"end":{"line":82,"column":null}},"27":{"start":{"line":71,"column":4},"end":{"line":75,"column":null}},"28":{"start":{"line":77,"column":4},"end":{"line":81,"column":null}},"29":{"start":{"line":92,"column":28},"end":{"line":119,"column":null}},"30":{"start":{"line":94,"column":2},"end":{"line":94,"column":null}},"31":{"start":{"line":94,"column":31},"end":{"line":94,"column":null}},"32":{"start":{"line":97,"column":24},"end":{"line":116,"column":null}},"33":{"start":{"line":118,"column":2},"end":{"line":118,"column":null}},"34":{"start":{"line":128,"column":26},"end":{"line":134,"column":null}},"35":{"start":{"line":130,"column":2},"end":{"line":130,"column":null}},"36":{"start":{"line":130,"column":31},"end":{"line":130,"column":null}},"37":{"start":{"line":133,"column":2},"end":{"line":133,"column":null}}},"fnMap":{"0":{"name":"(anonymous_7)","decl":{"start":{"line":21,"column":33},"end":{"line":21,"column":34}},"loc":{"start":{"line":21,"column":34},"end":{"line":27,"column":null}}},"1":{"name":"(anonymous_8)","decl":{"start":{"line":34,"column":35},"end":{"line":34,"column":null}},"loc":{"start":{"line":34,"column":35},"end":{"line":42,"column":null}}},"2":{"name":"(anonymous_9)","decl":{"start":{"line":47,"column":36},"end":{"line":47,"column":null}},"loc":{"start":{"line":47,"column":36},"end":{"line":53,"column":null}}},"3":{"name":"(anonymous_10)","decl":{"start":{"line":62,"column":25},"end":{"line":62,"column":32}},"loc":{"start":{"line":62,"column":65},"end":{"line":83,"column":null}}},"4":{"name":"(anonymous_11)","decl":{"start":{"line":64,"column":20},"end":{"line":64,"column":31}},"loc":{"start":{"line":64,"column":31},"end":{"line":64,"column":null}}},"5":{"name":"(anonymous_12)","decl":{"start":{"line":92,"column":28},"end":{"line":92,"column":35}},"loc":{"start":{"line":92,"column":60},"end":{"line":119,"column":null}}},"6":{"name":"(anonymous_13)","decl":{"start":{"line":94,"column":20},"end":{"line":94,"column":31}},"loc":{"start":{"line":94,"column":31},"end":{"line":94,"column":null}}},"7":{"name":"(anonymous_14)","decl":{"start":{"line":128,"column":26},"end":{"line":128,"column":33}},"loc":{"start":{"line":128,"column":52},"end":{"line":134,"column":null}}},"8":{"name":"(anonymous_15)","decl":{"start":{"line":130,"column":20},"end":{"line":130,"column":31}},"loc":{"start":{"line":130,"column":31},"end":{"line":130,"column":null}}}},"branchMap":{"0":{"loc":{"start":{"line":37,"column":11},"end":{"line":37,"column":null}},"type":"cond-expr","locations":[{"start":{"line":37,"column":24},"end":{"line":37,"column":49}},{"start":{"line":37,"column":49},"end":{"line":37,"column":null}}]},"1":{"loc":{"start":{"line":70,"column":2},"end":{"line":82,"column":null}},"type":"if","locations":[{"start":{"line":70,"column":2},"end":{"line":82,"column":null}},{"start":{"line":76,"column":9},"end":{"line":82,"column":null}}]},"2":{"loc":{"start":{"line":99,"column":10},"end":{"line":99,"column":null}},"type":"binary-expr","locations":[{"start":{"line":99,"column":10},"end":{"line":99,"column":23}},{"start":{"line":99,"column":27},"end":{"line":99,"column":null}}]},"3":{"loc":{"start":{"line":100,"column":11},"end":{"line":100,"column":null}},"type":"binary-expr","locations":[{"start":{"line":100,"column":11},"end":{"line":100,"column":25}},{"start":{"line":100,"column":29},"end":{"line":100,"column":null}}]},"4":{"loc":{"start":{"line":101,"column":10},"end":{"line":101,"column":null}},"type":"binary-expr","locations":[{"start":{"line":101,"column":10},"end":{"line":101,"column":23}},{"start":{"line":101,"column":27},"end":{"line":101,"column":null}}]},"5":{"loc":{"start":{"line":104,"column":17},"end":{"line":104,"column":null}},"type":"binary-expr","locations":[{"start":{"line":104,"column":17},"end":{"line":104,"column":37}},{"start":{"line":104,"column":41},"end":{"line":104,"column":null}}]},"6":{"loc":{"start":{"line":105,"column":13},"end":{"line":105,"column":null}},"type":"binary-expr","locations":[{"start":{"line":105,"column":13},"end":{"line":105,"column":29}},{"start":{"line":105,"column":33},"end":{"line":105,"column":null}}]},"7":{"loc":{"start":{"line":106,"column":14},"end":{"line":106,"column":null}},"type":"binary-expr","locations":[{"start":{"line":106,"column":14},"end":{"line":106,"column":31}},{"start":{"line":106,"column":35},"end":{"line":106,"column":null}}]},"8":{"loc":{"start":{"line":107,"column":14},"end":{"line":107,"column":null}},"type":"binary-expr","locations":[{"start":{"line":107,"column":14},"end":{"line":107,"column":31}},{"start":{"line":107,"column":35},"end":{"line":107,"column":null}}]},"9":{"loc":{"start":{"line":108,"column":9},"end":{"line":108,"column":null}},"type":"binary-expr","locations":[{"start":{"line":108,"column":9},"end":{"line":108,"column":21}},{"start":{"line":108,"column":25},"end":{"line":108,"column":null}}]}},"s":{"0":2,"1":4,"2":3,"3":3,"4":3,"5":3,"6":2,"7":2,"8":2,"9":2,"10":2,"11":2,"12":1,"13":2,"14":3,"15":3,"16":3,"17":1,"18":1,"19":2,"20":1,"21":1,"22":0,"23":2,"24":2,"25":2,"26":2,"27":1,"28":1,"29":2,"30":2,"31":2,"32":2,"33":2,"34":2,"35":2,"36":2,"37":2},"f":{"0":2,"1":3,"2":1,"3":2,"4":2,"5":2,"6":2,"7":2,"8":2},"b":{"0":[2,1],"1":[1,1],"2":[2,1],"3":[2,0],"4":[2,1],"5":[2,2],"6":[2,2],"7":[2,2],"8":[2,2],"9":[2,2]}}
,"/mnt/c/users/jhobb/towtrace/frontend/towtrace-dashboard-new/src/services/GPSTrackingService.ts": {"path":"/mnt/c/users/jhobb/towtrace/frontend/towtrace-dashboard-new/src/services/GPSTrackingService.ts","statementMap":{"0":{"start":{"line":40,"column":13},"end":{"line":40,"column":33}},"1":{"start":{"line":20,"column":13},"end":{"line":20,"column":34}},"2":{"start":{"line":81,"column":13},"end":{"line":81,"column":35}},"3":{"start":{"line":8,"column":49},"end":{"line":8,"column":null}},"4":{"start":{"line":11,"column":33},"end":{"line":11,"column":38}},"5":{"start":{"line":20,"column":37},"end":{"line":32,"column":null}},"6":{"start":{"line":21,"column":23},"end":{"line":21,"column":null}},"7":{"start":{"line":23,"column":2},"end":{"line":29,"column":null}},"8":{"start":{"line":24,"column":4},"end":{"line":24,"column":null}},"9":{"start":{"line":26,"column":9},"end":{"line":29,"column":null}},"10":{"start":{"line":27,"column":4},"end":{"line":27,"column":null}},"11":{"start":{"line":31,"column":2},"end":{"line":31,"column":null}},"12":{"start":{"line":40,"column":36},"end":{"line":72,"column":null}},"13":{"start":{"line":41,"column":2},"end":{"line":43,"column":null}},"14":{"start":{"line":42,"column":4},"end":{"line":42,"column":null}},"15":{"start":{"line":46,"column":2},"end":{"line":56,"column":null}},"16":{"start":{"line":48,"column":4},"end":{"line":55,"column":null}},"17":{"start":{"line":54,"column":6},"end":{"line":54,"column":null}},"18":{"start":{"line":59,"column":2},"end":{"line":69,"column":null}},"19":{"start":{"line":61,"column":4},"end":{"line":68,"column":null}},"20":{"start":{"line":67,"column":6},"end":{"line":67,"column":null}},"21":{"start":{"line":71,"column":2},"end":{"line":71,"column":null}},"22":{"start":{"line":81,"column":38},"end":{"line":109,"column":null}},"23":{"start":{"line":82,"column":22},"end":{"line":82,"column":null}},"24":{"start":{"line":84,"column":2},"end":{"line":86,"column":null}},"25":{"start":{"line":85,"column":4},"end":{"line":85,"column":null}},"26":{"start":{"line":89,"column":2},"end":{"line":106,"column":null}},"27":{"start":{"line":91,"column":4},"end":{"line":95,"column":null}},"28":{"start":{"line":104,"column":4},"end":{"line":104,"column":null}},"29":{"start":{"line":105,"column":4},"end":{"line":105,"column":null}},"30":{"start":{"line":108,"column":2},"end":{"line":108,"column":null}}},"fnMap":{"0":{"name":"(anonymous_4)","decl":{"start":{"line":20,"column":37},"end":{"line":20,"column":38}},"loc":{"start":{"line":20,"column":54},"end":{"line":32,"column":null}}},"1":{"name":"(anonymous_5)","decl":{"start":{"line":40,"column":36},"end":{"line":40,"column":37}},"loc":{"start":{"line":40,"column":37},"end":{"line":72,"column":null}}},"2":{"name":"(anonymous_6)","decl":{"start":{"line":81,"column":38},"end":{"line":81,"column":39}},"loc":{"start":{"line":81,"column":39},"end":{"line":109,"column":null}}}},"branchMap":{"0":{"loc":{"start":{"line":23,"column":2},"end":{"line":29,"column":null}},"type":"if","locations":[{"start":{"line":23,"column":2},"end":{"line":29,"column":null}},{"start":{"line":26,"column":9},"end":{"line":29,"column":null}}]},"1":{"loc":{"start":{"line":26,"column":9},"end":{"line":29,"column":null}},"type":"if","locations":[{"start":{"line":26,"column":9},"end":{"line":29,"column":null}}]},"2":{"loc":{"start":{"line":26,"column":13},"end":{"line":26,"column":90}},"type":"binary-expr","locations":[{"start":{"line":26,"column":13},"end":{"line":26,"column":40}},{"start":{"line":26,"column":40},"end":{"line":26,"column":60}},{"start":{"line":26,"column":64},"end":{"line":26,"column":90}}]},"3":{"loc":{"start":{"line":41,"column":2},"end":{"line":43,"column":null}},"type":"if","locations":[{"start":{"line":41,"column":2},"end":{"line":43,"column":null}}]},"4":{"loc":{"start":{"line":41,"column":6},"end":{"line":41,"column":69}},"type":"binary-expr","locations":[{"start":{"line":41,"column":6},"end":{"line":41,"column":19}},{"start":{"line":41,"column":19},"end":{"line":41,"column":49}},{"start":{"line":41,"column":49},"end":{"line":41,"column":69}}]},"5":{"loc":{"start":{"line":46,"column":2},"end":{"line":56,"column":null}},"type":"if","locations":[{"start":{"line":46,"column":2},"end":{"line":56,"column":null}}]},"6":{"loc":{"start":{"line":46,"column":6},"end":{"line":46,"column":64}},"type":"binary-expr","locations":[{"start":{"line":46,"column":6},"end":{"line":46,"column":30}},{"start":{"line":46,"column":34},"end":{"line":46,"column":64}}]},"7":{"loc":{"start":{"line":48,"column":4},"end":{"line":55,"column":null}},"type":"if","locations":[{"start":{"line":48,"column":4},"end":{"line":55,"column":null}}]},"8":{"loc":{"start":{"line":59,"column":2},"end":{"line":69,"column":null}},"type":"if","locations":[{"start":{"line":59,"column":2},"end":{"line":69,"column":null}}]},"9":{"loc":{"start":{"line":59,"column":6},"end":{"line":59,"column":65}},"type":"binary-expr","locations":[{"start":{"line":59,"column":6},"end":{"line":59,"column":30}},{"start":{"line":59,"column":34},"end":{"line":59,"column":65}}]},"10":{"loc":{"start":{"line":61,"column":4},"end":{"line":68,"column":null}},"type":"if","locations":[{"start":{"line":61,"column":4},"end":{"line":68,"column":null}}]},"11":{"loc":{"start":{"line":84,"column":2},"end":{"line":86,"column":null}},"type":"if","locations":[{"start":{"line":84,"column":2},"end":{"line":86,"column":null}}]},"12":{"loc":{"start":{"line":84,"column":6},"end":{"line":84,"column":56}},"type":"binary-expr","locations":[{"start":{"line":84,"column":6},"end":{"line":84,"column":36}},{"start":{"line":84,"column":36},"end":{"line":84,"column":56}}]},"13":{"loc":{"start":{"line":89,"column":2},"end":{"line":106,"column":null}},"type":"if","locations":[{"start":{"line":89,"column":2},"end":{"line":106,"column":null}}]},"14":{"loc":{"start":{"line":89,"column":6},"end":{"line":89,"column":81}},"type":"binary-expr","locations":[{"start":{"line":89,"column":6},"end":{"line":89,"column":50}},{"start":{"line":89,"column":50},"end":{"line":89,"column":81}}]}},"s":{"0":6,"1":5,"2":5,"3":2,"4":2,"5":2,"6":4,"7":4,"8":1,"9":3,"10":1,"11":4,"12":2,"13":5,"14":2,"15":3,"16":3,"17":1,"18":2,"19":2,"20":1,"21":1,"22":2,"23":4,"24":4,"25":2,"26":2,"27":1,"28":1,"29":1,"30":2},"f":{"0":4,"1":5,"2":4},"b":{"0":[1,3],"1":[1],"2":[3,3,1],"3":[2],"4":[5,5,4],"5":[3],"6":[3,3],"7":[1],"8":[2],"9":[2,2],"10":[1],"11":[2],"12":[4,3],"13":[1],"14":[2,1]}}
,"/mnt/c/users/jhobb/towtrace/frontend/towtrace-dashboard-new/src/utils/locationUtils.ts": {"path":"/mnt/c/users/jhobb/towtrace/frontend/towtrace-dashboard-new/src/utils/locationUtils.ts","statementMap":{"0":{"start":{"line":10,"column":13},"end":{"line":10,"column":28}},"1":{"start":{"line":9,"column":13},"end":{"line":9,"column":31}},"2":{"start":{"line":31,"column":13},"end":{"line":31,"column":30}},"3":{"start":{"line":18,"column":13},"end":{"line":18,"column":20}},"4":{"start":{"line":73,"column":13},"end":{"line":73,"column":35}},"5":{"start":{"line":53,"column":13},"end":{"line":53,"column":21}},"6":{"start":{"line":9,"column":34},"end":{"line":9,"column":39}},"7":{"start":{"line":10,"column":31},"end":{"line":10,"column":37}},"8":{"start":{"line":18,"column":23},"end":{"line":20,"column":null}},"9":{"start":{"line":19,"column":2},"end":{"line":19,"column":null}},"10":{"start":{"line":31,"column":33},"end":{"line":41,"column":null}},"11":{"start":{"line":32,"column":15},"end":{"line":32,"column":null}},"12":{"start":{"line":33,"column":15},"end":{"line":33,"column":null}},"13":{"start":{"line":35,"column":4},"end":{"line":37,"column":null}},"14":{"start":{"line":38,"column":12},"end":{"line":38,"column":null}},"15":{"start":{"line":39,"column":19},"end":{"line":39,"column":40}},"16":{"start":{"line":40,"column":2},"end":{"line":40,"column":null}},"17":{"start":{"line":53,"column":24},"end":{"line":62,"column":null}},"18":{"start":{"line":60,"column":19},"end":{"line":60,"column":null}},"19":{"start":{"line":61,"column":2},"end":{"line":61,"column":null}},"20":{"start":{"line":73,"column":38},"end":{"line":82,"column":null}},"21":{"start":{"line":78,"column":2},"end":{"line":81,"column":null}}},"fnMap":{"0":{"name":"(anonymous_7)","decl":{"start":{"line":18,"column":23},"end":{"line":18,"column":24}},"loc":{"start":{"line":18,"column":24},"end":{"line":20,"column":null}}},"1":{"name":"(anonymous_8)","decl":{"start":{"line":31,"column":33},"end":{"line":31,"column":34}},"loc":{"start":{"line":31,"column":76},"end":{"line":41,"column":null}}},"2":{"name":"(anonymous_9)","decl":{"start":{"line":53,"column":24},"end":{"line":53,"column":null}},"loc":{"start":{"line":58,"column":36},"end":{"line":62,"column":null}}},"3":{"name":"(anonymous_10)","decl":{"start":{"line":73,"column":38},"end":{"line":73,"column":null}},"loc":{"start":{"line":76,"column":18},"end":{"line":82,"column":null}}}},"branchMap":{"0":{"loc":{"start":{"line":58,"column":2},"end":{"line":58,"column":36}},"type":"default-arg","locations":[{"start":{"line":58,"column":18},"end":{"line":58,"column":36}}]},"1":{"loc":{"start":{"line":76,"column":2},"end":{"line":76,"column":18}},"type":"default-arg","locations":[{"start":{"line":76,"column":13},"end":{"line":76,"column":18}}]}},"s":{"0":1,"1":1,"2":4,"3":5,"4":4,"5":4,"6":2,"7":2,"8":2,"9":37,"10":2,"11":8,"12":8,"13":8,"14":8,"15":8,"16":8,"17":2,"18":4,"19":4,"20":2,"21":4},"f":{"0":37,"1":8,"2":4,"3":4},"b":{"0":[3],"1":[3]}}
}
