TN:
SF:src/app/layout.tsx
FN:11,RootLayout
FNF:1
FNH:0
FNDA:0,RootLayout
DA:1,0
DA:4,0
DA:6,0
DA:11,0
LF:4
LH:0
BRF:0
BRH:0
end_of_record
TN:
SF:src/app/page.tsx
FN:4,Home
FNF:1
FNH:0
FNDA:0,Home
DA:1,0
DA:2,0
DA:4,0
LF:3
LH:0
BRF:0
BRH:0
end_of_record
TN:
SF:src/app/providers.tsx
FN:11,Providers
FNF:1
FNH:0
FNDA:0,Providers
DA:4,0
DA:5,0
DA:11,0
LF:3
LH:0
BRF:0
BRH:0
end_of_record
TN:
SF:src/app/context/auth-context.tsx
FN:79,(anonymous_3)
FN:80,(anonymous_4)
FN:81,(anonymous_5)
FN:82,(anonymous_6)
FN:102,(anonymous_7)
FN:182,AuthProvider
FN:189,(anonymous_9)
FN:190,(anonymous_10)
FN:219,(anonymous_11)
FN:265,(anonymous_12)
FN:288,(anonymous_13)
FN:314,(anonymous_14)
FN:318,(anonymous_15)
FNF:13
FNH:9
FNDA:0,(anonymous_3)
FNDA:0,(anonymous_4)
FNDA:0,(anonymous_5)
FNDA:0,(anonymous_6)
FNDA:24,(anonymous_7)
FNDA:24,AuthProvider
FNDA:7,(anonymous_9)
FNDA:7,(anonymous_10)
FNDA:2,(anonymous_11)
FNDA:1,(anonymous_12)
FNDA:1,(anonymous_13)
FNDA:1,(anonymous_14)
FNDA:1,(anonymous_15)
DA:3,1
DA:11,1
DA:16,1
DA:75,1
DA:102,24
DA:105,1
DA:128,1
DA:182,7
DA:183,24
DA:184,24
DA:189,24
DA:190,7
DA:191,7
DA:193,7
DA:195,7
DA:196,4
DA:199,3
DA:200,3
DA:203,7
DA:205,0
DA:206,0
DA:207,0
DA:211,7
DA:219,24
DA:220,2
DA:221,2
DA:222,2
DA:223,0
DA:227,2
DA:230,2
DA:232,0
DA:235,0
DA:236,0
DA:239,0
DA:240,0
DA:241,0
DA:247,2
DA:248,2
DA:250,2
DA:252,0
DA:253,0
DA:255,2
DA:265,24
DA:266,1
DA:267,1
DA:269,1
DA:272,1
DA:273,1
DA:275,0
DA:276,0
DA:278,1
DA:288,24
DA:289,1
DA:290,1
DA:292,1
DA:298,1
DA:301,1
DA:302,1
DA:304,0
DA:305,0
DA:307,1
DA:314,24
DA:315,1
DA:316,1
DA:318,1
DA:321,1
DA:322,1
DA:324,0
DA:326,1
LF:69
LH:52
BRDA:195,0,0,4
BRDA:195,0,1,3
BRDA:222,1,0,0
BRDA:230,2,0,0
BRDA:235,3,0,0
BRDA:235,4,0,0
BRDA:235,4,1,0
BRDA:240,5,0,0
BRF:8
BRH:2
end_of_record
TN:
SF:src/app/context/notification-context.tsx
FN:18,(anonymous_6)
FN:21,(anonymous_7)
FN:24,(anonymous_8)
FN:47,(anonymous_9)
FN:64,(anonymous_10)
FN:65,(anonymous_11)
FN:77,(anonymous_12)
FN:94,(anonymous_13)
FN:95,(anonymous_14)
FN:103,(anonymous_15)
FN:128,(anonymous_16)
FN:135,(anonymous_17)
FN:138,(anonymous_18)
FN:142,(anonymous_19)
FN:161,(anonymous_20)
FNF:15
FNH:0
FNDA:0,(anonymous_6)
FNDA:0,(anonymous_7)
FNDA:0,(anonymous_8)
FNDA:0,(anonymous_9)
FNDA:0,(anonymous_10)
FNDA:0,(anonymous_11)
FNDA:0,(anonymous_12)
FNDA:0,(anonymous_13)
FNDA:0,(anonymous_14)
FNDA:0,(anonymous_15)
FNDA:0,(anonymous_16)
FNDA:0,(anonymous_17)
FNDA:0,(anonymous_18)
FNDA:0,(anonymous_19)
FNDA:0,(anonymous_20)
DA:3,0
DA:5,0
DA:16,0
DA:18,0
DA:19,0
DA:20,0
DA:21,0
DA:24,0
DA:25,0
DA:27,0
DA:28,0
DA:35,0
DA:36,0
DA:39,0
DA:40,0
DA:42,0
DA:47,0
DA:48,0
DA:50,0
DA:51,0
DA:59,0
DA:60,0
DA:64,0
DA:65,0
DA:66,0
DA:72,0
DA:77,0
DA:78,0
DA:80,0
DA:81,0
DA:89,0
DA:90,0
DA:94,0
DA:95,0
DA:98,0
DA:103,0
DA:104,0
DA:106,0
DA:107,0
DA:116,0
DA:117,0
DA:120,0
DA:122,0
DA:123,0
DA:128,0
DA:129,0
DA:130,0
DA:135,0
DA:136,0
DA:138,0
DA:139,0
DA:142,0
DA:145,0
DA:161,0
DA:162,0
DA:163,0
DA:164,0
DA:166,0
LF:58
LH:0
BRDA:25,0,0,0
BRDA:25,1,0,0
BRDA:25,1,1,0
BRDA:35,2,0,0
BRDA:40,3,0,0
BRDA:40,3,1,0
BRDA:48,4,0,0
BRDA:48,5,0,0
BRDA:48,5,1,0
BRDA:59,6,0,0
BRDA:66,7,0,0
BRDA:66,7,1,0
BRDA:78,8,0,0
BRDA:78,9,0,0
BRDA:78,9,1,0
BRDA:89,10,0,0
BRDA:104,11,0,0
BRDA:104,12,0,0
BRDA:104,12,1,0
BRDA:116,13,0,0
BRDA:129,14,0,0
BRDA:136,15,0,0
BRDA:163,16,0,0
BRF:23
BRH:0
end_of_record
TN:
SF:src/app/dashboard/layout.tsx
FN:12,(anonymous_2)
FN:35,DashboardLayout
FN:47,(anonymous_4)
FN:54,(anonymous_5)
FN:67,(anonymous_6)
FN:73,(anonymous_7)
FN:76,(anonymous_8)
FN:81,(anonymous_9)
FN:92,(anonymous_10)
FN:99,(anonymous_11)
FN:130,(anonymous_12)
FN:154,(anonymous_13)
FN:197,(anonymous_14)
FN:227,(anonymous_15)
FN:236,(anonymous_16)
FN:247,(anonymous_17)
FN:275,(anonymous_18)
FNF:17
FNH:0
FNDA:0,(anonymous_2)
FNDA:0,DashboardLayout
FNDA:0,(anonymous_4)
FNDA:0,(anonymous_5)
FNDA:0,(anonymous_6)
FNDA:0,(anonymous_7)
FNDA:0,(anonymous_8)
FNDA:0,(anonymous_9)
FNDA:0,(anonymous_10)
FNDA:0,(anonymous_11)
FNDA:0,(anonymous_12)
FNDA:0,(anonymous_13)
FNDA:0,(anonymous_14)
FNDA:0,(anonymous_15)
FNDA:0,(anonymous_16)
FNDA:0,(anonymous_17)
FNDA:0,(anonymous_18)
DA:3,0
DA:4,0
DA:5,0
DA:6,0
DA:7,0
DA:8,0
DA:9,0
DA:12,0
DA:13,0
DA:24,0
DA:25,0
DA:32,0
DA:35,0
DA:40,0
DA:41,0
DA:42,0
DA:43,0
DA:44,0
DA:47,0
DA:48,0
DA:49,0
DA:54,0
DA:55,0
DA:56,0
DA:59,0
DA:60,0
DA:63,0
DA:67,0
DA:68,0
DA:69,0
DA:73,0
DA:74,0
DA:76,0
DA:77,0
DA:78,0
DA:81,0
DA:83,0
DA:92,0
DA:93,0
DA:94,0
DA:95,0
DA:98,0
DA:99,0
DA:103,0
DA:130,0
DA:155,0
DA:197,0
DA:228,0
DA:236,0
DA:248,0
DA:249,0
DA:276,0
LF:52
LH:0
BRDA:24,0,0,0
BRDA:48,1,0,0
BRDA:48,2,0,0
BRDA:48,2,1,0
BRDA:55,3,0,0
BRDA:55,4,0,0
BRDA:55,4,1,0
BRDA:59,5,0,0
BRDA:59,6,0,0
BRDA:59,6,1,0
BRDA:94,7,0,0
BRDA:94,8,0,0
BRDA:94,8,1,0
BRDA:103,9,0,0
BRDA:103,10,0,0
BRDA:103,10,1,0
BRDA:133,11,0,0
BRDA:159,12,0,0
BRDA:159,12,1,0
BRDA:182,13,0,0
BRDA:182,13,1,0
BRDA:183,14,0,0
BRDA:183,14,1,0
BRDA:184,15,0,0
BRDA:184,15,1,0
BRDA:194,16,0,0
BRDA:205,17,0,0
BRDA:213,18,0,0
BRDA:213,18,1,0
BRDA:232,19,0,0
BRDA:232,19,1,0
BRDA:282,20,0,0
BRF:32
BRH:0
end_of_record
TN:
SF:src/app/dashboard/page.tsx
FN:35,(anonymous_2)
FN:41,(anonymous_3)
FN:48,(anonymous_4)
FN:111,DashboardPage
FN:123,(anonymous_6)
FN:143,(anonymous_7)
FN:150,(anonymous_8)
FN:156,(anonymous_9)
FN:167,(anonymous_10)
FN:168,(anonymous_11)
FN:179,(anonymous_12)
FN:191,(anonymous_13)
FN:192,(anonymous_14)
FN:206,(anonymous_15)
FN:207,(anonymous_16)
FN:305,(anonymous_17)
FN:306,(anonymous_18)
FN:313,(anonymous_19)
FN:319,(anonymous_20)
FN:347,(anonymous_21)
FN:350,(anonymous_22)
FN:353,(anonymous_23)
FN:356,(anonymous_24)
FN:359,(anonymous_25)
FN:362,(anonymous_26)
FN:365,(anonymous_27)
FN:368,(anonymous_28)
FN:375,(anonymous_29)
FN:388,(anonymous_30)
FN:404,(anonymous_31)
FN:422,(anonymous_32)
FN:477,(anonymous_33)
FN:478,(anonymous_34)
FN:481,(anonymous_35)
FN:489,(anonymous_36)
FN:504,(anonymous_37)
FN:629,(anonymous_38)
FN:642,(anonymous_39)
FN:648,(anonymous_40)
FN:654,(anonymous_41)
FN:660,(anonymous_42)
FN:667,(anonymous_43)
FN:673,(anonymous_44)
FN:679,(anonymous_45)
FN:685,(anonymous_46)
FN:692,(anonymous_47)
FN:705,(anonymous_48)
FN:714,(anonymous_49)
FN:719,(anonymous_50)
FN:739,(anonymous_51)
FN:780,(anonymous_52)
FN:854,(anonymous_53)
FN:869,(anonymous_54)
FN:908,(anonymous_55)
FN:913,(anonymous_56)
FN:914,(anonymous_57)
FN:926,(anonymous_58)
FN:939,(anonymous_59)
FNF:58
FNH:0
FNDA:0,(anonymous_2)
FNDA:0,(anonymous_3)
FNDA:0,(anonymous_4)
FNDA:0,DashboardPage
FNDA:0,(anonymous_6)
FNDA:0,(anonymous_7)
FNDA:0,(anonymous_8)
FNDA:0,(anonymous_9)
FNDA:0,(anonymous_10)
FNDA:0,(anonymous_11)
FNDA:0,(anonymous_12)
FNDA:0,(anonymous_13)
FNDA:0,(anonymous_14)
FNDA:0,(anonymous_15)
FNDA:0,(anonymous_16)
FNDA:0,(anonymous_17)
FNDA:0,(anonymous_18)
FNDA:0,(anonymous_19)
FNDA:0,(anonymous_20)
FNDA:0,(anonymous_21)
FNDA:0,(anonymous_22)
FNDA:0,(anonymous_23)
FNDA:0,(anonymous_24)
FNDA:0,(anonymous_25)
FNDA:0,(anonymous_26)
FNDA:0,(anonymous_27)
FNDA:0,(anonymous_28)
FNDA:0,(anonymous_29)
FNDA:0,(anonymous_30)
FNDA:0,(anonymous_31)
FNDA:0,(anonymous_32)
FNDA:0,(anonymous_33)
FNDA:0,(anonymous_34)
FNDA:0,(anonymous_35)
FNDA:0,(anonymous_36)
FNDA:0,(anonymous_37)
FNDA:0,(anonymous_38)
FNDA:0,(anonymous_39)
FNDA:0,(anonymous_40)
FNDA:0,(anonymous_41)
FNDA:0,(anonymous_42)
FNDA:0,(anonymous_43)
FNDA:0,(anonymous_44)
FNDA:0,(anonymous_45)
FNDA:0,(anonymous_46)
FNDA:0,(anonymous_47)
FNDA:0,(anonymous_48)
FNDA:0,(anonymous_49)
FNDA:0,(anonymous_50)
FNDA:0,(anonymous_51)
FNDA:0,(anonymous_52)
FNDA:0,(anonymous_53)
FNDA:0,(anonymous_54)
FNDA:0,(anonymous_55)
FNDA:0,(anonymous_56)
FNDA:0,(anonymous_57)
FNDA:0,(anonymous_58)
FNDA:0,(anonymous_59)
DA:3,0
DA:4,0
DA:5,0
DA:6,0
DA:7,0
DA:35,0
DA:36,0
DA:38,0
DA:41,0
DA:46,0
DA:49,0
DA:50,0
DA:53,0
DA:54,0
DA:57,0
DA:58,0
DA:62,0
DA:65,0
DA:68,0
DA:71,0
DA:75,0
DA:76,0
DA:80,0
DA:81,0
DA:85,0
DA:90,0
DA:94,0
DA:111,0
DA:112,0
DA:115,0
DA:123,0
DA:124,0
DA:125,0
DA:126,0
DA:127,0
DA:128,0
DA:130,0
DA:134,0
DA:137,0
DA:138,0
DA:143,0
DA:144,0
DA:150,0
DA:151,0
DA:152,0
DA:156,0
DA:157,0
DA:158,0
DA:159,0
DA:162,0
DA:167,0
DA:168,0
DA:169,0
DA:172,0
DA:173,0
DA:176,0
DA:179,0
DA:184,0
DA:191,0
DA:192,0
DA:193,0
DA:194,0
DA:196,0
DA:199,0
DA:206,0
DA:207,0
DA:208,0
DA:209,0
DA:214,0
DA:217,0
DA:224,0
DA:258,0
DA:297,0
DA:298,0
DA:299,0
DA:300,0
DA:301,0
DA:302,0
DA:305,0
DA:306,0
DA:307,0
DA:308,0
DA:312,0
DA:313,0
DA:314,0
DA:319,0
DA:320,0
DA:321,0
DA:322,0
DA:323,0
DA:325,0
DA:326,0
DA:328,0
DA:329,0
DA:330,0
DA:331,0
DA:333,0
DA:335,0
DA:336,0
DA:338,0
DA:340,0
DA:341,0
DA:345,0
DA:347,0
DA:348,0
DA:350,0
DA:351,0
DA:353,0
DA:354,0
DA:356,0
DA:357,0
DA:359,0
DA:360,0
DA:362,0
DA:363,0
DA:365,0
DA:366,0
DA:368,0
DA:369,0
DA:371,0
DA:372,0
DA:373,0
DA:374,0
DA:375,0
DA:377,0
DA:379,0
DA:381,0
DA:384,0
DA:388,0
DA:389,0
DA:390,0
DA:391,0
DA:392,0
DA:393,0
DA:394,0
DA:395,0
DA:396,0
DA:397,0
DA:398,0
DA:399,0
DA:404,0
DA:405,0
DA:407,0
DA:409,0
DA:411,0
DA:413,0
DA:415,0
DA:417,0
DA:422,0
DA:423,0
DA:476,0
DA:477,0
DA:478,0
DA:481,0
DA:482,0
DA:483,0
DA:489,0
DA:504,0
DA:517,0
DA:562,0
DA:619,0
DA:629,0
DA:642,0
DA:648,0
DA:654,0
DA:660,0
DA:667,0
DA:673,0
DA:679,0
DA:685,0
DA:692,0
DA:705,0
DA:714,0
DA:719,0
DA:740,0
DA:756,0
DA:781,0
DA:808,0
DA:813,0
DA:814,0
DA:829,0
DA:854,0
DA:869,0
DA:908,0
DA:913,0
DA:915,0
DA:926,0
DA:939,0
LF:188
LH:0
BRDA:49,0,0,0
BRDA:57,1,0,0
BRDA:75,2,0,0
BRDA:75,3,0,0
BRDA:75,3,1,0
BRDA:80,4,0,0
BRDA:80,5,0,0
BRDA:80,5,1,0
BRDA:100,6,0,0
BRDA:100,6,1,0
BRDA:124,7,0,0
BRDA:126,8,0,0
BRDA:157,9,0,0
BRDA:193,10,0,0
BRDA:208,11,0,0
BRDA:211,12,0,0
BRDA:211,12,1,0
BRDA:307,13,0,0
BRDA:307,14,0,0
BRDA:307,14,1,0
BRDA:345,15,0,0
BRDA:345,15,1,0
BRDA:345,15,2,0
BRDA:345,15,3,0
BRDA:345,15,4,0
BRDA:345,15,5,0
BRDA:345,15,6,0
BRDA:345,15,7,0
BRDA:345,15,8,0
BRDA:345,15,9,0
BRDA:350,16,0,0
BRDA:350,16,1,0
BRDA:356,17,0,0
BRDA:356,17,1,0
BRDA:362,18,0,0
BRDA:362,18,1,0
BRDA:368,19,0,0
BRDA:368,19,1,0
BRDA:371,20,0,0
BRDA:371,20,1,0
BRDA:371,21,0,0
BRDA:371,21,1,0
BRDA:375,22,0,0
BRDA:375,22,1,0
BRDA:389,23,0,0
BRDA:389,23,1,0
BRDA:389,23,2,0
BRDA:389,23,3,0
BRDA:389,23,4,0
BRDA:389,23,5,0
BRDA:389,23,6,0
BRDA:389,23,7,0
BRDA:389,23,8,0
BRDA:389,23,9,0
BRDA:405,24,0,0
BRDA:405,24,1,0
BRDA:405,24,2,0
BRDA:405,24,3,0
BRDA:405,24,4,0
BRDA:405,24,5,0
BRDA:483,25,0,0
BRDA:483,25,1,0
BRDA:486,26,0,0
BRDA:491,27,0,0
BRDA:491,27,1,0
BRDA:494,28,0,0
BRDA:517,29,0,0
BRDA:517,29,1,0
BRDA:517,29,2,0
BRDA:517,29,3,0
BRDA:540,30,0,0
BRDA:540,30,1,0
BRDA:550,31,0,0
BRDA:638,32,0,0
BRDA:643,33,0,0
BRDA:643,33,1,0
BRDA:649,34,0,0
BRDA:649,34,1,0
BRDA:655,35,0,0
BRDA:655,35,1,0
BRDA:661,36,0,0
BRDA:661,36,1,0
BRDA:668,37,0,0
BRDA:668,37,1,0
BRDA:674,38,0,0
BRDA:674,38,1,0
BRDA:680,39,0,0
BRDA:680,39,1,0
BRDA:686,40,0,0
BRDA:686,40,1,0
BRDA:693,41,0,0
BRDA:693,41,1,0
BRDA:698,42,0,0
BRDA:739,43,0,0
BRDA:785,44,0,0
BRDA:785,44,1,0
BRDA:813,45,0,0
BRDA:843,46,0,0
BRDA:843,46,1,0
BRDA:852,47,0,0
BRDA:893,48,0,0
BRDA:908,49,0,0
BRDA:908,49,1,0
BRDA:920,50,0,0
BRDA:920,50,1,0
BRDA:921,51,0,0
BRDA:921,51,1,0
BRDA:922,52,0,0
BRDA:922,52,1,0
BRDA:923,53,0,0
BRDA:923,53,1,0
BRF:111
BRH:0
end_of_record
TN:
SF:src/app/dashboard/documents/page.tsx
FN:29,(anonymous_1)
FN:69,(anonymous_2)
FN:73,(anonymous_3)
FN:102,(anonymous_4)
FN:108,(anonymous_5)
FN:109,(anonymous_6)
FN:110,(anonymous_7)
FN:117,(anonymous_8)
FN:130,(anonymous_9)
FN:143,(anonymous_10)
FN:149,(anonymous_11)
FN:171,(anonymous_12)
FN:193,(anonymous_13)
FN:195,(anonymous_14)
FN:201,(anonymous_15)
FN:203,(anonymous_16)
FN:210,(anonymous_17)
FN:265,(anonymous_18)
FN:280,(anonymous_19)
FN:308,(anonymous_20)
FN:326,(anonymous_21)
FN:447,(anonymous_22)
FN:470,(anonymous_23)
FN:475,(anonymous_24)
FN:483,(anonymous_25)
FN:493,(anonymous_26)
FN:495,(anonymous_27)
FN:537,(anonymous_28)
FN:566,(anonymous_29)
FN:572,(anonymous_30)
FN:578,(anonymous_31)
FNF:31
FNH:0
FNDA:0,(anonymous_1)
FNDA:0,(anonymous_2)
FNDA:0,(anonymous_3)
FNDA:0,(anonymous_4)
FNDA:0,(anonymous_5)
FNDA:0,(anonymous_6)
FNDA:0,(anonymous_7)
FNDA:0,(anonymous_8)
FNDA:0,(anonymous_9)
FNDA:0,(anonymous_10)
FNDA:0,(anonymous_11)
FNDA:0,(anonymous_12)
FNDA:0,(anonymous_13)
FNDA:0,(anonymous_14)
FNDA:0,(anonymous_15)
FNDA:0,(anonymous_16)
FNDA:0,(anonymous_17)
FNDA:0,(anonymous_18)
FNDA:0,(anonymous_19)
FNDA:0,(anonymous_20)
FNDA:0,(anonymous_21)
FNDA:0,(anonymous_22)
FNDA:0,(anonymous_23)
FNDA:0,(anonymous_24)
FNDA:0,(anonymous_25)
FNDA:0,(anonymous_26)
FNDA:0,(anonymous_27)
FNDA:0,(anonymous_28)
FNDA:0,(anonymous_29)
FNDA:0,(anonymous_30)
FNDA:0,(anonymous_31)
DA:3,0
DA:4,0
DA:5,0
DA:29,0
DA:30,0
DA:31,0
DA:32,0
DA:33,0
DA:34,0
DA:39,0
DA:41,0
DA:42,0
DA:53,0
DA:60,0
DA:69,0
DA:70,0
DA:71,0
DA:73,0
DA:74,0
DA:77,0
DA:78,0
DA:79,0
DA:82,0
DA:89,0
DA:90,0
DA:93,0
DA:94,0
DA:96,0
DA:98,0
DA:102,0
DA:103,0
DA:104,0
DA:108,0
DA:109,0
DA:110,0
DA:117,0
DA:118,0
DA:119,0
DA:121,0
DA:122,0
DA:123,0
DA:124,0
DA:126,0
DA:130,0
DA:131,0
DA:133,0
DA:135,0
DA:137,0
DA:139,0
DA:143,0
DA:144,0
DA:149,0
DA:150,0
DA:151,0
DA:160,0
DA:161,0
DA:164,0
DA:166,0
DA:167,0
DA:171,0
DA:172,0
DA:173,0
DA:182,0
DA:183,0
DA:187,0
DA:189,0
DA:193,0
DA:194,0
DA:195,0
DA:201,0
DA:202,0
DA:203,0
DA:210,0
DA:211,0
DA:213,0
DA:214,0
DA:215,0
DA:218,0
DA:220,0
DA:221,0
DA:222,0
DA:223,0
DA:224,0
DA:225,0
DA:226,0
DA:227,0
DA:243,0
DA:246,0
DA:255,0
DA:258,0
DA:260,0
DA:261,0
DA:265,0
DA:267,0
DA:280,0
DA:309,0
DA:327,0
DA:447,0
DA:470,0
DA:476,0
DA:483,0
DA:493,0
DA:496,0
DA:538,0
DA:539,0
DA:566,0
DA:572,0
DA:578,0
DA:596,0
LF:109
LH:0
BRDA:74,0,0,0
BRDA:74,0,1,0
BRDA:78,1,0,0
BRDA:89,2,0,0
BRDA:103,3,0,0
BRDA:121,4,0,0
BRDA:121,4,1,0
BRDA:123,5,0,0
BRDA:123,5,1,0
BRDA:131,6,0,0
BRDA:131,6,1,0
BRDA:131,6,2,0
BRDA:131,6,3,0
BRDA:144,7,0,0
BRDA:144,7,1,0
BRDA:144,7,2,0
BRDA:160,8,0,0
BRDA:182,9,0,0
BRDA:202,10,0,0
BRDA:202,11,0,0
BRDA:202,11,1,0
BRDA:213,12,0,0
BRDA:290,13,0,0
BRDA:436,14,0,0
BRDA:479,15,0,0
BRDA:479,15,1,0
BRDA:504,16,0,0
BRDA:508,17,0,0
BRDA:551,18,0,0
BRDA:551,18,1,0
BRDA:555,19,0,0
BRDA:555,19,1,0
BRDA:560,20,0,0
BRDA:560,20,1,0
BRDA:560,21,0,0
BRDA:560,21,1,0
BRF:36
BRH:0
end_of_record
TN:
SF:src/app/dashboard/drivers/page.tsx
FN:7,DriversPage
FN:87,(anonymous_3)
FN:92,(anonymous_4)
FN:93,(anonymous_5)
FN:140,(anonymous_6)
FN:153,(anonymous_7)
FNF:6
FNH:0
FNDA:0,DriversPage
FNDA:0,(anonymous_3)
FNDA:0,(anonymous_4)
FNDA:0,(anonymous_5)
FNDA:0,(anonymous_6)
FNDA:0,(anonymous_7)
DA:3,0
DA:4,0
DA:5,0
DA:7,0
DA:8,0
DA:9,0
DA:10,0
DA:13,0
DA:87,0
DA:88,0
DA:92,0
DA:93,0
DA:95,0
DA:96,0
DA:100,0
DA:101,0
DA:102,0
DA:108,0
DA:111,0
DA:140,0
DA:153,0
LF:21
LH:0
BRDA:95,0,0,0
BRDA:95,1,0,0
BRDA:95,1,1,0
BRDA:100,2,0,0
BRDA:102,3,0,0
BRDA:102,3,1,0
BRDA:102,3,2,0
BRDA:102,3,3,0
BRDA:196,4,0,0
BRDA:196,4,1,0
BRDA:198,5,0,0
BRDA:198,5,1,0
BRDA:212,6,0,0
BRDA:212,6,1,0
BRDA:249,7,0,0
BRDA:249,7,1,0
BRF:16
BRH:0
end_of_record
TN:
SF:src/app/dashboard/drivers/[id]/page.tsx
FN:66,DriverDetailPage
FN:81,(anonymous_3)
FN:82,(anonymous_4)
FN:87,(anonymous_5)
FN:264,(anonymous_6)
FN:270,(anonymous_7)
FN:300,(anonymous_8)
FN:332,(anonymous_9)
FN:350,(anonymous_10)
FN:365,(anonymous_11)
FN:370,(anonymous_12)
FN:382,(anonymous_13)
FN:387,(anonymous_14)
FN:391,(anonymous_15)
FN:421,(anonymous_16)
FN:477,(anonymous_17)
FN:638,(anonymous_18)
FN:662,(anonymous_19)
FN:733,(anonymous_20)
FN:743,(anonymous_21)
FN:764,(anonymous_22)
FN:772,(anonymous_23)
FN:887,(anonymous_24)
FN:929,(anonymous_25)
FN:936,(anonymous_26)
FNF:25
FNH:0
FNDA:0,DriverDetailPage
FNDA:0,(anonymous_3)
FNDA:0,(anonymous_4)
FNDA:0,(anonymous_5)
FNDA:0,(anonymous_6)
FNDA:0,(anonymous_7)
FNDA:0,(anonymous_8)
FNDA:0,(anonymous_9)
FNDA:0,(anonymous_10)
FNDA:0,(anonymous_11)
FNDA:0,(anonymous_12)
FNDA:0,(anonymous_13)
FNDA:0,(anonymous_14)
FNDA:0,(anonymous_15)
FNDA:0,(anonymous_16)
FNDA:0,(anonymous_17)
FNDA:0,(anonymous_18)
FNDA:0,(anonymous_19)
FNDA:0,(anonymous_20)
FNDA:0,(anonymous_21)
FNDA:0,(anonymous_22)
FNDA:0,(anonymous_23)
FNDA:0,(anonymous_24)
FNDA:0,(anonymous_25)
FNDA:0,(anonymous_26)
DA:3,0
DA:4,0
DA:5,0
DA:6,0
DA:7,0
DA:66,0
DA:67,0
DA:68,0
DA:70,0
DA:71,0
DA:72,0
DA:73,0
DA:74,0
DA:75,0
DA:76,0
DA:77,0
DA:78,0
DA:81,0
DA:82,0
DA:83,0
DA:84,0
DA:87,0
DA:90,0
DA:179,0
DA:180,0
DA:181,0
DA:182,0
DA:183,0
DA:184,0
DA:185,0
DA:186,0
DA:187,0
DA:188,0
DA:189,0
DA:190,0
DA:191,0
DA:192,0
DA:193,0
DA:194,0
DA:195,0
DA:196,0
DA:197,0
DA:198,0
DA:199,0
DA:200,0
DA:201,0
DA:202,0
DA:251,0
DA:253,0
DA:254,0
DA:256,0
DA:260,0
DA:264,0
DA:265,0
DA:267,0
DA:268,0
DA:270,0
DA:272,0
DA:273,0
DA:274,0
DA:282,0
DA:283,0
DA:285,0
DA:286,0
DA:288,0
DA:292,0
DA:293,0
DA:296,0
DA:297,0
DA:300,0
DA:301,0
DA:302,0
DA:303,0
DA:311,0
DA:312,0
DA:314,0
DA:315,0
DA:318,0
DA:319,0
DA:323,0
DA:327,0
DA:328,0
DA:329,0
DA:330,0
DA:332,0
DA:333,0
DA:334,0
DA:342,0
DA:343,0
DA:345,0
DA:346,0
DA:350,0
DA:351,0
DA:352,0
DA:355,0
DA:357,0
DA:358,0
DA:362,0
DA:365,0
DA:367,0
DA:369,0
DA:370,0
DA:371,0
DA:372,0
DA:376,0
DA:382,0
DA:384,0
DA:387,0
DA:388,0
DA:390,0
DA:391,0
DA:392,0
DA:393,0
DA:398,0
DA:401,0
DA:402,0
DA:403,0
DA:411,0
DA:413,0
DA:418,0
DA:420,0
DA:421,0
DA:424,0
DA:425,0
DA:427,0
DA:428,0
DA:435,0
DA:439,0
DA:440,0
DA:447,0
DA:451,0
DA:452,0
DA:460,0
DA:461,0
DA:464,0
DA:469,0
DA:471,0
DA:472,0
DA:477,0
DA:478,0
DA:482,0
DA:490,0
DA:639,0
DA:662,0
DA:733,0
DA:743,0
DA:765,0
DA:772,0
DA:888,0
DA:889,0
DA:890,0
DA:891,0
DA:892,0
DA:894,0
DA:895,0
DA:896,0
DA:897,0
DA:901,0
DA:907,0
DA:929,0
DA:938,0
LF:161
LH:0
BRDA:179,0,0,0
BRDA:179,0,1,0
BRDA:190,1,0,0
BRDA:265,2,0,0
BRDA:265,3,0,0
BRDA:265,3,1,0
BRDA:265,3,2,0
BRDA:265,3,3,0
BRDA:268,4,0,0
BRDA:272,5,0,0
BRDA:272,6,0,0
BRDA:272,6,1,0
BRDA:296,7,0,0
BRDA:301,8,0,0
BRDA:301,8,1,0
BRDA:301,9,0,0
BRDA:301,9,1,0
BRDA:367,10,0,0
BRDA:369,11,0,0
BRDA:369,12,0,0
BRDA:369,12,1,0
BRDA:371,13,0,0
BRDA:371,14,0,0
BRDA:371,14,1,0
BRDA:384,15,0,0
BRDA:384,16,0,0
BRDA:384,16,1,0
BRDA:384,16,2,0
BRDA:384,16,3,0
BRDA:390,17,0,0
BRDA:390,18,0,0
BRDA:390,18,1,0
BRDA:392,19,0,0
BRDA:392,20,0,0
BRDA:392,20,1,0
BRDA:401,21,0,0
BRDA:418,22,0,0
BRDA:418,23,0,0
BRDA:418,23,1,0
BRDA:420,24,0,0
BRDA:420,24,1,0
BRDA:424,25,0,0
BRDA:427,26,0,0
BRDA:439,27,0,0
BRDA:451,28,0,0
BRDA:451,29,0,0
BRDA:451,29,1,0
BRDA:482,30,0,0
BRDA:490,31,0,0
BRDA:490,32,0,0
BRDA:490,32,1,0
BRDA:501,33,0,0
BRDA:501,33,1,0
BRDA:535,34,0,0
BRDA:535,34,1,0
BRDA:537,35,0,0
BRDA:537,35,1,0
BRDA:546,36,0,0
BRDA:546,36,1,0
BRDA:548,37,0,0
BRDA:548,37,1,0
BRDA:554,38,0,0
BRDA:554,38,1,0
BRDA:570,39,0,0
BRDA:570,39,1,0
BRDA:641,40,0,0
BRDA:641,40,1,0
BRDA:666,41,0,0
BRDA:685,42,0,0
BRDA:715,43,0,0
BRDA:714,44,0,0
BRDA:714,44,1,0
BRDA:720,45,0,0
BRDA:720,45,1,0
BRDA:729,46,0,0
BRDA:729,46,1,0
BRDA:739,47,0,0
BRDA:739,47,1,0
BRDA:749,48,0,0
BRDA:768,49,0,0
BRDA:768,49,1,0
BRDA:777,50,0,0
BRDA:777,50,1,0
BRDA:779,51,0,0
BRDA:779,51,1,0
BRDA:828,52,0,0
BRDA:840,53,0,0
BRDA:858,54,0,0
BRDA:888,55,0,0
BRDA:888,55,1,0
BRDA:890,56,0,0
BRDA:894,57,0,0
BRDA:894,57,1,0
BRDA:896,58,0,0
BRDA:901,59,0,0
BRDA:901,59,1,0
BRDA:903,60,0,0
BRDA:903,60,1,0
BRDA:914,61,0,0
BRDA:914,61,1,0
BRDA:918,62,0,0
BRDA:918,62,1,0
BRDA:923,63,0,0
BRDA:923,63,1,0
BRDA:923,64,0,0
BRDA:923,64,1,0
BRDA:934,65,0,0
BRF:107
BRH:0
end_of_record
TN:
SF:src/app/dashboard/drivers/edit/[id]/page.tsx
FN:7,EditDriverPage
FN:25,(anonymous_3)
FN:26,(anonymous_4)
FN:31,(anonymous_5)
FN:79,(anonymous_6)
FN:87,(anonymous_7)
FN:101,(anonymous_8)
FNF:7
FNH:0
FNDA:0,EditDriverPage
FNDA:0,(anonymous_3)
FNDA:0,(anonymous_4)
FNDA:0,(anonymous_5)
FNDA:0,(anonymous_6)
FNDA:0,(anonymous_7)
FNDA:0,(anonymous_8)
DA:3,0
DA:4,0
DA:5,0
DA:7,0
DA:8,0
DA:9,0
DA:10,0
DA:12,0
DA:13,0
DA:14,0
DA:25,0
DA:26,0
DA:27,0
DA:28,0
DA:31,0
DA:34,0
DA:44,0
DA:45,0
DA:54,0
DA:55,0
DA:66,0
DA:68,0
DA:69,0
DA:71,0
DA:75,0
DA:79,0
DA:80,0
DA:82,0
DA:84,0
DA:87,0
DA:90,0
DA:93,0
DA:95,0
DA:96,0
DA:101,0
DA:102,0
DA:103,0
DA:109,0
LF:38
LH:0
BRDA:44,0,0,0
BRDA:44,0,1,0
BRDA:54,1,0,0
BRDA:105,2,0,0
BRDA:105,2,1,0
BRDA:109,3,0,0
BRDA:128,4,0,0
BRF:7
BRH:0
end_of_record
TN:
SF:src/app/dashboard/drivers/new/page.tsx
FN:7,AddDriverPage
FN:64,(anonymous_3)
FN:81,(anonymous_4)
FN:88,(anonymous_5)
FN:100,(anonymous_6)
FN:148,(anonymous_7)
FN:156,(anonymous_8)
FN:162,(anonymous_9)
FN:176,(anonymous_10)
FN:190,(anonymous_11)
FN:193,(anonymous_12)
FN:194,(anonymous_13)
FN:226,(anonymous_14)
FN:244,(anonymous_15)
FN:262,(anonymous_16)
FN:277,(anonymous_17)
FN:641,(anonymous_18)
FN:679,(anonymous_19)
FN:687,(anonymous_20)
FN:733,(anonymous_21)
FN:867,(anonymous_22)
FNF:21
FNH:0
FNDA:0,AddDriverPage
FNDA:0,(anonymous_3)
FNDA:0,(anonymous_4)
FNDA:0,(anonymous_5)
FNDA:0,(anonymous_6)
FNDA:0,(anonymous_7)
FNDA:0,(anonymous_8)
FNDA:0,(anonymous_9)
FNDA:0,(anonymous_10)
FNDA:0,(anonymous_11)
FNDA:0,(anonymous_12)
FNDA:0,(anonymous_13)
FNDA:0,(anonymous_14)
FNDA:0,(anonymous_15)
FNDA:0,(anonymous_16)
FNDA:0,(anonymous_17)
FNDA:0,(anonymous_18)
FNDA:0,(anonymous_19)
FNDA:0,(anonymous_20)
FNDA:0,(anonymous_21)
FNDA:0,(anonymous_22)
DA:3,0
DA:4,0
DA:5,0
DA:7,0
DA:8,0
DA:9,0
DA:10,0
DA:13,0
DA:42,0
DA:45,0
DA:48,0
DA:57,0
DA:64,0
DA:65,0
DA:66,0
DA:72,0
DA:73,0
DA:81,0
DA:82,0
DA:84,0
DA:86,0
DA:88,0
DA:92,0
DA:100,0
DA:101,0
DA:103,0
DA:105,0
DA:106,0
DA:107,0
DA:108,0
DA:109,0
DA:110,0
DA:113,0
DA:114,0
DA:115,0
DA:119,0
DA:121,0
DA:122,0
DA:124,0
DA:125,0
DA:126,0
DA:129,0
DA:130,0
DA:131,0
DA:132,0
DA:134,0
DA:136,0
DA:137,0
DA:138,0
DA:139,0
DA:140,0
DA:143,0
DA:144,0
DA:148,0
DA:149,0
DA:150,0
DA:151,0
DA:156,0
DA:157,0
DA:158,0
DA:162,0
DA:163,0
DA:165,0
DA:166,0
DA:169,0
DA:171,0
DA:173,0
DA:176,0
DA:179,0
DA:180,0
DA:182,0
DA:183,0
DA:185,0
DA:190,0
DA:191,0
DA:193,0
DA:194,0
DA:195,0
DA:226,0
DA:244,0
DA:262,0
DA:277,0
DA:642,0
DA:680,0
DA:687,0
DA:734,0
DA:867,0
LF:87
LH:0
BRDA:72,0,0,0
BRDA:84,1,0,0
BRDA:84,1,1,0
BRDA:103,2,0,0
BRDA:103,2,1,0
BRDA:105,3,0,0
BRDA:106,4,0,0
BRDA:107,5,0,0
BRDA:108,6,0,0
BRDA:109,7,0,0
BRDA:110,8,0,0
BRDA:110,8,1,0
BRDA:114,9,0,0
BRDA:119,10,0,0
BRDA:119,10,1,0
BRDA:121,11,0,0
BRDA:121,11,1,0
BRDA:122,12,0,0
BRDA:124,13,0,0
BRDA:124,13,1,0
BRDA:125,14,0,0
BRDA:125,15,0,0
BRDA:125,15,1,0
BRDA:129,16,0,0
BRDA:130,17,0,0
BRDA:131,18,0,0
BRDA:132,19,0,0
BRDA:134,20,0,0
BRDA:136,21,0,0
BRDA:137,22,0,0
BRDA:138,23,0,0
BRDA:139,24,0,0
BRDA:140,25,0,0
BRDA:149,26,0,0
BRDA:165,27,0,0
BRDA:191,28,0,0
BRDA:195,29,0,0
BRDA:195,29,1,0
BRDA:220,30,0,0
BRDA:220,30,1,0
BRDA:226,31,0,0
BRDA:226,31,1,0
BRDA:228,32,0,0
BRDA:228,32,1,0
BRDA:233,33,0,0
BRDA:233,33,1,0
BRDA:238,34,0,0
BRDA:238,34,1,0
BRDA:244,35,0,0
BRDA:244,35,1,0
BRDA:246,36,0,0
BRDA:246,36,1,0
BRDA:251,37,0,0
BRDA:251,37,1,0
BRDA:256,38,0,0
BRDA:256,38,1,0
BRDA:262,39,0,0
BRDA:262,39,1,0
BRDA:264,40,0,0
BRDA:264,40,1,0
BRDA:269,41,0,0
BRDA:269,41,1,0
BRDA:274,42,0,0
BRDA:274,42,1,0
BRDA:277,43,0,0
BRDA:277,43,1,0
BRDA:279,44,0,0
BRDA:279,44,1,0
BRDA:284,45,0,0
BRDA:284,45,1,0
BRDA:296,46,0,0
BRDA:313,47,0,0
BRDA:313,47,1,0
BRDA:316,48,0,0
BRDA:334,49,0,0
BRDA:334,49,1,0
BRDA:337,50,0,0
BRDA:355,51,0,0
BRDA:355,51,1,0
BRDA:358,52,0,0
BRDA:376,53,0,0
BRDA:376,53,1,0
BRDA:379,54,0,0
BRDA:396,55,0,0
BRDA:396,55,1,0
BRDA:415,56,0,0
BRDA:433,57,0,0
BRDA:433,57,1,0
BRDA:436,58,0,0
BRDA:446,59,0,0
BRDA:464,60,0,0
BRDA:464,60,1,0
BRDA:467,61,0,0
BRDA:486,62,0,0
BRDA:486,62,1,0
BRDA:489,63,0,0
BRDA:507,64,0,0
BRDA:507,64,1,0
BRDA:510,65,0,0
BRDA:528,66,0,0
BRDA:528,66,1,0
BRDA:531,67,0,0
BRDA:548,68,0,0
BRDA:548,68,1,0
BRDA:567,69,0,0
BRDA:585,70,0,0
BRDA:585,70,1,0
BRDA:588,71,0,0
BRDA:598,72,0,0
BRDA:617,73,0,0
BRDA:617,73,1,0
BRDA:620,74,0,0
BRDA:637,75,0,0
BRDA:637,75,1,0
BRDA:647,76,0,0
BRDA:665,77,0,0
BRDA:665,77,1,0
BRDA:668,78,0,0
BRDA:754,79,0,0
BRDA:754,79,1,0
BRDA:757,80,0,0
BRDA:776,81,0,0
BRDA:776,81,1,0
BRDA:779,82,0,0
BRDA:789,83,0,0
BRDA:866,84,0,0
BRDA:866,84,1,0
BRDA:867,85,0,0
BRDA:867,85,1,0
BRDA:884,86,0,0
BRDA:884,86,1,0
BRDA:900,87,0,0
BRDA:915,88,0,0
BRDA:915,88,1,0
BRDA:919,89,0,0
BRF:135
BRH:0
end_of_record
TN:
SF:src/app/dashboard/eld-logs/page.tsx
FN:64,EldLogsPage
FN:77,(anonymous_3)
FN:79,(anonymous_4)
FN:211,(anonymous_5)
FN:215,(anonymous_6)
FN:234,(anonymous_7)
FN:253,(anonymous_8)
FN:274,(anonymous_9)
FN:295,(anonymous_10)
FN:305,(anonymous_11)
FN:344,(anonymous_12)
FN:347,(anonymous_13)
FN:359,(anonymous_14)
FN:376,(anonymous_15)
FN:387,(anonymous_16)
FN:395,(anonymous_17)
FN:519,(anonymous_25)
FN:538,(anonymous_26)
FN:539,(anonymous_27)
FNF:19
FNH:0
FNDA:0,EldLogsPage
FNDA:0,(anonymous_3)
FNDA:0,(anonymous_4)
FNDA:0,(anonymous_5)
FNDA:0,(anonymous_6)
FNDA:0,(anonymous_7)
FNDA:0,(anonymous_8)
FNDA:0,(anonymous_9)
FNDA:0,(anonymous_10)
FNDA:0,(anonymous_11)
FNDA:0,(anonymous_12)
FNDA:0,(anonymous_13)
FNDA:0,(anonymous_14)
FNDA:0,(anonymous_15)
FNDA:0,(anonymous_16)
FNDA:0,(anonymous_17)
FNDA:0,(anonymous_25)
FNDA:0,(anonymous_26)
FNDA:0,(anonymous_27)
DA:3,0
DA:4,0
DA:7,0
DA:8,0
DA:9,0
DA:10,0
DA:11,0
DA:12,0
DA:13,0
DA:16,0
DA:17,0
DA:18,0
DA:19,0
DA:22,0
DA:25,0
DA:64,0
DA:65,0
DA:66,0
DA:67,0
DA:68,0
DA:69,0
DA:73,0
DA:74,0
DA:77,0
DA:79,0
DA:81,0
DA:106,0
DA:206,0
DA:207,0
DA:208,0
DA:211,0
DA:215,0
DA:216,0
DA:217,0
DA:219,0
DA:220,0
DA:221,0
DA:223,0
DA:225,0
DA:234,0
DA:235,0
DA:236,0
DA:238,0
DA:239,0
DA:240,0
DA:241,0
DA:243,0
DA:253,0
DA:254,0
DA:256,0
DA:258,0
DA:260,0
DA:262,0
DA:264,0
DA:274,0
DA:275,0
DA:277,0
DA:279,0
DA:281,0
DA:283,0
DA:285,0
DA:295,0
DA:296,0
DA:297,0
DA:305,0
DA:306,0
DA:307,0
DA:309,0
DA:344,0
DA:348,0
DA:359,0
DA:376,0
DA:387,0
DA:396,0
DA:519,0
DA:538,0
DA:540,0
LF:77
LH:0
BRDA:216,0,0,0
BRDA:216,0,1,0
BRDA:217,1,0,0
BRDA:217,1,1,0
BRDA:223,2,0,0
BRDA:223,2,1,0
BRDA:225,3,0,0
BRDA:225,3,1,0
BRDA:225,3,2,0
BRDA:238,4,0,0
BRDA:238,4,1,0
BRDA:240,5,0,0
BRDA:240,5,1,0
BRDA:254,6,0,0
BRDA:254,6,1,0
BRDA:254,6,2,0
BRDA:254,6,3,0
BRDA:254,6,4,0
BRDA:275,7,0,0
BRDA:275,7,1,0
BRDA:275,7,2,0
BRDA:275,7,3,0
BRDA:275,7,4,0
BRDA:306,8,0,0
BRDA:306,8,1,0
BRDA:409,9,0,0
BRDA:409,9,1,0
BRDA:410,10,0,0
BRDA:410,10,1,0
BRDA:421,11,0,0
BRDA:421,11,1,0
BRDA:422,12,0,0
BRDA:422,12,1,0
BRDA:438,13,0,0
BRDA:477,14,0,0
BRDA:477,14,1,0
BRDA:488,15,0,0
BRDA:488,15,1,0
BRDA:500,16,0,0
BRDA:500,16,1,0
BRDA:509,17,0,0
BRDA:509,17,1,0
BRDA:522,18,0,0
BRDA:522,18,1,0
BRDA:535,19,0,0
BRDA:546,20,0,0
BRDA:546,20,1,0
BRDA:553,21,0,0
BRDA:557,22,0,0
BRDA:563,23,0,0
BRF:50
BRH:0
end_of_record
TN:
SF:src/app/dashboard/inspections/page.tsx
FN:6,InspectionsPage
FN:56,(anonymous_3)
FN:106,(anonymous_4)
FN:120,(anonymous_5)
FN:152,(anonymous_6)
FNF:5
FNH:0
FNDA:0,InspectionsPage
FNDA:0,(anonymous_3)
FNDA:0,(anonymous_4)
FNDA:0,(anonymous_5)
FNDA:0,(anonymous_6)
DA:3,0
DA:4,0
DA:6,0
DA:7,0
DA:10,0
DA:54,0
DA:56,0
DA:106,0
DA:121,0
DA:153,0
LF:10
LH:0
BRDA:54,0,0,0
BRDA:54,0,1,0
BRDA:120,1,0,0
BRDA:136,2,0,0
BRDA:149,3,0,0
BRF:5
BRH:0
end_of_record
TN:
SF:src/app/dashboard/inspections/[id]/page.tsx
FN:7,InspectionDetailsPage
FN:14,(anonymous_3)
FN:16,(anonymous_4)
FN:317,(anonymous_5)
FN:349,(anonymous_6)
FNF:5
FNH:0
FNDA:0,InspectionDetailsPage
FNDA:0,(anonymous_3)
FNDA:0,(anonymous_4)
FNDA:0,(anonymous_5)
FNDA:0,(anonymous_6)
DA:3,0
DA:4,0
DA:5,0
DA:7,0
DA:8,0
DA:9,0
DA:10,0
DA:11,0
DA:14,0
DA:16,0
DA:18,0
DA:171,0
DA:172,0
DA:176,0
DA:184,0
DA:318,0
DA:350,0
LF:17
LH:0
BRDA:171,0,0,0
BRDA:171,0,1,0
BRDA:176,1,0,0
BRDA:184,2,0,0
BRDA:229,3,0,0
BRDA:229,3,1,0
BRDA:233,4,0,0
BRDA:233,4,1,0
BRDA:235,5,0,0
BRDA:291,6,0,0
BRDA:318,7,0,0
BRDA:318,7,1,0
BRDA:324,8,0,0
BRDA:324,8,1,0
BRDA:342,9,0,0
BRDA:342,9,1,0
BRDA:380,10,0,0
BRDA:380,10,1,0
BRDA:396,11,0,0
BRF:19
BRH:0
end_of_record
TN:
SF:src/app/dashboard/inspections/create/page.tsx
FN:17,CreateInspectionPage
FN:51,(anonymous_3)
FN:60,(anonymous_4)
FN:61,(anonymous_5)
FN:62,(anonymous_6)
FN:74,(anonymous_7)
FN:75,(anonymous_8)
FN:76,(anonymous_9)
FN:83,(anonymous_10)
FN:84,(anonymous_11)
FN:85,(anonymous_12)
FN:92,(anonymous_13)
FN:106,(anonymous_14)
FN:115,(anonymous_15)
FN:119,(anonymous_16)
FN:134,(anonymous_17)
FN:149,(anonymous_18)
FN:201,(anonymous_19)
FN:212,(anonymous_20)
FN:329,(anonymous_21)
FN:336,(anonymous_22)
FN:343,(anonymous_23)
FN:350,(anonymous_24)
FN:366,(anonymous_25)
FN:384,(anonymous_26)
FN:417,(anonymous_27)
FNF:26
FNH:0
FNDA:0,CreateInspectionPage
FNDA:0,(anonymous_3)
FNDA:0,(anonymous_4)
FNDA:0,(anonymous_5)
FNDA:0,(anonymous_6)
FNDA:0,(anonymous_7)
FNDA:0,(anonymous_8)
FNDA:0,(anonymous_9)
FNDA:0,(anonymous_10)
FNDA:0,(anonymous_11)
FNDA:0,(anonymous_12)
FNDA:0,(anonymous_13)
FNDA:0,(anonymous_14)
FNDA:0,(anonymous_15)
FNDA:0,(anonymous_16)
FNDA:0,(anonymous_17)
FNDA:0,(anonymous_18)
FNDA:0,(anonymous_19)
FNDA:0,(anonymous_20)
FNDA:0,(anonymous_21)
FNDA:0,(anonymous_22)
FNDA:0,(anonymous_23)
FNDA:0,(anonymous_24)
FNDA:0,(anonymous_25)
FNDA:0,(anonymous_26)
FNDA:0,(anonymous_27)
DA:3,0
DA:4,0
DA:5,0
DA:17,0
DA:18,0
DA:21,0
DA:32,0
DA:46,0
DA:47,0
DA:48,0
DA:51,0
DA:52,0
DA:53,0
DA:60,0
DA:61,0
DA:62,0
DA:63,0
DA:65,0
DA:66,0
DA:68,0
DA:74,0
DA:75,0
DA:76,0
DA:77,0
DA:83,0
DA:84,0
DA:85,0
DA:86,0
DA:92,0
DA:93,0
DA:95,0
DA:97,0
DA:99,0
DA:100,0
DA:101,0
DA:102,0
DA:106,0
DA:107,0
DA:108,0
DA:109,0
DA:110,0
DA:114,0
DA:115,0
DA:118,0
DA:119,0
DA:120,0
DA:121,0
DA:125,0
DA:134,0
DA:137,0
DA:138,0
DA:141,0
DA:142,0
DA:144,0
DA:149,0
DA:150,0
DA:152,0
DA:153,0
DA:154,0
DA:155,0
DA:158,0
DA:159,0
DA:160,0
DA:201,0
DA:212,0
DA:330,0
DA:336,0
DA:343,0
DA:350,0
DA:366,0
DA:385,0
DA:386,0
DA:417,0
LF:73
LH:0
BRDA:63,0,0,0
BRDA:77,1,0,0
BRDA:77,1,1,0
BRDA:86,2,0,0
BRDA:86,2,1,0
BRDA:99,3,0,0
BRDA:107,4,0,0
BRDA:115,5,0,0
BRDA:115,5,1,0
BRDA:118,6,0,0
BRDA:152,7,0,0
BRDA:153,8,0,0
BRDA:154,9,0,0
BRDA:158,10,0,0
BRDA:159,11,0,0
BRDA:203,12,0,0
BRDA:203,12,1,0
BRDA:214,13,0,0
BRDA:214,13,1,0
BRDA:358,14,0,0
BRDA:361,15,0,0
BRDA:374,16,0,0
BRDA:385,17,0,0
BRDA:385,17,1,0
BRDA:391,18,0,0
BRDA:437,19,0,0
BRDA:437,19,1,0
BRF:27
BRH:0
end_of_record
TN:
SF:src/app/dashboard/jobs/page.tsx
FN:8,JobsPage
FN:24,(anonymous_3)
FN:26,(anonymous_4)
FN:32,(anonymous_5)
FN:44,(anonymous_6)
FN:50,(anonymous_7)
FN:63,(anonymous_8)
FN:108,(anonymous_9)
FNF:8
FNH:0
FNDA:0,JobsPage
FNDA:0,(anonymous_3)
FNDA:0,(anonymous_4)
FNDA:0,(anonymous_5)
FNDA:0,(anonymous_6)
FNDA:0,(anonymous_7)
FNDA:0,(anonymous_8)
FNDA:0,(anonymous_9)
DA:3,0
DA:4,0
DA:5,0
DA:6,0
DA:8,0
DA:9,0
DA:10,0
DA:11,0
DA:12,0
DA:15,0
DA:24,0
DA:25,0
DA:26,0
DA:28,0
DA:32,0
DA:34,0
DA:40,0
DA:43,0
DA:44,0
DA:48,0
DA:49,0
DA:50,0
DA:51,0
DA:59,0
DA:63,0
DA:64,0
DA:65,0
DA:108,0
LF:28
LH:0
BRDA:11,0,0,0
BRDA:11,0,1,0
BRDA:25,1,0,0
BRDA:25,2,0,0
BRDA:25,2,1,0
BRDA:34,3,0,0
BRDA:34,3,1,0
BRDA:35,4,0,0
BRDA:35,4,1,0
BRDA:36,5,0,0
BRDA:36,5,1,0
BRDA:37,6,0,0
BRDA:37,6,1,0
BRDA:38,7,0,0
BRDA:38,7,1,0
BRDA:43,8,0,0
BRDA:48,9,0,0
BRDA:51,10,0,0
BRDA:51,10,1,0
BRDA:51,10,2,0
BRDA:51,10,3,0
BRDA:51,10,4,0
BRDA:175,11,0,0
BRDA:175,11,1,0
BRDA:177,12,0,0
BRDA:177,12,1,0
BRDA:179,13,0,0
BRDA:179,13,1,0
BRDA:181,14,0,0
BRDA:181,14,1,0
BRF:30
BRH:0
end_of_record
TN:
SF:src/app/dashboard/jobs/new/page.tsx
FN:33,NewJobPage
FN:92,(anonymous_3)
FN:93,(anonymous_4)
FN:107,(anonymous_5)
FN:108,(anonymous_6)
FN:122,(anonymous_7)
FN:137,(anonymous_8)
FN:152,(anonymous_9)
FN:169,(anonymous_10)
FN:170,(anonymous_11)
FN:188,(anonymous_12)
FN:194,(anonymous_13)
FN:206,(anonymous_14)
FN:216,(anonymous_15)
FN:259,(anonymous_16)
FN:260,(anonymous_17)
FN:264,(anonymous_18)
FN:302,(anonymous_19)
FN:329,(anonymous_20)
FN:342,(anonymous_21)
FN:381,(anonymous_22)
FN:418,(anonymous_23)
FN:481,(anonymous_24)
FN:514,(anonymous_25)
FN:519,(anonymous_26)
FN:528,(anonymous_27)
FN:589,(anonymous_28)
FN:597,(anonymous_29)
FN:613,(anonymous_30)
FN:619,(anonymous_31)
FN:623,(anonymous_32)
FN:687,(anonymous_33)
FN:697,(anonymous_34)
FN:701,(anonymous_35)
FN:722,(anonymous_36)
FN:732,(anonymous_37)
FN:736,(anonymous_38)
FN:854,(anonymous_39)
FN:863,(anonymous_40)
FN:893,(anonymous_41)
FNF:40
FNH:0
FNDA:0,NewJobPage
FNDA:0,(anonymous_3)
FNDA:0,(anonymous_4)
FNDA:0,(anonymous_5)
FNDA:0,(anonymous_6)
FNDA:0,(anonymous_7)
FNDA:0,(anonymous_8)
FNDA:0,(anonymous_9)
FNDA:0,(anonymous_10)
FNDA:0,(anonymous_11)
FNDA:0,(anonymous_12)
FNDA:0,(anonymous_13)
FNDA:0,(anonymous_14)
FNDA:0,(anonymous_15)
FNDA:0,(anonymous_16)
FNDA:0,(anonymous_17)
FNDA:0,(anonymous_18)
FNDA:0,(anonymous_19)
FNDA:0,(anonymous_20)
FNDA:0,(anonymous_21)
FNDA:0,(anonymous_22)
FNDA:0,(anonymous_23)
FNDA:0,(anonymous_24)
FNDA:0,(anonymous_25)
FNDA:0,(anonymous_26)
FNDA:0,(anonymous_27)
FNDA:0,(anonymous_28)
FNDA:0,(anonymous_29)
FNDA:0,(anonymous_30)
FNDA:0,(anonymous_31)
FNDA:0,(anonymous_32)
FNDA:0,(anonymous_33)
FNDA:0,(anonymous_34)
FNDA:0,(anonymous_35)
FNDA:0,(anonymous_36)
FNDA:0,(anonymous_37)
FNDA:0,(anonymous_38)
FNDA:0,(anonymous_39)
FNDA:0,(anonymous_40)
FNDA:0,(anonymous_41)
DA:3,0
DA:4,0
DA:5,0
DA:33,0
DA:34,0
DA:35,0
DA:36,0
DA:37,0
DA:38,0
DA:39,0
DA:40,0
DA:43,0
DA:44,0
DA:47,0
DA:48,0
DA:49,0
DA:50,0
DA:53,0
DA:67,0
DA:77,0
DA:78,0
DA:86,0
DA:89,0
DA:92,0
DA:93,0
DA:94,0
DA:95,0
DA:96,0
DA:97,0
DA:99,0
DA:103,0
DA:107,0
DA:108,0
DA:109,0
DA:110,0
DA:111,0
DA:112,0
DA:114,0
DA:118,0
DA:122,0
DA:123,0
DA:124,0
DA:125,0
DA:128,0
DA:130,0
DA:132,0
DA:133,0
DA:136,0
DA:137,0
DA:143,0
DA:145,0
DA:147,0
DA:152,0
DA:153,0
DA:161,0
DA:162,0
DA:164,0
DA:169,0
DA:170,0
DA:172,0
DA:173,0
DA:177,0
DA:178,0
DA:182,0
DA:183,0
DA:187,0
DA:188,0
DA:189,0
DA:194,0
DA:195,0
DA:201,0
DA:202,0
DA:206,0
DA:207,0
DA:212,0
DA:216,0
DA:218,0
DA:219,0
DA:221,0
DA:222,0
DA:224,0
DA:225,0
DA:226,0
DA:228,0
DA:231,0
DA:232,0
DA:233,0
DA:235,0
DA:238,0
DA:240,0
DA:241,0
DA:249,0
DA:259,0
DA:260,0
DA:264,0
DA:265,0
DA:268,0
DA:269,0
DA:270,0
DA:276,0
DA:277,0
DA:278,0
DA:284,0
DA:290,0
DA:291,0
DA:292,0
DA:295,0
DA:296,0
DA:297,0
DA:302,0
DA:303,0
DA:306,0
DA:307,0
DA:308,0
DA:314,0
DA:315,0
DA:316,0
DA:322,0
DA:329,0
DA:330,0
DA:332,0
DA:333,0
DA:336,0
DA:338,0
DA:342,0
DA:343,0
DA:346,0
DA:347,0
DA:349,0
DA:358,0
DA:361,0
DA:365,0
DA:372,0
DA:373,0
DA:374,0
DA:376,0
DA:381,0
DA:382,0
DA:384,0
DA:386,0
DA:397,0
DA:398,0
DA:402,0
DA:404,0
DA:405,0
DA:407,0
DA:408,0
DA:413,0
DA:418,0
DA:482,0
DA:514,0
DA:519,0
DA:528,0
DA:589,0
DA:597,0
DA:613,0
DA:620,0
DA:623,0
DA:687,0
DA:698,0
DA:701,0
DA:722,0
DA:733,0
DA:736,0
DA:855,0
DA:863,0
DA:894,0
LF:167
LH:0
BRDA:97,0,0,0
BRDA:97,0,1,0
BRDA:112,1,0,0
BRDA:112,1,1,0
BRDA:123,2,0,0
BRDA:124,3,0,0
BRDA:124,3,1,0
BRDA:132,4,0,0
BRDA:143,5,0,0
BRDA:143,5,1,0
BRDA:147,6,0,0
BRDA:147,6,1,0
BRDA:162,7,0,0
BRDA:172,8,0,0
BRDA:172,9,0,0
BRDA:172,9,1,0
BRDA:177,10,0,0
BRDA:177,11,0,0
BRDA:177,11,1,0
BRDA:182,12,0,0
BRDA:182,13,0,0
BRDA:182,13,1,0
BRDA:209,14,0,0
BRDA:209,14,1,0
BRDA:212,15,0,0
BRDA:212,15,1,0
BRDA:224,16,0,0
BRDA:224,16,1,0
BRDA:231,17,0,0
BRDA:231,17,1,0
BRDA:240,18,0,0
BRDA:240,19,0,0
BRDA:240,19,1,0
BRDA:240,19,2,0
BRDA:240,19,3,0
BRDA:268,20,0,0
BRDA:272,21,0,0
BRDA:272,21,1,0
BRDA:276,22,0,0
BRDA:280,23,0,0
BRDA:280,23,1,0
BRDA:290,24,0,0
BRDA:295,25,0,0
BRDA:306,26,0,0
BRDA:310,27,0,0
BRDA:310,27,1,0
BRDA:314,28,0,0
BRDA:318,29,0,0
BRDA:318,29,1,0
BRDA:330,30,0,0
BRDA:350,31,0,0
BRDA:350,31,1,0
BRDA:350,32,0,0
BRDA:350,32,1,0
BRDA:351,33,0,0
BRDA:351,33,1,0
BRDA:351,34,0,0
BRDA:351,34,1,0
BRDA:354,35,0,0
BRDA:354,35,1,0
BRDA:354,36,0,0
BRDA:354,36,1,0
BRDA:355,37,0,0
BRDA:355,37,1,0
BRDA:361,38,0,0
BRDA:361,38,1,0
BRDA:361,38,2,0
BRDA:361,38,3,0
BRDA:365,39,0,0
BRDA:365,39,1,0
BRDA:365,39,2,0
BRDA:365,39,3,0
BRDA:365,39,4,0
BRDA:365,39,5,0
BRDA:372,40,0,0
BRDA:372,40,1,0
BRDA:374,41,0,0
BRDA:393,42,0,0
BRDA:393,42,1,0
BRDA:397,43,0,0
BRDA:413,44,0,0
BRDA:458,45,0,0
BRDA:468,46,0,0
BRDA:503,47,0,0
BRDA:503,47,1,0
BRDA:514,48,0,0
BRDA:514,48,1,0
BRDA:514,49,0,0
BRDA:514,49,1,0
BRDA:516,50,0,0
BRDA:519,51,0,0
BRDA:519,51,1,0
BRDA:519,52,0,0
BRDA:519,52,1,0
BRDA:539,53,0,0
BRDA:539,53,1,0
BRDA:606,54,0,0
BRDA:619,55,0,0
BRDA:632,56,0,0
BRDA:632,56,1,0
BRDA:651,57,0,0
BRDA:651,57,1,0
BRDA:653,58,0,0
BRDA:667,59,0,0
BRDA:667,59,1,0
BRDA:669,60,0,0
BRDA:694,61,0,0
BRDA:694,61,1,0
BRDA:729,62,0,0
BRDA:729,62,1,0
BRDA:758,63,0,0
BRDA:758,63,1,0
BRDA:760,64,0,0
BRDA:781,65,0,0
BRDA:781,65,1,0
BRDA:783,66,0,0
BRDA:824,67,0,0
BRDA:824,67,1,0
BRDA:826,68,0,0
BRDA:834,69,0,0
BRDA:834,69,1,0
BRDA:834,69,2,0
BRDA:834,69,3,0
BRDA:834,69,4,0
BRDA:834,69,5,0
BRDA:841,70,0,0
BRDA:890,71,0,0
BRDA:890,71,1,0
BRDA:897,72,0,0
BRF:129
BRH:0
end_of_record
TN:
SF:src/app/dashboard/jobs/scan/page.tsx
FN:6,VINScanPage
FN:14,(anonymous_3)
FN:20,(anonymous_4)
FN:28,(anonymous_5)
FN:40,(anonymous_6)
FN:50,(anonymous_7)
FN:57,(anonymous_8)
FN:64,(anonymous_9)
FN:75,(anonymous_10)
FN:114,(anonymous_11)
FN:147,(anonymous_12)
FN:167,(anonymous_13)
FN:194,(anonymous_14)
FN:202,(anonymous_15)
FN:256,(anonymous_16)
FN:263,(anonymous_17)
FNF:16
FNH:0
FNDA:0,VINScanPage
FNDA:0,(anonymous_3)
FNDA:0,(anonymous_4)
FNDA:0,(anonymous_5)
FNDA:0,(anonymous_6)
FNDA:0,(anonymous_7)
FNDA:0,(anonymous_8)
FNDA:0,(anonymous_9)
FNDA:0,(anonymous_10)
FNDA:0,(anonymous_11)
FNDA:0,(anonymous_12)
FNDA:0,(anonymous_13)
FNDA:0,(anonymous_14)
FNDA:0,(anonymous_15)
FNDA:0,(anonymous_16)
FNDA:0,(anonymous_17)
DA:3,0
DA:4,0
DA:6,0
DA:7,0
DA:8,0
DA:9,0
DA:10,0
DA:11,0
DA:14,0
DA:15,0
DA:17,0
DA:20,0
DA:21,0
DA:22,0
DA:23,0
DA:28,0
DA:29,0
DA:32,0
DA:33,0
DA:34,0
DA:37,0
DA:38,0
DA:40,0
DA:41,0
DA:42,0
DA:46,0
DA:50,0
DA:51,0
DA:52,0
DA:53,0
DA:57,0
DA:58,0
DA:59,0
DA:60,0
DA:64,0
DA:65,0
DA:67,0
DA:68,0
DA:69,0
DA:72,0
DA:75,0
DA:76,0
DA:77,0
DA:78,0
DA:79,0
DA:82,0
DA:114,0
DA:147,0
DA:167,0
DA:195,0
DA:202,0
DA:257,0
DA:263,0
LF:53
LH:0
BRDA:15,0,0,0
BRDA:29,1,0,0
BRDA:29,2,0,0
BRDA:29,2,1,0
BRDA:32,3,0,0
BRDA:41,4,0,0
BRDA:41,5,0,0
BRDA:41,5,1,0
BRDA:67,6,0,0
BRDA:121,7,0,0
BRDA:121,7,1,0
BRDA:125,8,0,0
BRDA:188,9,0,0
BRDA:218,10,0,0
BRDA:218,10,1,0
BRDA:222,11,0,0
BRDA:247,12,0,0
BRF:17
BRH:0
end_of_record
TN:
SF:src/app/dashboard/navigation/page.tsx
FN:7,NavigationPage
FN:25,(anonymous_3)
FN:27,(anonymous_4)
FN:40,(anonymous_5)
FN:85,(anonymous_6)
FN:100,(anonymous_7)
FN:109,(anonymous_8)
FN:120,(anonymous_9)
FN:164,(anonymous_10)
FN:172,(anonymous_11)
FN:192,(anonymous_12)
FN:200,(anonymous_13)
FN:208,(anonymous_14)
FN:217,(anonymous_15)
FN:222,(anonymous_16)
FN:260,(anonymous_17)
FN:274,(anonymous_18)
FN:380,(anonymous_19)
FN:390,(anonymous_20)
FN:400,(anonymous_21)
FN:417,(anonymous_22)
FN:446,(anonymous_23)
FN:456,(anonymous_24)
FNF:23
FNH:0
FNDA:0,NavigationPage
FNDA:0,(anonymous_3)
FNDA:0,(anonymous_4)
FNDA:0,(anonymous_5)
FNDA:0,(anonymous_6)
FNDA:0,(anonymous_7)
FNDA:0,(anonymous_8)
FNDA:0,(anonymous_9)
FNDA:0,(anonymous_10)
FNDA:0,(anonymous_11)
FNDA:0,(anonymous_12)
FNDA:0,(anonymous_13)
FNDA:0,(anonymous_14)
FNDA:0,(anonymous_15)
FNDA:0,(anonymous_16)
FNDA:0,(anonymous_17)
FNDA:0,(anonymous_18)
FNDA:0,(anonymous_19)
FNDA:0,(anonymous_20)
FNDA:0,(anonymous_21)
FNDA:0,(anonymous_22)
FNDA:0,(anonymous_23)
FNDA:0,(anonymous_24)
DA:3,0
DA:4,0
DA:5,0
DA:7,0
DA:8,0
DA:9,0
DA:10,0
DA:11,0
DA:12,0
DA:13,0
DA:14,0
DA:15,0
DA:16,0
DA:17,0
DA:18,0
DA:19,0
DA:20,0
DA:21,0
DA:22,0
DA:23,0
DA:25,0
DA:27,0
DA:28,0
DA:29,0
DA:30,0
DA:31,0
DA:34,0
DA:36,0
DA:37,0
DA:38,0
DA:40,0
DA:42,0
DA:51,0
DA:54,0
DA:55,0
DA:56,0
DA:58,0
DA:61,0
DA:62,0
DA:72,0
DA:73,0
DA:76,0
DA:77,0
DA:80,0
DA:81,0
DA:85,0
DA:86,0
DA:87,0
DA:90,0
DA:92,0
DA:93,0
DA:94,0
DA:98,0
DA:100,0
DA:102,0
DA:109,0
DA:110,0
DA:111,0
DA:112,0
DA:114,0
DA:120,0
DA:121,0
DA:124,0
DA:126,0
DA:127,0
DA:128,0
DA:132,0
DA:133,0
DA:134,0
DA:136,0
DA:139,0
DA:141,0
DA:142,0
DA:144,0
DA:145,0
DA:148,0
DA:151,0
DA:164,0
DA:165,0
DA:166,0
DA:169,0
DA:172,0
DA:179,0
DA:180,0
DA:183,0
DA:184,0
DA:186,0
DA:192,0
DA:193,0
DA:200,0
DA:201,0
DA:202,0
DA:203,0
DA:208,0
DA:209,0
DA:210,0
DA:211,0
DA:212,0
DA:217,0
DA:218,0
DA:222,0
DA:223,0
DA:260,0
DA:261,0
DA:262,0
DA:263,0
DA:264,0
DA:265,0
DA:267,0
DA:269,0
DA:274,0
DA:275,0
DA:276,0
DA:277,0
DA:278,0
DA:279,0
DA:281,0
DA:283,0
DA:380,0
DA:390,0
DA:400,0
DA:418,0
DA:446,0
DA:456,0
LF:124
LH:0
BRDA:28,0,0,0
BRDA:28,1,0,0
BRDA:28,1,1,0
BRDA:55,2,0,0
BRDA:80,3,0,0
BRDA:80,4,0,0
BRDA:80,4,1,0
BRDA:80,4,2,0
BRDA:102,5,0,0
BRDA:110,6,0,0
BRDA:110,7,0,0
BRDA:110,7,1,0
BRDA:111,8,0,0
BRDA:111,8,1,0
BRDA:120,9,0,0
BRDA:121,10,0,0
BRDA:121,11,0,0
BRDA:121,11,1,0
BRDA:121,11,2,0
BRDA:124,12,0,0
BRDA:124,12,1,0
BRDA:126,13,0,0
BRDA:136,14,0,0
BRDA:136,14,1,0
BRDA:136,14,2,0
BRDA:136,14,3,0
BRDA:165,15,0,0
BRDA:165,15,1,0
BRDA:176,16,0,0
BRDA:176,16,1,0
BRDA:202,17,0,0
BRDA:202,18,0,0
BRDA:202,18,1,0
BRDA:202,18,2,0
BRDA:209,19,0,0
BRDA:209,19,1,0
BRDA:209,20,0,0
BRDA:209,20,1,0
BRDA:211,21,0,0
BRDA:211,22,0,0
BRDA:211,22,1,0
BRDA:223,23,0,0
BRDA:261,24,0,0
BRDA:261,24,1,0
BRDA:261,25,0,0
BRDA:261,25,1,0
BRDA:263,26,0,0
BRDA:263,26,1,0
BRDA:263,27,0,0
BRDA:263,27,1,0
BRDA:265,28,0,0
BRDA:265,28,1,0
BRDA:265,29,0,0
BRDA:265,29,1,0
BRDA:275,30,0,0
BRDA:275,30,1,0
BRDA:275,31,0,0
BRDA:275,31,1,0
BRDA:277,32,0,0
BRDA:277,32,1,0
BRDA:277,33,0,0
BRDA:277,33,1,0
BRDA:279,34,0,0
BRDA:279,34,1,0
BRDA:279,35,0,0
BRDA:279,35,1,0
BRDA:298,36,0,0
BRDA:319,37,0,0
BRDA:319,37,1,0
BRDA:327,38,0,0
BRDA:330,39,0,0
BRDA:330,39,1,0
BRDA:345,40,0,0
BRDA:345,40,1,0
BRDA:364,41,0,0
BRDA:364,41,1,0
BRDA:365,42,0,0
BRDA:365,42,1,0
BRDA:382,43,0,0
BRDA:382,43,1,0
BRDA:392,44,0,0
BRDA:392,44,1,0
BRDA:402,45,0,0
BRDA:402,45,1,0
BRDA:415,46,0,0
BRDA:421,47,0,0
BRDA:421,47,1,0
BRF:87
BRH:0
end_of_record
TN:
SF:src/app/dashboard/overwatch/page.tsx
FN:183,OverwatchPage
FN:235,(anonymous_3)
FN:246,(anonymous_4)
FN:247,(anonymous_5)
FN:250,(anonymous_6)
FN:252,(anonymous_7)
FN:255,(anonymous_8)
FN:256,(anonymous_9)
FN:261,(anonymous_10)
FN:262,(anonymous_11)
FN:265,(anonymous_12)
FN:267,(anonymous_13)
FN:270,(anonymous_14)
FN:271,(anonymous_15)
FN:276,(anonymous_16)
FN:277,(anonymous_17)
FN:280,(anonymous_18)
FN:282,(anonymous_19)
FN:285,(anonymous_20)
FN:286,(anonymous_21)
FN:291,(anonymous_22)
FN:298,(anonymous_23)
FN:302,(anonymous_24)
FN:321,(anonymous_25)
FN:328,(anonymous_26)
FN:335,(anonymous_27)
FN:372,(anonymous_28)
FN:378,(anonymous_29)
FN:380,(anonymous_30)
FN:386,(anonymous_31)
FN:391,(anonymous_32)
FN:398,(anonymous_33)
FN:405,(anonymous_34)
FN:431,(anonymous_35)
FN:434,(anonymous_36)
FN:449,(anonymous_37)
FN:474,(anonymous_38)
FN:484,(anonymous_39)
FN:498,(anonymous_40)
FN:516,(anonymous_41)
FN:541,(anonymous_42)
FN:552,(anonymous_43)
FN:562,(anonymous_44)
FN:575,(anonymous_45)
FN:587,(anonymous_46)
FN:606,(anonymous_47)
FN:636,(anonymous_48)
FN:646,(anonymous_49)
FN:659,(anonymous_50)
FN:671,(anonymous_51)
FN:690,(anonymous_52)
FN:729,(anonymous_53)
FN:733,(anonymous_54)
FN:761,(anonymous_55)
FN:762,(anonymous_56)
FN:774,(anonymous_57)
FN:774,(anonymous_58)
FN:812,(anonymous_59)
FN:859,(anonymous_60)
FN:875,(anonymous_61)
FN:879,(anonymous_62)
FN:893,(anonymous_63)
FN:896,(anonymous_64)
FN:938,(anonymous_65)
FN:951,(anonymous_66)
FNF:65
FNH:0
FNDA:0,OverwatchPage
FNDA:0,(anonymous_3)
FNDA:0,(anonymous_4)
FNDA:0,(anonymous_5)
FNDA:0,(anonymous_6)
FNDA:0,(anonymous_7)
FNDA:0,(anonymous_8)
FNDA:0,(anonymous_9)
FNDA:0,(anonymous_10)
FNDA:0,(anonymous_11)
FNDA:0,(anonymous_12)
FNDA:0,(anonymous_13)
FNDA:0,(anonymous_14)
FNDA:0,(anonymous_15)
FNDA:0,(anonymous_16)
FNDA:0,(anonymous_17)
FNDA:0,(anonymous_18)
FNDA:0,(anonymous_19)
FNDA:0,(anonymous_20)
FNDA:0,(anonymous_21)
FNDA:0,(anonymous_22)
FNDA:0,(anonymous_23)
FNDA:0,(anonymous_24)
FNDA:0,(anonymous_25)
FNDA:0,(anonymous_26)
FNDA:0,(anonymous_27)
FNDA:0,(anonymous_28)
FNDA:0,(anonymous_29)
FNDA:0,(anonymous_30)
FNDA:0,(anonymous_31)
FNDA:0,(anonymous_32)
FNDA:0,(anonymous_33)
FNDA:0,(anonymous_34)
FNDA:0,(anonymous_35)
FNDA:0,(anonymous_36)
FNDA:0,(anonymous_37)
FNDA:0,(anonymous_38)
FNDA:0,(anonymous_39)
FNDA:0,(anonymous_40)
FNDA:0,(anonymous_41)
FNDA:0,(anonymous_42)
FNDA:0,(anonymous_43)
FNDA:0,(anonymous_44)
FNDA:0,(anonymous_45)
FNDA:0,(anonymous_46)
FNDA:0,(anonymous_47)
FNDA:0,(anonymous_48)
FNDA:0,(anonymous_49)
FNDA:0,(anonymous_50)
FNDA:0,(anonymous_51)
FNDA:0,(anonymous_52)
FNDA:0,(anonymous_53)
FNDA:0,(anonymous_54)
FNDA:0,(anonymous_55)
FNDA:0,(anonymous_56)
FNDA:0,(anonymous_57)
FNDA:0,(anonymous_58)
FNDA:0,(anonymous_59)
FNDA:0,(anonymous_60)
FNDA:0,(anonymous_61)
FNDA:0,(anonymous_62)
FNDA:0,(anonymous_63)
FNDA:0,(anonymous_64)
FNDA:0,(anonymous_65)
FNDA:0,(anonymous_66)
DA:3,0
DA:4,0
DA:6,0
DA:39,0
DA:73,0
DA:146,0
DA:183,0
DA:184,0
DA:185,0
DA:187,0
DA:188,0
DA:189,0
DA:190,0
DA:191,0
DA:196,0
DA:203,0
DA:204,0
DA:213,0
DA:214,0
DA:217,0
DA:235,0
DA:236,0
DA:238,0
DA:241,0
DA:246,0
DA:247,0
DA:248,0
DA:250,0
DA:251,0
DA:252,0
DA:255,0
DA:256,0
DA:261,0
DA:262,0
DA:263,0
DA:265,0
DA:266,0
DA:267,0
DA:270,0
DA:271,0
DA:276,0
DA:277,0
DA:278,0
DA:280,0
DA:281,0
DA:282,0
DA:285,0
DA:286,0
DA:291,0
DA:292,0
DA:293,0
DA:294,0
DA:298,0
DA:299,0
DA:300,0
DA:302,0
DA:304,0
DA:316,0
DA:319,0
DA:320,0
DA:321,0
DA:327,0
DA:328,0
DA:335,0
DA:344,0
DA:353,0
DA:354,0
DA:357,0
DA:364,0
DA:367,0
DA:372,0
DA:373,0
DA:374,0
DA:376,0
DA:378,0
DA:380,0
DA:381,0
DA:383,0
DA:386,0
DA:387,0
DA:388,0
DA:390,0
DA:391,0
DA:397,0
DA:398,0
DA:405,0
DA:413,0
DA:416,0
DA:417,0
DA:422,0
DA:423,0
DA:426,0
DA:431,0
DA:432,0
DA:434,0
DA:435,0
DA:437,0
DA:440,0
DA:441,0
DA:444,0
DA:449,0
DA:450,0
DA:452,0
DA:454,0
DA:463,0
DA:464,0
DA:467,0
DA:469,0
DA:474,0
DA:475,0
DA:476,0
DA:484,0
DA:485,0
DA:498,0
DA:499,0
DA:516,0
DA:541,0
DA:552,0
DA:562,0
DA:575,0
DA:587,0
DA:606,0
DA:636,0
DA:646,0
DA:659,0
DA:671,0
DA:691,0
DA:692,0
DA:730,0
DA:733,0
DA:762,0
DA:763,0
DA:764,0
DA:765,0
DA:774,0
DA:775,0
DA:813,0
DA:814,0
DA:815,0
DA:816,0
DA:860,0
DA:876,0
DA:877,0
DA:879,0
DA:880,0
DA:882,0
DA:883,0
DA:884,0
DA:894,0
DA:896,0
DA:897,0
DA:898,0
DA:899,0
DA:939,0
DA:951,0
LF:155
LH:0
BRDA:236,0,0,0
BRDA:236,0,1,0
BRDA:236,1,0,0
BRDA:236,1,1,0
BRDA:266,2,0,0
BRDA:266,2,1,0
BRDA:281,3,0,0
BRDA:281,3,1,0
BRDA:320,4,0,0
BRDA:320,4,1,0
BRDA:327,5,0,0
BRDA:327,5,1,0
BRDA:374,6,0,0
BRDA:381,7,0,0
BRDA:381,7,1,0
BRDA:387,8,0,0
BRDA:387,9,0,0
BRDA:387,9,1,0
BRDA:390,10,0,0
BRDA:390,10,1,0
BRDA:397,11,0,0
BRDA:397,11,1,0
BRDA:416,12,0,0
BRDA:435,13,0,0
BRDA:435,13,1,0
BRDA:440,14,0,0
BRDA:450,15,0,0
BRDA:475,16,0,0
BRDA:524,17,0,0
BRDA:619,18,0,0
BRDA:619,18,1,0
BRDA:713,19,0,0
BRDA:720,20,0,0
BRDA:724,21,0,0
BRDA:732,22,0,0
BRDA:732,22,1,0
BRDA:755,23,0,0
BRDA:763,24,0,0
BRDA:815,25,0,0
BRDA:815,26,0,0
BRDA:815,26,1,0
BRDA:826,27,0,0
BRDA:833,28,0,0
BRDA:837,29,0,0
BRDA:877,30,0,0
BRDA:880,31,0,0
BRDA:880,31,1,0
BRDA:883,32,0,0
BRDA:894,33,0,0
BRDA:898,34,0,0
BRDA:922,35,0,0
BRDA:929,36,0,0
BRDA:933,37,0,0
BRDA:953,38,0,0
BRDA:953,38,1,0
BRDA:954,39,0,0
BRDA:954,39,1,0
BRF:57
BRH:0
end_of_record
TN:
SF:src/app/dashboard/profile/page.tsx
FN:8,ProfilePage
FN:29,(anonymous_3)
FN:53,(anonymous_4)
FN:85,(anonymous_5)
FN:92,(anonymous_6)
FN:97,(anonymous_7)
FN:102,(anonymous_8)
FN:127,(anonymous_9)
FN:160,(anonymous_10)
FN:178,(anonymous_11)
FN:232,(anonymous_12)
FN:242,(anonymous_13)
FN:252,(anonymous_14)
FN:304,(anonymous_15)
FNF:14
FNH:0
FNDA:0,ProfilePage
FNDA:0,(anonymous_3)
FNDA:0,(anonymous_4)
FNDA:0,(anonymous_5)
FNDA:0,(anonymous_6)
FNDA:0,(anonymous_7)
FNDA:0,(anonymous_8)
FNDA:0,(anonymous_9)
FNDA:0,(anonymous_10)
FNDA:0,(anonymous_11)
FNDA:0,(anonymous_12)
FNDA:0,(anonymous_13)
FNDA:0,(anonymous_14)
FNDA:0,(anonymous_15)
DA:3,0
DA:4,0
DA:5,0
DA:6,0
DA:8,0
DA:9,0
DA:10,0
DA:11,0
DA:12,0
DA:13,0
DA:14,0
DA:29,0
DA:30,0
DA:31,0
DA:46,0
DA:47,0
DA:53,0
DA:54,0
DA:56,0
DA:59,0
DA:62,0
DA:68,0
DA:70,0
DA:71,0
DA:73,0
DA:74,0
DA:76,0
DA:80,0
DA:84,0
DA:85,0
DA:87,0
DA:88,0
DA:92,0
DA:93,0
DA:94,0
DA:97,0
DA:98,0
DA:99,0
DA:102,0
DA:103,0
DA:105,0
DA:107,0
DA:109,0
DA:126,0
DA:127,0
DA:129,0
DA:131,0
DA:132,0
DA:136,0
DA:160,0
DA:178,0
DA:232,0
DA:242,0
DA:252,0
DA:304,0
LF:55
LH:0
BRDA:15,0,0,0
BRDA:15,0,1,0
BRDA:16,1,0,0
BRDA:16,1,1,0
BRDA:17,2,0,0
BRDA:17,2,1,0
BRDA:18,3,0,0
BRDA:18,3,1,0
BRDA:19,4,0,0
BRDA:19,4,1,0
BRDA:20,5,0,0
BRDA:20,5,1,0
BRDA:21,6,0,0
BRDA:21,6,1,0
BRDA:22,7,0,0
BRDA:22,7,1,0
BRDA:23,8,0,0
BRDA:23,8,1,0
BRDA:24,9,0,0
BRDA:24,9,1,0
BRDA:25,10,0,0
BRDA:25,10,1,0
BRDA:30,11,0,0
BRDA:34,12,0,0
BRDA:34,12,1,0
BRDA:35,13,0,0
BRDA:35,13,1,0
BRDA:36,14,0,0
BRDA:36,14,1,0
BRDA:37,15,0,0
BRDA:37,15,1,0
BRDA:38,16,0,0
BRDA:38,16,1,0
BRDA:39,17,0,0
BRDA:39,17,1,0
BRDA:40,18,0,0
BRDA:40,18,1,0
BRDA:41,19,0,0
BRDA:41,19,1,0
BRDA:42,20,0,0
BRDA:42,20,1,0
BRDA:46,21,0,0
BRDA:68,22,0,0
BRDA:68,22,1,0
BRDA:71,23,0,0
BRDA:71,23,1,0
BRDA:73,24,0,0
BRDA:73,24,1,0
BRDA:73,25,0,0
BRDA:73,25,1,0
BRDA:105,26,0,0
BRDA:136,27,0,0
BRDA:150,28,0,0
BRDA:157,29,0,0
BRDA:172,30,0,0
BRDA:172,30,1,0
BRDA:204,31,0,0
BRDA:204,31,1,0
BRDA:211,32,0,0
BRDA:221,33,0,0
BRDA:221,33,1,0
BRDA:227,34,0,0
BRDA:234,35,0,0
BRDA:234,35,1,0
BRDA:244,36,0,0
BRDA:244,36,1,0
BRDA:254,37,0,0
BRDA:254,37,1,0
BRDA:267,38,0,0
BRDA:267,38,1,0
BRDA:272,39,0,0
BRDA:272,39,1,0
BRDA:276,40,0,0
BRDA:276,40,1,0
BRDA:276,40,2,0
BRDA:279,41,0,0
BRDA:279,41,1,0
BRDA:282,42,0,0
BRDA:287,43,0,0
BRDA:287,43,1,0
BRDA:292,44,0,0
BRDA:316,45,0,0
BRDA:316,45,1,0
BRDA:346,46,0,0
BRDA:346,46,1,0
BRDA:360,47,0,0
BRDA:360,47,1,0
BRDA:374,48,0,0
BRDA:374,48,1,0
BRDA:387,49,0,0
BRDA:387,49,1,0
BRDA:397,50,0,0
BRDA:397,50,1,0
BRDA:412,51,0,0
BRDA:412,51,1,0
BRDA:435,52,0,0
BRDA:435,52,1,0
BRDA:575,53,0,0
BRDA:575,53,1,0
BRDA:601,54,0,0
BRF:100
BRH:0
end_of_record
TN:
SF:src/app/dashboard/settings/page.tsx
FN:6,SettingsPage
FN:45,(anonymous_3)
FN:64,(anonymous_4)
FN:66,(anonymous_5)
FN:76,(anonymous_6)
FN:79,(anonymous_7)
FN:116,(anonymous_8)
FN:132,(anonymous_9)
FN:148,(anonymous_10)
FN:164,(anonymous_11)
FN:180,(anonymous_12)
FN:288,(anonymous_13)
FN:306,(anonymous_14)
FN:324,(anonymous_15)
FN:343,(anonymous_16)
FN:452,(anonymous_17)
FN:471,(anonymous_18)
FN:490,(anonymous_19)
FN:514,(anonymous_20)
FN:533,(anonymous_21)
FN:552,(anonymous_22)
FN:571,(anonymous_23)
FN:590,(anonymous_24)
FNF:23
FNH:0
FNDA:0,SettingsPage
FNDA:0,(anonymous_3)
FNDA:0,(anonymous_4)
FNDA:0,(anonymous_5)
FNDA:0,(anonymous_6)
FNDA:0,(anonymous_7)
FNDA:0,(anonymous_8)
FNDA:0,(anonymous_9)
FNDA:0,(anonymous_10)
FNDA:0,(anonymous_11)
FNDA:0,(anonymous_12)
FNDA:0,(anonymous_13)
FNDA:0,(anonymous_14)
FNDA:0,(anonymous_15)
FNDA:0,(anonymous_16)
FNDA:0,(anonymous_17)
FNDA:0,(anonymous_18)
FNDA:0,(anonymous_19)
FNDA:0,(anonymous_20)
FNDA:0,(anonymous_21)
FNDA:0,(anonymous_22)
FNDA:0,(anonymous_23)
FNDA:0,(anonymous_24)
DA:3,0
DA:4,0
DA:6,0
DA:7,0
DA:8,0
DA:19,0
DA:27,0
DA:34,0
DA:45,0
DA:46,0
DA:64,0
DA:67,0
DA:77,0
DA:79,0
DA:116,0
DA:132,0
DA:148,0
DA:164,0
DA:180,0
DA:288,0
DA:306,0
DA:324,0
DA:343,0
DA:452,0
DA:471,0
DA:490,0
DA:514,0
DA:533,0
DA:552,0
DA:571,0
DA:590,0
LF:31
LH:0
BRDA:81,0,0,0
BRDA:81,0,1,0
BRDA:94,1,0,0
BRDA:267,2,0,0
BRDA:430,3,0,0
BRDA:616,4,0,0
BRDA:709,5,0,0
BRDA:838,6,0,0
BRDA:947,7,0,0
BRDA:958,8,0,0
BRF:10
BRH:0
end_of_record
TN:
SF:src/app/dashboard/settings/quickbooks/page.tsx
FN:35,QuickBooksIntegration
FN:50,(anonymous_3)
FN:51,(anonymous_4)
FN:54,(anonymous_5)
FN:64,(anonymous_6)
FN:67,(anonymous_7)
FN:74,(anonymous_8)
FN:78,(anonymous_9)
FN:86,(anonymous_10)
FN:92,(anonymous_11)
FN:96,(anonymous_12)
FN:113,(anonymous_13)
FN:240,(anonymous_14)
FN:263,(anonymous_15)
FN:283,(anonymous_16)
FN:300,(anonymous_17)
FN:317,(anonymous_18)
FN:403,(anonymous_19)
FNF:18
FNH:0
FNDA:0,QuickBooksIntegration
FNDA:0,(anonymous_3)
FNDA:0,(anonymous_4)
FNDA:0,(anonymous_5)
FNDA:0,(anonymous_6)
FNDA:0,(anonymous_7)
FNDA:0,(anonymous_8)
FNDA:0,(anonymous_9)
FNDA:0,(anonymous_10)
FNDA:0,(anonymous_11)
FNDA:0,(anonymous_12)
FNDA:0,(anonymous_13)
FNDA:0,(anonymous_14)
FNDA:0,(anonymous_15)
FNDA:0,(anonymous_16)
FNDA:0,(anonymous_17)
FNDA:0,(anonymous_18)
FNDA:0,(anonymous_19)
DA:3,0
DA:5,0
DA:8,0
DA:35,0
DA:36,0
DA:37,0
DA:38,0
DA:39,0
DA:46,0
DA:47,0
DA:50,0
DA:51,0
DA:54,0
DA:55,0
DA:56,0
DA:60,0
DA:64,0
DA:66,0
DA:67,0
DA:68,0
DA:69,0
DA:74,0
DA:76,0
DA:77,0
DA:78,0
DA:79,0
DA:80,0
DA:86,0
DA:88,0
DA:92,0
DA:93,0
DA:96,0
DA:98,0
DA:107,0
DA:108,0
DA:113,0
DA:114,0
DA:121,0
DA:124,0
DA:240,0
DA:263,0
DA:283,0
DA:300,0
DA:317,0
DA:404,0
LF:45
LH:0
BRDA:76,0,0,0
BRDA:124,1,0,0
BRDA:124,2,0,0
BRDA:124,2,1,0
BRDA:164,3,0,0
BRDA:172,4,0,0
BRDA:227,5,0,0
BRDA:245,6,0,0
BRDA:245,6,1,0
BRDA:254,7,0,0
BRDA:342,8,0,0
BRDA:353,9,0,0
BRDA:377,10,0,0
BRDA:410,11,0,0
BRDA:410,11,1,0
BRDA:412,12,0,0
BRDA:412,12,1,0
BRDA:416,13,0,0
BRDA:416,13,1,0
BRDA:430,14,0,0
BRF:20
BRH:0
end_of_record
TN:
SF:src/app/dashboard/settings/users/page.tsx
FN:18,UsersPage
FN:33,(anonymous_3)
FN:86,(anonymous_4)
FN:93,(anonymous_5)
FN:109,(anonymous_6)
FN:111,(anonymous_7)
FN:118,(anonymous_8)
FN:120,(anonymous_9)
FN:127,(anonymous_10)
FN:129,(anonymous_11)
FN:136,(anonymous_12)
FN:138,(anonymous_13)
FN:141,(anonymous_14)
FN:147,(anonymous_15)
FN:157,(anonymous_16)
FN:178,(anonymous_17)
FN:205,(anonymous_18)
FN:216,(anonymous_19)
FN:235,(anonymous_20)
FN:241,(anonymous_21)
FN:247,(anonymous_22)
FN:253,(anonymous_23)
FN:283,(anonymous_24)
FN:285,(anonymous_25)
FN:333,(anonymous_26)
FN:340,(anonymous_27)
FN:348,(anonymous_28)
FN:361,(anonymous_29)
FN:391,(anonymous_30)
FN:400,(anonymous_31)
FN:402,(anonymous_32)
FN:421,(anonymous_33)
FN:450,(anonymous_34)
FN:464,(anonymous_35)
FN:477,(anonymous_36)
FN:498,(anonymous_37)
FNF:36
FNH:0
FNDA:0,UsersPage
FNDA:0,(anonymous_3)
FNDA:0,(anonymous_4)
FNDA:0,(anonymous_5)
FNDA:0,(anonymous_6)
FNDA:0,(anonymous_7)
FNDA:0,(anonymous_8)
FNDA:0,(anonymous_9)
FNDA:0,(anonymous_10)
FNDA:0,(anonymous_11)
FNDA:0,(anonymous_12)
FNDA:0,(anonymous_13)
FNDA:0,(anonymous_14)
FNDA:0,(anonymous_15)
FNDA:0,(anonymous_16)
FNDA:0,(anonymous_17)
FNDA:0,(anonymous_18)
FNDA:0,(anonymous_19)
FNDA:0,(anonymous_20)
FNDA:0,(anonymous_21)
FNDA:0,(anonymous_22)
FNDA:0,(anonymous_23)
FNDA:0,(anonymous_24)
FNDA:0,(anonymous_25)
FNDA:0,(anonymous_26)
FNDA:0,(anonymous_27)
FNDA:0,(anonymous_28)
FNDA:0,(anonymous_29)
FNDA:0,(anonymous_30)
FNDA:0,(anonymous_31)
FNDA:0,(anonymous_32)
FNDA:0,(anonymous_33)
FNDA:0,(anonymous_34)
FNDA:0,(anonymous_35)
FNDA:0,(anonymous_36)
FNDA:0,(anonymous_37)
DA:3,0
DA:4,0
DA:5,0
DA:18,0
DA:19,0
DA:20,0
DA:21,0
DA:22,0
DA:23,0
DA:28,0
DA:29,0
DA:30,0
DA:33,0
DA:35,0
DA:86,0
DA:87,0
DA:88,0
DA:93,0
DA:94,0
DA:97,0
DA:103,0
DA:104,0
DA:105,0
DA:109,0
DA:110,0
DA:112,0
DA:118,0
DA:119,0
DA:121,0
DA:127,0
DA:128,0
DA:129,0
DA:131,0
DA:136,0
DA:137,0
DA:138,0
DA:139,0
DA:140,0
DA:142,0
DA:145,0
DA:146,0
DA:148,0
DA:153,0
DA:157,0
DA:159,0
DA:162,0
DA:164,0
DA:178,0
DA:205,0
DA:216,0
DA:235,0
DA:241,0
DA:247,0
DA:253,0
DA:284,0
DA:285,0
DA:287,0
DA:334,0
DA:340,0
DA:348,0
DA:361,0
DA:392,0
DA:393,0
DA:402,0
DA:421,0
DA:450,0
DA:464,0
DA:477,0
DA:498,0
LF:69
LH:0
BRDA:112,0,0,0
BRDA:112,0,1,0
BRDA:121,1,0,0
BRDA:121,1,1,0
BRDA:128,2,0,0
BRDA:128,2,1,0
BRDA:137,3,0,0
BRDA:137,3,1,0
BRDA:139,4,0,0
BRDA:139,4,1,0
BRDA:142,5,0,0
BRDA:142,5,1,0
BRDA:145,6,0,0
BRDA:148,7,0,0
BRDA:148,7,1,0
BRDA:159,8,0,0
BRDA:159,8,1,0
BRDA:162,9,0,0
BRDA:162,9,1,0
BRDA:164,10,0,0
BRDA:164,10,1,0
BRDA:228,11,0,0
BRDA:231,12,0,0
BRDA:231,12,1,0
BRDA:265,13,0,0
BRDA:282,14,0,0
BRDA:282,14,1,0
BRDA:284,15,0,0
BRDA:284,15,1,0
BRDA:322,16,0,0
BRDA:322,16,1,0
BRDA:334,17,0,0
BRDA:334,17,1,0
BRDA:371,18,0,0
BRDA:371,18,1,0
BRDA:373,19,0,0
BRDA:373,19,1,0
BRDA:377,20,0,0
BRDA:377,20,1,0
BRDA:379,21,0,0
BRDA:379,21,1,0
BRDA:385,22,0,0
BRDA:385,22,1,0
BRDA:392,23,0,0
BRDA:392,23,1,0
BRDA:397,24,0,0
BRDA:397,24,1,0
BRDA:418,25,0,0
BRF:48
BRH:0
end_of_record
TN:
SF:src/app/dashboard/settings/users/roles/page.tsx
FN:23,RolesPage
FN:91,(anonymous_3)
FN:100,(anonymous_4)
FN:121,(anonymous_5)
FN:125,(anonymous_6)
FN:136,(anonymous_7)
FN:137,(anonymous_8)
FN:151,(anonymous_9)
FN:170,(anonymous_10)
FN:173,(anonymous_11)
FN:278,(anonymous_12)
FN:287,(anonymous_13)
FN:291,(anonymous_14)
FN:331,(anonymous_15)
FN:358,(anonymous_16)
FN:372,(anonymous_17)
FN:381,(anonymous_18)
FN:385,(anonymous_19)
FN:394,(anonymous_20)
FN:424,(anonymous_21)
FNF:20
FNH:0
FNDA:0,RolesPage
FNDA:0,(anonymous_3)
FNDA:0,(anonymous_4)
FNDA:0,(anonymous_5)
FNDA:0,(anonymous_6)
FNDA:0,(anonymous_7)
FNDA:0,(anonymous_8)
FNDA:0,(anonymous_9)
FNDA:0,(anonymous_10)
FNDA:0,(anonymous_11)
FNDA:0,(anonymous_12)
FNDA:0,(anonymous_13)
FNDA:0,(anonymous_14)
FNDA:0,(anonymous_15)
FNDA:0,(anonymous_16)
FNDA:0,(anonymous_17)
FNDA:0,(anonymous_18)
FNDA:0,(anonymous_19)
FNDA:0,(anonymous_20)
FNDA:0,(anonymous_21)
DA:3,0
DA:4,0
DA:23,0
DA:24,0
DA:63,0
DA:81,0
DA:82,0
DA:83,0
DA:84,0
DA:91,0
DA:92,0
DA:93,0
DA:95,0
DA:96,0
DA:100,0
DA:101,0
DA:103,0
DA:105,0
DA:115,0
DA:116,0
DA:117,0
DA:121,0
DA:122,0
DA:123,0
DA:125,0
DA:128,0
DA:136,0
DA:137,0
DA:151,0
DA:171,0
DA:173,0
DA:278,0
DA:288,0
DA:292,0
DA:331,0
DA:358,0
DA:372,0
DA:382,0
DA:386,0
DA:394,0
DA:424,0
LF:41
LH:0
BRDA:92,0,0,0
BRDA:103,1,0,0
BRDA:122,2,0,0
BRDA:122,2,1,0
BRDA:175,3,0,0
BRDA:175,3,1,0
BRDA:183,4,0,0
BRDA:188,5,0,0
BRDA:217,6,0,0
BRDA:229,7,0,0
BRDA:229,7,1,0
BRDA:242,8,0,0
BRDA:242,8,1,0
BRDA:281,9,0,0
BRDA:281,9,1,0
BRDA:294,10,0,0
BRDA:294,10,1,0
BRDA:300,11,0,0
BRDA:310,12,0,0
BRDA:328,13,0,0
BRF:20
BRH:0
end_of_record
TN:
SF:src/app/dashboard/vehicles/page.tsx
FN:7,VehiclesPage
FN:23,(anonymous_3)
FN:28,(anonymous_4)
FN:33,(anonymous_5)
FN:38,(anonymous_6)
FN:47,(anonymous_7)
FN:57,(anonymous_8)
FN:65,(anonymous_9)
FN:72,(anonymous_10)
FN:77,(anonymous_11)
FN:83,(anonymous_12)
FN:96,(anonymous_13)
FN:447,(anonymous_19)
FN:457,(anonymous_20)
FN:605,(anonymous_21)
FN:668,(anonymous_22)
FN:725,(anonymous_23)
FN:796,(anonymous_24)
FN:823,(anonymous_25)
FN:841,(anonymous_26)
FN:854,(anonymous_27)
FN:867,(anonymous_28)
FN:883,(anonymous_29)
FN:895,(anonymous_30)
FN:897,(anonymous_31)
FN:912,(anonymous_32)
FN:915,(anonymous_33)
FN:926,(anonymous_34)
FNF:28
FNH:0
FNDA:0,VehiclesPage
FNDA:0,(anonymous_3)
FNDA:0,(anonymous_4)
FNDA:0,(anonymous_5)
FNDA:0,(anonymous_6)
FNDA:0,(anonymous_7)
FNDA:0,(anonymous_8)
FNDA:0,(anonymous_9)
FNDA:0,(anonymous_10)
FNDA:0,(anonymous_11)
FNDA:0,(anonymous_12)
FNDA:0,(anonymous_13)
FNDA:0,(anonymous_19)
FNDA:0,(anonymous_20)
FNDA:0,(anonymous_21)
FNDA:0,(anonymous_22)
FNDA:0,(anonymous_23)
FNDA:0,(anonymous_24)
FNDA:0,(anonymous_25)
FNDA:0,(anonymous_26)
FNDA:0,(anonymous_27)
FNDA:0,(anonymous_28)
FNDA:0,(anonymous_29)
FNDA:0,(anonymous_30)
FNDA:0,(anonymous_31)
FNDA:0,(anonymous_32)
FNDA:0,(anonymous_33)
FNDA:0,(anonymous_34)
DA:3,0
DA:4,0
DA:5,0
DA:7,0
DA:8,0
DA:9,0
DA:10,0
DA:11,0
DA:12,0
DA:13,0
DA:14,0
DA:15,0
DA:23,0
DA:24,0
DA:25,0
DA:28,0
DA:29,0
DA:30,0
DA:33,0
DA:34,0
DA:35,0
DA:38,0
DA:41,0
DA:42,0
DA:43,0
DA:47,0
DA:48,0
DA:49,0
DA:52,0
DA:53,0
DA:57,0
DA:58,0
DA:61,0
DA:65,0
DA:66,0
DA:67,0
DA:68,0
DA:72,0
DA:73,0
DA:76,0
DA:77,0
DA:81,0
DA:82,0
DA:83,0
DA:84,0
DA:92,0
DA:96,0
DA:97,0
DA:101,0
DA:447,0
DA:457,0
DA:606,0
DA:669,0
DA:726,0
DA:797,0
DA:798,0
DA:823,0
DA:841,0
DA:854,0
DA:867,0
DA:883,0
DA:895,0
DA:898,0
DA:913,0
DA:914,0
DA:915,0
DA:918,0
DA:927,0
LF:68
LH:0
BRDA:52,0,0,0
BRDA:76,1,0,0
BRDA:81,2,0,0
BRDA:84,3,0,0
BRDA:84,3,1,0
BRDA:84,3,2,0
BRDA:84,3,3,0
BRDA:84,3,4,0
BRDA:414,4,0,0
BRDA:414,4,1,0
BRDA:416,5,0,0
BRDA:416,5,1,0
BRDA:418,6,0,0
BRDA:418,6,1,0
BRDA:464,7,0,0
BRDA:488,8,0,0
BRDA:488,8,1,0
BRDA:518,9,0,0
BRDA:518,9,1,0
BRDA:520,10,0,0
BRDA:520,10,1,0
BRDA:522,11,0,0
BRDA:522,11,1,0
BRDA:540,12,0,0
BRDA:540,12,1,0
BRDA:553,13,0,0
BRDA:557,14,0,0
BRDA:557,14,1,0
BRDA:559,15,0,0
BRDA:559,15,1,0
BRDA:634,16,0,0
BRDA:633,17,0,0
BRDA:633,17,1,0
BRDA:647,18,0,0
BRDA:647,18,1,0
BRDA:649,19,0,0
BRDA:649,19,1,0
BRDA:673,20,0,0
BRDA:673,20,1,0
BRDA:675,21,0,0
BRDA:675,21,1,0
BRDA:677,22,0,0
BRDA:677,22,1,0
BRDA:690,23,0,0
BRDA:712,24,0,0
BRDA:711,25,0,0
BRDA:711,25,1,0
BRDA:733,26,0,0
BRDA:733,26,1,0
BRDA:778,27,0,0
BRDA:778,27,1,0
BRDA:882,28,0,0
BRDA:882,28,1,0
BRDA:894,29,0,0
BRDA:894,29,1,0
BRDA:911,30,0,0
BRDA:911,30,1,0
BRDA:913,31,0,0
BRDA:913,31,1,0
BRDA:914,32,0,0
BRDA:914,32,1,0
BRDA:915,33,0,0
BRDA:915,33,1,0
BRF:63
BRH:0
end_of_record
TN:
SF:src/app/dashboard/vehicles/create/page.tsx
FN:7,CreateVehiclePage
FN:31,(anonymous_3)
FN:41,(anonymous_4)
FN:72,(anonymous_5)
FN:84,(anonymous_6)
FN:236,(anonymous_7)
FN:278,(anonymous_8)
FNF:7
FNH:0
FNDA:0,CreateVehiclePage
FNDA:0,(anonymous_3)
FNDA:0,(anonymous_4)
FNDA:0,(anonymous_5)
FNDA:0,(anonymous_6)
FNDA:0,(anonymous_7)
FNDA:0,(anonymous_8)
DA:3,0
DA:4,0
DA:5,0
DA:7,0
DA:8,0
DA:9,0
DA:19,0
DA:20,0
DA:23,0
DA:31,0
DA:32,0
DA:33,0
DA:36,0
DA:37,0
DA:41,0
DA:42,0
DA:44,0
DA:45,0
DA:48,0
DA:49,0
DA:52,0
DA:53,0
DA:56,0
DA:57,0
DA:60,0
DA:61,0
DA:64,0
DA:65,0
DA:68,0
DA:69,0
DA:72,0
DA:73,0
DA:75,0
DA:76,0
DA:79,0
DA:81,0
DA:84,0
DA:86,0
DA:87,0
DA:88,0
DA:90,0
DA:91,0
DA:93,0
DA:237,0
DA:279,0
LF:45
LH:0
BRDA:36,0,0,0
BRDA:44,1,0,0
BRDA:44,2,0,0
BRDA:44,2,1,0
BRDA:48,3,0,0
BRDA:52,4,0,0
BRDA:56,5,0,0
BRDA:56,6,0,0
BRDA:56,6,1,0
BRDA:56,6,2,0
BRDA:60,7,0,0
BRDA:60,8,0,0
BRDA:60,8,1,0
BRDA:64,9,0,0
BRDA:64,10,0,0
BRDA:64,10,1,0
BRDA:75,11,0,0
BRDA:133,12,0,0
BRDA:133,12,1,0
BRDA:140,13,0,0
BRDA:172,14,0,0
BRDA:172,14,1,0
BRDA:178,15,0,0
BRDA:192,16,0,0
BRDA:192,16,1,0
BRDA:198,17,0,0
BRDA:212,18,0,0
BRDA:212,18,1,0
BRDA:219,19,0,0
BRDA:253,20,0,0
BRDA:253,20,1,0
BRDA:260,21,0,0
BRDA:273,22,0,0
BRDA:273,22,1,0
BRDA:282,23,0,0
BRDA:302,24,0,0
BRF:36
BRH:0
end_of_record
TN:
SF:src/app/dashboard/vehicles/scan/page.tsx
FN:6,VINScanPage
FN:14,(anonymous_3)
FN:20,(anonymous_4)
FN:28,(anonymous_5)
FN:40,(anonymous_6)
FN:50,(anonymous_7)
FN:57,(anonymous_8)
FN:64,(anonymous_9)
FN:75,(anonymous_10)
FN:114,(anonymous_11)
FN:147,(anonymous_12)
FN:167,(anonymous_13)
FN:194,(anonymous_14)
FN:202,(anonymous_15)
FN:256,(anonymous_16)
FN:263,(anonymous_17)
FNF:16
FNH:0
FNDA:0,VINScanPage
FNDA:0,(anonymous_3)
FNDA:0,(anonymous_4)
FNDA:0,(anonymous_5)
FNDA:0,(anonymous_6)
FNDA:0,(anonymous_7)
FNDA:0,(anonymous_8)
FNDA:0,(anonymous_9)
FNDA:0,(anonymous_10)
FNDA:0,(anonymous_11)
FNDA:0,(anonymous_12)
FNDA:0,(anonymous_13)
FNDA:0,(anonymous_14)
FNDA:0,(anonymous_15)
FNDA:0,(anonymous_16)
FNDA:0,(anonymous_17)
DA:3,0
DA:4,0
DA:6,0
DA:7,0
DA:8,0
DA:9,0
DA:10,0
DA:11,0
DA:14,0
DA:15,0
DA:17,0
DA:20,0
DA:21,0
DA:22,0
DA:23,0
DA:28,0
DA:29,0
DA:32,0
DA:33,0
DA:34,0
DA:37,0
DA:38,0
DA:40,0
DA:41,0
DA:42,0
DA:46,0
DA:50,0
DA:51,0
DA:52,0
DA:53,0
DA:57,0
DA:58,0
DA:59,0
DA:60,0
DA:64,0
DA:65,0
DA:67,0
DA:68,0
DA:69,0
DA:72,0
DA:75,0
DA:76,0
DA:77,0
DA:78,0
DA:79,0
DA:82,0
DA:114,0
DA:147,0
DA:167,0
DA:195,0
DA:202,0
DA:257,0
DA:263,0
LF:53
LH:0
BRDA:15,0,0,0
BRDA:29,1,0,0
BRDA:29,2,0,0
BRDA:29,2,1,0
BRDA:32,3,0,0
BRDA:41,4,0,0
BRDA:41,5,0,0
BRDA:41,5,1,0
BRDA:67,6,0,0
BRDA:121,7,0,0
BRDA:121,7,1,0
BRDA:125,8,0,0
BRDA:188,9,0,0
BRDA:218,10,0,0
BRDA:218,10,1,0
BRDA:222,11,0,0
BRDA:247,12,0,0
BRF:17
BRH:0
end_of_record
TN:
SF:src/app/login/page.tsx
FN:8,LoginPage
FN:16,(anonymous_3)
FN:67,(anonymous_4)
FN:83,(anonymous_5)
FNF:4
FNH:0
FNDA:0,LoginPage
FNDA:0,(anonymous_3)
FNDA:0,(anonymous_4)
FNDA:0,(anonymous_5)
DA:3,0
DA:4,0
DA:5,0
DA:6,0
DA:8,0
DA:9,0
DA:10,0
DA:11,0
DA:12,0
DA:13,0
DA:14,0
DA:16,0
DA:17,0
DA:18,0
DA:19,0
DA:21,0
DA:22,0
DA:23,0
DA:25,0
DA:27,0
DA:67,0
DA:83,0
LF:22
LH:0
BRDA:90,0,0,0
BRDA:133,1,0,0
BRDA:133,1,1,0
BRF:3
BRH:0
end_of_record
TN:
SF:src/app/signup/page.tsx
FN:8,SignupPage
FN:22,(anonymous_3)
FN:111,(anonymous_4)
FN:127,(anonymous_5)
FN:143,(anonymous_6)
FN:159,(anonymous_7)
FN:174,(anonymous_8)
FN:189,(anonymous_9)
FN:202,(anonymous_10)
FNF:9
FNH:0
FNDA:0,SignupPage
FNDA:0,(anonymous_3)
FNDA:0,(anonymous_4)
FNDA:0,(anonymous_5)
FNDA:0,(anonymous_6)
FNDA:0,(anonymous_7)
FNDA:0,(anonymous_8)
FNDA:0,(anonymous_9)
FNDA:0,(anonymous_10)
DA:3,0
DA:4,0
DA:5,0
DA:6,0
DA:8,0
DA:9,0
DA:10,0
DA:11,0
DA:12,0
DA:13,0
DA:14,0
DA:15,0
DA:16,0
DA:17,0
DA:19,0
DA:20,0
DA:22,0
DA:23,0
DA:24,0
DA:27,0
DA:28,0
DA:29,0
DA:32,0
DA:33,0
DA:34,0
DA:37,0
DA:39,0
DA:41,0
DA:50,0
DA:52,0
DA:54,0
DA:111,0
DA:127,0
DA:143,0
DA:159,0
DA:174,0
DA:189,0
DA:202,0
LF:38
LH:0
BRDA:27,0,0,0
BRDA:27,1,0,0
BRDA:27,1,1,0
BRDA:27,1,2,0
BRDA:32,2,0,0
BRDA:82,3,0,0
BRDA:218,4,0,0
BRDA:218,4,1,0
BRF:8
BRH:0
end_of_record
TN:
SF:src/components/NotificationMenu.tsx
FN:28,(anonymous_5)
FN:38,(anonymous_6)
FN:40,(anonymous_7)
FN:42,(anonymous_8)
FN:52,(anonymous_9)
FN:60,(anonymous_10)
FN:65,(anonymous_11)
FN:76,(anonymous_12)
FN:78,(anonymous_13)
FN:83,(anonymous_14)
FN:105,(anonymous_15)
FN:153,(anonymous_16)
FN:193,(anonymous_17)
FN:197,(anonymous_18)
FN:228,(anonymous_19)
FNF:15
FNH:11
FNDA:20,(anonymous_5)
FNDA:72,(anonymous_6)
FNDA:10,(anonymous_7)
FNDA:0,(anonymous_8)
FNDA:10,(anonymous_9)
FNDA:10,(anonymous_10)
FNDA:0,(anonymous_11)
FNDA:0,(anonymous_12)
FNDA:0,(anonymous_13)
FNDA:1,(anonymous_14)
FNDA:28,(anonymous_15)
FNDA:8,(anonymous_16)
FNDA:28,(anonymous_17)
FNDA:1,(anonymous_18)
FNDA:1,(anonymous_19)
DA:3,1
DA:4,1
DA:5,1
DA:6,1
DA:28,1
DA:34,20
DA:35,20
DA:36,20
DA:37,20
DA:38,72
DA:40,20
DA:42,10
DA:43,0
DA:44,0
DA:49,10
DA:52,10
DA:53,10
DA:54,10
DA:55,0
DA:60,20
DA:62,10
DA:65,20
DA:67,0
DA:68,0
DA:69,0
DA:73,0
DA:76,20
DA:78,0
DA:79,0
DA:83,20
DA:85,1
DA:86,1
DA:90,1
DA:91,0
DA:92,0
DA:93,1
DA:94,1
DA:95,1
DA:96,0
DA:97,0
DA:98,0
DA:99,0
DA:100,0
DA:101,0
DA:105,20
DA:106,28
DA:154,8
DA:155,8
DA:194,28
DA:197,1
DA:228,1
DA:239,10
LF:52
LH:35
BRDA:29,0,0,0
BRDA:43,1,0,0
BRDA:43,2,0,0
BRDA:43,2,1,0
BRDA:54,3,0,0
BRDA:67,4,0,0
BRDA:85,5,0,1
BRDA:90,6,0,0
BRDA:90,6,1,1
BRDA:93,7,0,1
BRDA:93,7,1,0
BRDA:93,8,0,1
BRDA:93,8,1,1
BRDA:96,9,0,0
BRDA:96,9,1,0
BRDA:96,10,0,0
BRDA:96,10,1,0
BRDA:99,11,0,0
BRDA:99,12,0,0
BRDA:99,12,1,0
BRDA:163,13,0,20
BRDA:165,14,0,0
BRDA:165,14,1,18
BRDA:170,15,0,20
BRDA:181,16,0,8
BRDA:192,17,0,7
BRDA:196,18,0,21
BRDA:196,18,1,7
BRDA:201,19,0,21
BRDA:201,19,1,7
BRDA:209,20,0,28
BRF:31
BRH:15
end_of_record
TN:
SF:src/components/SortableTable.tsx
FN:40,(anonymous_1)
FN:53,(anonymous_2)
FN:60,(anonymous_3)
FN:96,(anonymous_4)
FN:137,(anonymous_5)
FN:148,(anonymous_6)
FN:155,(anonymous_7)
FN:156,(anonymous_8)
FN:159,(anonymous_9)
FN:166,(anonymous_10)
FN:174,(anonymous_11)
FN:193,(anonymous_12)
FN:194,(anonymous_13)
FN:194,(anonymous_14)
FN:198,(anonymous_15)
FN:205,(anonymous_16)
FN:206,(anonymous_17)
FN:217,(anonymous_18)
FN:229,(anonymous_19)
FN:251,(anonymous_20)
FN:256,(anonymous_21)
FN:287,(anonymous_22)
FN:301,(anonymous_23)
FN:303,(anonymous_24)
FNF:24
FNH:0
FNDA:0,(anonymous_1)
FNDA:0,(anonymous_2)
FNDA:0,(anonymous_3)
FNDA:0,(anonymous_4)
FNDA:0,(anonymous_5)
FNDA:0,(anonymous_6)
FNDA:0,(anonymous_7)
FNDA:0,(anonymous_8)
FNDA:0,(anonymous_9)
FNDA:0,(anonymous_10)
FNDA:0,(anonymous_11)
FNDA:0,(anonymous_12)
FNDA:0,(anonymous_13)
FNDA:0,(anonymous_14)
FNDA:0,(anonymous_15)
FNDA:0,(anonymous_16)
FNDA:0,(anonymous_17)
FNDA:0,(anonymous_18)
FNDA:0,(anonymous_19)
FNDA:0,(anonymous_20)
FNDA:0,(anonymous_21)
FNDA:0,(anonymous_22)
FNDA:0,(anonymous_23)
FNDA:0,(anonymous_24)
DA:3,0
DA:4,0
DA:5,0
DA:40,0
DA:47,0
DA:48,0
DA:50,0
DA:53,0
DA:58,0
DA:61,0
DA:62,0
DA:65,0
DA:66,0
DA:69,0
DA:70,0
DA:74,0
DA:80,0
DA:84,0
DA:86,0
DA:89,0
DA:96,0
DA:137,0
DA:148,0
DA:149,0
DA:150,0
DA:151,0
DA:152,0
DA:153,0
DA:155,0
DA:156,0
DA:159,0
DA:160,0
DA:161,0
DA:166,0
DA:168,0
DA:174,0
DA:180,0
DA:183,0
DA:192,0
DA:193,0
DA:194,0
DA:198,0
DA:199,0
DA:200,0
DA:205,0
DA:206,0
DA:207,0
DA:210,0
DA:211,0
DA:212,0
DA:215,0
DA:217,0
DA:220,0
DA:221,0
DA:223,0
DA:224,0
DA:229,0
DA:230,0
DA:232,0
DA:233,0
DA:234,0
DA:235,0
DA:236,0
DA:240,0
DA:245,0
DA:246,0
DA:251,0
DA:252,0
DA:253,0
DA:256,0
DA:257,0
DA:259,0
DA:260,0
DA:261,0
DA:264,0
DA:265,0
DA:266,0
DA:269,0
DA:270,0
DA:276,0
DA:288,0
DA:302,0
DA:304,0
DA:329,0
LF:84
LH:0
BRDA:48,0,0,0
BRDA:48,0,1,0
BRDA:61,1,0,0
BRDA:69,2,0,0
BRDA:84,3,0,0
BRDA:84,3,1,0
BRDA:94,4,0,0
BRDA:94,4,1,0
BRDA:94,5,0,0
BRDA:94,5,1,0
BRDA:96,6,0,0
BRDA:96,6,1,0
BRDA:100,7,0,0
BRDA:103,8,0,0
BRDA:103,9,0,0
BRDA:103,9,1,0
BRDA:141,10,0,0
BRDA:143,11,0,0
BRDA:149,12,0,0
BRDA:149,13,0,0
BRDA:149,13,1,0
BRDA:151,14,0,0
BRDA:160,15,0,0
BRDA:187,16,0,0
BRDA:187,16,1,0
BRDA:188,17,0,0
BRDA:188,17,1,0
BRDA:199,18,0,0
BRDA:199,19,0,0
BRDA:199,19,1,0
BRDA:223,20,0,0
BRDA:232,21,0,0
BRDA:233,22,0,0
BRDA:233,22,1,0
BRDA:235,23,0,0
BRDA:241,24,0,0
BRDA:241,24,1,0
BRDA:245,25,0,0
BRDA:252,26,0,0
BRDA:252,27,0,0
BRDA:252,27,1,0
BRDA:257,28,0,0
BRDA:259,29,0,0
BRDA:259,29,1,0
BRDA:264,30,0,0
BRDA:264,31,0,0
BRDA:264,31,1,0
BRDA:265,32,0,0
BRDA:266,33,0,0
BRDA:269,34,0,0
BRDA:269,35,0,0
BRDA:269,35,1,0
BRDA:270,36,0,0
BRDA:270,36,1,0
BRDA:276,37,0,0
BRDA:276,37,1,0
BRDA:277,38,0,0
BRDA:277,38,1,0
BRDA:278,39,0,0
BRDA:278,39,1,0
BRDA:301,40,0,0
BRDA:305,41,0,0
BRDA:305,41,1,0
BRDA:307,42,0,0
BRDA:307,42,1,0
BRF:65
BRH:0
end_of_record
TN:
SF:src/components/UserAccountMenu.tsx
FN:16,(anonymous_5)
FN:28,(anonymous_6)
FN:30,(anonymous_7)
FN:40,(anonymous_8)
FN:48,(anonymous_9)
FN:59,(anonymous_10)
FN:61,(anonymous_11)
FN:66,(anonymous_12)
FN:73,(anonymous_13)
FN:88,(anonymous_14)
FN:143,(anonymous_15)
FN:150,(anonymous_16)
FN:158,(anonymous_17)
FNF:13
FNH:5
FNDA:14,(anonymous_5)
FNDA:8,(anonymous_6)
FNDA:0,(anonymous_7)
FNDA:8,(anonymous_8)
FNDA:0,(anonymous_9)
FNDA:0,(anonymous_10)
FNDA:0,(anonymous_11)
FNDA:1,(anonymous_12)
FNDA:0,(anonymous_13)
FNDA:5,(anonymous_14)
FNDA:0,(anonymous_15)
FNDA:0,(anonymous_16)
FNDA:0,(anonymous_17)
DA:3,1
DA:4,1
DA:6,1
DA:16,1
DA:23,14
DA:24,14
DA:25,14
DA:26,14
DA:28,14
DA:30,8
DA:31,0
DA:32,0
DA:37,8
DA:40,8
DA:41,8
DA:42,8
DA:43,0
DA:48,14
DA:50,0
DA:51,0
DA:52,0
DA:56,0
DA:59,14
DA:61,0
DA:62,0
DA:66,14
DA:67,1
DA:68,1
DA:69,1
DA:73,14
DA:74,0
DA:75,0
DA:88,5
DA:143,0
DA:150,0
DA:158,0
DA:180,8
LF:37
LH:23
BRDA:17,0,0,11
BRDA:18,1,0,10
BRDA:19,2,0,13
BRDA:31,3,0,0
BRDA:31,4,0,0
BRDA:31,4,1,0
BRDA:42,5,0,0
BRDA:50,6,0,0
BRDA:68,7,0,1
BRDA:95,8,0,1
BRDA:126,9,0,14
BRDA:155,10,0,5
BRF:12
BRH:7
end_of_record
TN:
SF:src/services/AuthService.ts
FN:21,(anonymous_7)
FN:34,(anonymous_8)
FN:47,(anonymous_9)
FN:62,(anonymous_10)
FN:64,(anonymous_11)
FN:92,(anonymous_12)
FN:94,(anonymous_13)
FN:128,(anonymous_14)
FN:130,(anonymous_15)
FNF:9
FNH:9
FNDA:2,(anonymous_7)
FNDA:3,(anonymous_8)
FNDA:1,(anonymous_9)
FNDA:2,(anonymous_10)
FNDA:2,(anonymous_11)
FNDA:2,(anonymous_12)
FNDA:2,(anonymous_13)
FNDA:2,(anonymous_14)
FNDA:2,(anonymous_15)
DA:10,2
DA:11,2
DA:14,2
DA:21,3
DA:22,2
DA:23,2
DA:25,1
DA:34,4
DA:35,3
DA:36,3
DA:37,3
DA:39,1
DA:40,1
DA:47,2
DA:48,1
DA:49,1
DA:51,0
DA:62,3
DA:64,2
DA:70,2
DA:71,1
DA:77,1
DA:92,3
DA:94,2
DA:97,2
DA:118,2
DA:128,3
DA:130,2
DA:133,2
LF:29
LH:28
BRDA:37,0,0,2
BRDA:37,0,1,1
BRDA:70,1,0,1
BRDA:70,1,1,1
BRDA:99,2,0,2
BRDA:99,2,1,1
BRDA:100,3,0,2
BRDA:100,3,1,0
BRDA:101,4,0,2
BRDA:101,4,1,1
BRDA:104,5,0,2
BRDA:104,5,1,2
BRDA:105,6,0,2
BRDA:105,6,1,2
BRDA:106,7,0,2
BRDA:106,7,1,2
BRDA:107,8,0,2
BRDA:107,8,1,2
BRDA:108,9,0,2
BRDA:108,9,1,2
BRF:20
BRH:19
end_of_record
TN:
SF:src/services/GPSTrackingService.ts
FN:20,(anonymous_4)
FN:40,(anonymous_5)
FN:81,(anonymous_6)
FNF:3
FNH:3
FNDA:4,(anonymous_4)
FNDA:5,(anonymous_5)
FNDA:4,(anonymous_6)
DA:8,2
DA:11,2
DA:20,5
DA:21,4
DA:23,4
DA:24,1
DA:26,3
DA:27,1
DA:31,4
DA:40,6
DA:41,5
DA:42,2
DA:46,3
DA:48,3
DA:54,1
DA:59,2
DA:61,2
DA:67,1
DA:71,1
DA:81,5
DA:82,4
DA:84,4
DA:85,2
DA:89,2
DA:91,1
DA:104,1
DA:105,1
DA:108,2
LF:28
LH:28
BRDA:23,0,0,1
BRDA:23,0,1,3
BRDA:26,1,0,1
BRDA:26,2,0,3
BRDA:26,2,1,3
BRDA:26,2,2,1
BRDA:41,3,0,2
BRDA:41,4,0,5
BRDA:41,4,1,5
BRDA:41,4,2,4
BRDA:46,5,0,3
BRDA:46,6,0,3
BRDA:46,6,1,3
BRDA:48,7,0,1
BRDA:59,8,0,2
BRDA:59,9,0,2
BRDA:59,9,1,2
BRDA:61,10,0,1
BRDA:84,11,0,2
BRDA:84,12,0,4
BRDA:84,12,1,3
BRDA:89,13,0,1
BRDA:89,14,0,2
BRDA:89,14,1,1
BRF:24
BRH:24
end_of_record
TN:
SF:src/utils/locationUtils.ts
FN:18,(anonymous_7)
FN:31,(anonymous_8)
FN:53,(anonymous_9)
FN:73,(anonymous_10)
FNF:4
FNH:4
FNDA:37,(anonymous_7)
FNDA:8,(anonymous_8)
FNDA:4,(anonymous_9)
FNDA:4,(anonymous_10)
DA:9,2
DA:10,2
DA:18,5
DA:19,37
DA:31,4
DA:32,8
DA:33,8
DA:35,8
DA:38,8
DA:39,8
DA:40,8
DA:53,4
DA:60,4
DA:61,4
DA:73,4
DA:78,4
LF:16
LH:16
BRDA:58,0,0,3
BRDA:76,1,0,3
BRF:2
BRH:2
end_of_record
